CRITICAL - 2026-04-05 21:10:28 --> ErrorException: Undefined variable $opaqueUrls
[Method: GET, Route: bestcafe/sw.js]
in APPPATH/Views/public/service_worker.php on line 9.
 1 APPPATH/Views/public/service_worker.php(9): CodeIgniter\Debug\Exceptions->errorHandler(2, 'Undefined variable $opaqueUrls', '/Users/vosidiy/Desktop/Webapps/cafemenu/app/Views/public/service_worker.php', 9)
 2 SYSTEMPATH/View/View.php(240): include('/Users/vosidiy/Desktop/Webapps/cafemenu/app/Views/public/service_worker.php')
 3 SYSTEMPATH/View/View.php(243): CodeIgniter\View\View->{closure:CodeIgniter\View\View::render():237}()
 4 SYSTEMPATH/Common.php(1250): CodeIgniter\View\View->render('public/service_worker', [], true)
 5 APPPATH/Controllers/PwaController.php(74): view('public/service_worker', [...])
 6 SYSTEMPATH/CodeIgniter.php(951): App\Controllers\PwaController->serviceWorker('bestcafe')
 7 SYSTEMPATH/CodeIgniter.php(497): CodeIgniter\CodeIgniter->runController(Object(App\Controllers\PwaController))
 8 SYSTEMPATH/CodeIgniter.php(340): CodeIgniter\CodeIgniter->handleRequest(null, Object(Config\Cache), false)
 9 SYSTEMPATH/Boot.php(417): CodeIgniter\CodeIgniter->run()
10 SYSTEMPATH/Boot.php(68): CodeIgniter\Boot::runCodeIgniter(Object(CodeIgniter\CodeIgniter))
11 FCPATH/index.php(59): CodeIgniter\Boot::bootWeb(Object(Config\Paths))
12 /Applications/Herd.app/Contents/Resources/valet/server.php(167): require('/Users/vosidiy/Desktop/Webapps/cafemenu/public/index.php')
CRITICAL - 2026-04-05 21:10:29 --> ErrorException: Undefined variable $opaqueUrls
[Method: GET, Route: bestcafe/sw.js]
in APPPATH/Views/public/service_worker.php on line 9.
 1 APPPATH/Views/public/service_worker.php(9): CodeIgniter\Debug\Exceptions->errorHandler(2, 'Undefined variable $opaqueUrls', '/Users/vosidiy/Desktop/Webapps/cafemenu/app/Views/public/service_worker.php', 9)
 2 SYSTEMPATH/View/View.php(240): include('/Users/vosidiy/Desktop/Webapps/cafemenu/app/Views/public/service_worker.php')
 3 SYSTEMPATH/View/View.php(243): CodeIgniter\View\View->{closure:CodeIgniter\View\View::render():237}()
 4 SYSTEMPATH/Common.php(1250): CodeIgniter\View\View->render('public/service_worker', [], true)
 5 APPPATH/Controllers/PwaController.php(74): view('public/service_worker', [...])
 6 SYSTEMPATH/CodeIgniter.php(951): App\Controllers\PwaController->serviceWorker('bestcafe')
 7 SYSTEMPATH/CodeIgniter.php(497): CodeIgniter\CodeIgniter->runController(Object(App\Controllers\PwaController))
 8 SYSTEMPATH/CodeIgniter.php(340): CodeIgniter\CodeIgniter->handleRequest(null, Object(Config\Cache), false)
 9 SYSTEMPATH/Boot.php(417): CodeIgniter\CodeIgniter->run()
10 SYSTEMPATH/Boot.php(68): CodeIgniter\Boot::runCodeIgniter(Object(CodeIgniter\CodeIgniter))
11 FCPATH/index.php(59): CodeIgniter\Boot::bootWeb(Object(Config\Paths))
12 /Applications/Herd.app/Contents/Resources/valet/server.php(167): require('/Users/vosidiy/Desktop/Webapps/cafemenu/public/index.php')
CRITICAL - 2026-04-05 21:10:33 --> ErrorException: Undefined variable $opaqueUrls
[Method: GET, Route: bestcafe/sw.js]
in APPPATH/Views/public/service_worker.php on line 9.
 1 APPPATH/Views/public/service_worker.php(9): CodeIgniter\Debug\Exceptions->errorHandler(2, 'Undefined variable $opaqueUrls', '/Users/vosidiy/Desktop/Webapps/cafemenu/app/Views/public/service_worker.php', 9)
 2 SYSTEMPATH/View/View.php(240): include('/Users/vosidiy/Desktop/Webapps/cafemenu/app/Views/public/service_worker.php')
 3 SYSTEMPATH/View/View.php(243): CodeIgniter\View\View->{closure:CodeIgniter\View\View::render():237}()
 4 SYSTEMPATH/Common.php(1250): CodeIgniter\View\View->render('public/service_worker', [], true)
 5 APPPATH/Controllers/PwaController.php(74): view('public/service_worker', [...])
 6 SYSTEMPATH/CodeIgniter.php(951): App\Controllers\PwaController->serviceWorker('bestcafe')
 7 SYSTEMPATH/CodeIgniter.php(497): CodeIgniter\CodeIgniter->runController(Object(App\Controllers\PwaController))
 8 SYSTEMPATH/CodeIgniter.php(340): CodeIgniter\CodeIgniter->handleRequest(null, Object(Config\Cache), false)
 9 SYSTEMPATH/Boot.php(417): CodeIgniter\CodeIgniter->run()
10 SYSTEMPATH/Boot.php(68): CodeIgniter\Boot::runCodeIgniter(Object(CodeIgniter\CodeIgniter))
11 FCPATH/index.php(59): CodeIgniter\Boot::bootWeb(Object(Config\Paths))
12 /Applications/Herd.app/Contents/Resources/valet/server.php(167): require('/Users/vosidiy/Desktop/Webapps/cafemenu/public/index.php')
CRITICAL - 2026-04-05 21:13:25 --> ErrorException: Undefined variable $opaqueUrls
[Method: GET, Route: bestcafe/sw.js]
in APPPATH/Views/public/service_worker.php on line 9.
 1 APPPATH/Views/public/service_worker.php(9): CodeIgniter\Debug\Exceptions->errorHandler(2, 'Undefined variable $opaqueUrls', '/Users/vosidiy/Desktop/Webapps/cafemenu/app/Views/public/service_worker.php', 9)
 2 SYSTEMPATH/View/View.php(240): include('/Users/vosidiy/Desktop/Webapps/cafemenu/app/Views/public/service_worker.php')
 3 SYSTEMPATH/View/View.php(243): CodeIgniter\View\View->{closure:CodeIgniter\View\View::render():237}()
 4 SYSTEMPATH/Common.php(1250): CodeIgniter\View\View->render('public/service_worker', [], true)
 5 APPPATH/Controllers/PwaController.php(74): view('public/service_worker', [...])
 6 SYSTEMPATH/CodeIgniter.php(951): App\Controllers\PwaController->serviceWorker('bestcafe')
 7 SYSTEMPATH/CodeIgniter.php(497): CodeIgniter\CodeIgniter->runController(Object(App\Controllers\PwaController))
 8 SYSTEMPATH/CodeIgniter.php(340): CodeIgniter\CodeIgniter->handleRequest(null, Object(Config\Cache), false)
 9 SYSTEMPATH/Boot.php(417): CodeIgniter\CodeIgniter->run()
10 SYSTEMPATH/Boot.php(68): CodeIgniter\Boot::runCodeIgniter(Object(CodeIgniter\CodeIgniter))
11 FCPATH/index.php(59): CodeIgniter\Boot::bootWeb(Object(Config\Paths))
12 /Applications/Herd.app/Contents/Resources/valet/server.php(167): require('/Users/vosidiy/Desktop/Webapps/cafemenu/public/index.php')
CRITICAL - 2026-04-05 21:13:27 --> ErrorException: Undefined variable $opaqueUrls
[Method: GET, Route: bestcafe/sw.js]
in APPPATH/Views/public/service_worker.php on line 9.
 1 APPPATH/Views/public/service_worker.php(9): CodeIgniter\Debug\Exceptions->errorHandler(2, 'Undefined variable $opaqueUrls', '/Users/vosidiy/Desktop/Webapps/cafemenu/app/Views/public/service_worker.php', 9)
 2 SYSTEMPATH/View/View.php(240): include('/Users/vosidiy/Desktop/Webapps/cafemenu/app/Views/public/service_worker.php')
 3 SYSTEMPATH/View/View.php(243): CodeIgniter\View\View->{closure:CodeIgniter\View\View::render():237}()
 4 SYSTEMPATH/Common.php(1250): CodeIgniter\View\View->render('public/service_worker', [], true)
 5 APPPATH/Controllers/PwaController.php(74): view('public/service_worker', [...])
 6 SYSTEMPATH/CodeIgniter.php(951): App\Controllers\PwaController->serviceWorker('bestcafe')
 7 SYSTEMPATH/CodeIgniter.php(497): CodeIgniter\CodeIgniter->runController(Object(App\Controllers\PwaController))
 8 SYSTEMPATH/CodeIgniter.php(340): CodeIgniter\CodeIgniter->handleRequest(null, Object(Config\Cache), false)
 9 SYSTEMPATH/Boot.php(417): CodeIgniter\CodeIgniter->run()
10 SYSTEMPATH/Boot.php(68): CodeIgniter\Boot::runCodeIgniter(Object(CodeIgniter\CodeIgniter))
11 FCPATH/index.php(59): CodeIgniter\Boot::bootWeb(Object(Config\Paths))
12 /Applications/Herd.app/Contents/Resources/valet/server.php(167): require('/Users/vosidiy/Desktop/Webapps/cafemenu/public/index.php')
