ERROR - 2026-04-04 14:00:15 --> Error connecting to the database: mysqli_sql_exception: Connection refused in /Users/vosidiy/Desktop/Webapps/cafemenu/system/Database/MySQLi/Connection.php:201
Stack trace:
#0 /Users/vosidiy/Desktop/Webapps/cafemenu/system/Database/MySQLi/Connection.php(201): mysqli->real_connect('127.0.0.1', 'root', Object(SensitiveParameterValue), 'cafemenu', 3306, '', 0)
#1 /Users/vosidiy/Desktop/Webapps/cafemenu/system/Database/BaseConnection.php(555): CodeIgniter\Database\MySQLi\Connection->connect(false)
#2 /Users/vosidiy/Desktop/Webapps/cafemenu/system/Database/BaseConnection.php(795): CodeIgniter\Database\BaseConnection->initialize()
#3 /Users/vosidiy/Desktop/Webapps/cafemenu/system/Database/BaseBuilder.php(1649): CodeIgniter\Database\BaseConnection->query('SELECT *\nFROM `...', Array, false)
#4 /Users/vosidiy/Desktop/Webapps/cafemenu/system/Model.php(295): CodeIgniter\Database\BaseBuilder->get()
#5 /Users/vosidiy/Desktop/Webapps/cafemenu/system/BaseModel.php(714): CodeIgniter\Model->doFirst()
#6 /Users/vosidiy/Desktop/Webapps/cafemenu/app/Models/CafeModel.php(52): CodeIgniter\BaseModel->first()
#7 /Users/vosidiy/Desktop/Webapps/cafemenu/app/Services/MenuBuilderService.php(21): App\Models\CafeModel->findActiveByUsername('daryo')
#8 /Users/vosidiy/Desktop/Webapps/cafemenu/app/Controllers/MenuJsonController.php(17): App\Services\MenuBuilderService->buildByUsername('daryo')
#9 /Users/vosidiy/Desktop/Webapps/cafemenu/system/CodeIgniter.php(951): App\Controllers\MenuJsonController->index('daryo')
#10 /Users/vosidiy/Desktop/Webapps/cafemenu/system/CodeIgniter.php(497): CodeIgniter\CodeIgniter->runController(Object(App\Controllers\MenuJsonController))
#11 /Users/vosidiy/Desktop/Webapps/cafemenu/system/CodeIgniter.php(340): CodeIgniter\CodeIgniter->handleRequest(NULL, Object(Config\Cache), false)
#12 /Users/vosidiy/Desktop/Webapps/cafemenu/system/Boot.php(417): CodeIgniter\CodeIgniter->run()
#13 /Users/vosidiy/Desktop/Webapps/cafemenu/system/Boot.php(68): CodeIgniter\Boot::runCodeIgniter(Object(CodeIgniter\CodeIgniter))
#14 /Users/vosidiy/Desktop/Webapps/cafemenu/public/index.php(59): CodeIgniter\Boot::bootWeb(Object(Config\Paths))
#15 /Applications/Herd.app/Contents/Resources/valet/server.php(167): require('/Users/vosidiy/...')
#16 {main}

Next CodeIgniter\Database\Exceptions\DatabaseException: Connection refused in /Users/vosidiy/Desktop/Webapps/cafemenu/system/Database/MySQLi/Connection.php:231
Stack trace:
#0 /Users/vosidiy/Desktop/Webapps/cafemenu/system/Database/BaseConnection.php(555): CodeIgniter\Database\MySQLi\Connection->connect(false)
#1 /Users/vosidiy/Desktop/Webapps/cafemenu/system/Database/BaseConnection.php(795): CodeIgniter\Database\BaseConnection->initialize()
#2 /Users/vosidiy/Desktop/Webapps/cafemenu/system/Database/BaseBuilder.php(1649): CodeIgniter\Database\BaseConnection->query('SELECT *\nFROM `...', Array, false)
#3 /Users/vosidiy/Desktop/Webapps/cafemenu/system/Model.php(295): CodeIgniter\Database\BaseBuilder->get()
#4 /Users/vosidiy/Desktop/Webapps/cafemenu/system/BaseModel.php(714): CodeIgniter\Model->doFirst()
#5 /Users/vosidiy/Desktop/Webapps/cafemenu/app/Models/CafeModel.php(52): CodeIgniter\BaseModel->first()
#6 /Users/vosidiy/Desktop/Webapps/cafemenu/app/Services/MenuBuilderService.php(21): App\Models\CafeModel->findActiveByUsername('daryo')
#7 /Users/vosidiy/Desktop/Webapps/cafemenu/app/Controllers/MenuJsonController.php(17): App\Services\MenuBuilderService->buildByUsername('daryo')
#8 /Users/vosidiy/Desktop/Webapps/cafemenu/system/CodeIgniter.php(951): App\Controllers\MenuJsonController->index('daryo')
#9 /Users/vosidiy/Desktop/Webapps/cafemenu/system/CodeIgniter.php(497): CodeIgniter\CodeIgniter->runController(Object(App\Controllers\MenuJsonController))
#10 /Users/vosidiy/Desktop/Webapps/cafemenu/system/CodeIgniter.php(340): CodeIgniter\CodeIgniter->handleRequest(NULL, Object(Config\Cache), false)
#11 /Users/vosidiy/Desktop/Webapps/cafemenu/system/Boot.php(417): CodeIgniter\CodeIgniter->run()
#12 /Users/vosidiy/Desktop/Webapps/cafemenu/system/Boot.php(68): CodeIgniter\Boot::runCodeIgniter(Object(CodeIgniter\CodeIgniter))
#13 /Users/vosidiy/Desktop/Webapps/cafemenu/public/index.php(59): CodeIgniter\Boot::bootWeb(Object(Config\Paths))
#14 /Applications/Herd.app/Contents/Resources/valet/server.php(167): require('/Users/vosidiy/...')
#15 {main}
CRITICAL - 2026-04-04 14:00:15 --> CodeIgniter\Database\Exceptions\DatabaseException: Unable to connect to the database.
Main connection [MySQLi]: Connection refused
[Method: GET, Route: daryo/menu]
in SYSTEMPATH/Database/BaseConnection.php on line 606.
 1 SYSTEMPATH/Database/BaseConnection.php(795): CodeIgniter\Database\BaseConnection->initialize()
 2 SYSTEMPATH/Database/BaseBuilder.php(1649): CodeIgniter\Database\BaseConnection->query('SELECT *
FROM `cafes`
WHERE `username` = :username:
AND `status` = :status:
 LIMIT 1', [...], false)
 3 SYSTEMPATH/Model.php(295): CodeIgniter\Database\BaseBuilder->get()
 4 SYSTEMPATH/BaseModel.php(714): CodeIgniter\Model->doFirst()
 5 APPPATH/Models/CafeModel.php(52): CodeIgniter\BaseModel->first()
 6 APPPATH/Services/MenuBuilderService.php(21): App\Models\CafeModel->findActiveByUsername('daryo')
 7 APPPATH/Controllers/MenuJsonController.php(17): App\Services\MenuBuilderService->buildByUsername('daryo')
 8 SYSTEMPATH/CodeIgniter.php(951): App\Controllers\MenuJsonController->index('daryo')
 9 SYSTEMPATH/CodeIgniter.php(497): CodeIgniter\CodeIgniter->runController(Object(App\Controllers\MenuJsonController))
10 SYSTEMPATH/CodeIgniter.php(340): CodeIgniter\CodeIgniter->handleRequest(null, Object(Config\Cache), false)
11 SYSTEMPATH/Boot.php(417): CodeIgniter\CodeIgniter->run()
12 SYSTEMPATH/Boot.php(68): CodeIgniter\Boot::runCodeIgniter(Object(CodeIgniter\CodeIgniter))
13 FCPATH/index.php(59): CodeIgniter\Boot::bootWeb(Object(Config\Paths))
14 /Applications/Herd.app/Contents/Resources/valet/server.php(167): require('/Users/vosidiy/Desktop/Webapps/cafemenu/public/index.php')
ERROR - 2026-04-04 14:00:18 --> Error connecting to the database: mysqli_sql_exception: Connection refused in /Users/vosidiy/Desktop/Webapps/cafemenu/system/Database/MySQLi/Connection.php:201
Stack trace:
#0 /Users/vosidiy/Desktop/Webapps/cafemenu/system/Database/MySQLi/Connection.php(201): mysqli->real_connect('127.0.0.1', 'root', Object(SensitiveParameterValue), 'cafemenu', 3306, '', 0)
#1 /Users/vosidiy/Desktop/Webapps/cafemenu/system/Database/BaseConnection.php(555): CodeIgniter\Database\MySQLi\Connection->connect(false)
#2 /Users/vosidiy/Desktop/Webapps/cafemenu/system/Database/BaseConnection.php(795): CodeIgniter\Database\BaseConnection->initialize()
#3 /Users/vosidiy/Desktop/Webapps/cafemenu/system/Database/BaseBuilder.php(1649): CodeIgniter\Database\BaseConnection->query('SELECT *\nFROM `...', Array, false)
#4 /Users/vosidiy/Desktop/Webapps/cafemenu/system/Model.php(295): CodeIgniter\Database\BaseBuilder->get()
#5 /Users/vosidiy/Desktop/Webapps/cafemenu/system/BaseModel.php(714): CodeIgniter\Model->doFirst()
#6 /Users/vosidiy/Desktop/Webapps/cafemenu/app/Models/CafeModel.php(52): CodeIgniter\BaseModel->first()
#7 /Users/vosidiy/Desktop/Webapps/cafemenu/app/Services/CafeService.php(35): App\Models\CafeModel->findActiveByUsername('daryo')
#8 /Users/vosidiy/Desktop/Webapps/cafemenu/app/Controllers/PublicController.php(17): App\Services\CafeService->getActiveCafeByUsername('daryo')
#9 /Users/vosidiy/Desktop/Webapps/cafemenu/system/CodeIgniter.php(951): App\Controllers\PublicController->index('daryo')
#10 /Users/vosidiy/Desktop/Webapps/cafemenu/system/CodeIgniter.php(497): CodeIgniter\CodeIgniter->runController(Object(App\Controllers\PublicController))
#11 /Users/vosidiy/Desktop/Webapps/cafemenu/system/CodeIgniter.php(340): CodeIgniter\CodeIgniter->handleRequest(NULL, Object(Config\Cache), false)
#12 /Users/vosidiy/Desktop/Webapps/cafemenu/system/Boot.php(417): CodeIgniter\CodeIgniter->run()
#13 /Users/vosidiy/Desktop/Webapps/cafemenu/system/Boot.php(68): CodeIgniter\Boot::runCodeIgniter(Object(CodeIgniter\CodeIgniter))
#14 /Users/vosidiy/Desktop/Webapps/cafemenu/public/index.php(59): CodeIgniter\Boot::bootWeb(Object(Config\Paths))
#15 /Applications/Herd.app/Contents/Resources/valet/server.php(167): require('/Users/vosidiy/...')
#16 {main}

Next CodeIgniter\Database\Exceptions\DatabaseException: Connection refused in /Users/vosidiy/Desktop/Webapps/cafemenu/system/Database/MySQLi/Connection.php:231
Stack trace:
#0 /Users/vosidiy/Desktop/Webapps/cafemenu/system/Database/BaseConnection.php(555): CodeIgniter\Database\MySQLi\Connection->connect(false)
#1 /Users/vosidiy/Desktop/Webapps/cafemenu/system/Database/BaseConnection.php(795): CodeIgniter\Database\BaseConnection->initialize()
#2 /Users/vosidiy/Desktop/Webapps/cafemenu/system/Database/BaseBuilder.php(1649): CodeIgniter\Database\BaseConnection->query('SELECT *\nFROM `...', Array, false)
#3 /Users/vosidiy/Desktop/Webapps/cafemenu/system/Model.php(295): CodeIgniter\Database\BaseBuilder->get()
#4 /Users/vosidiy/Desktop/Webapps/cafemenu/system/BaseModel.php(714): CodeIgniter\Model->doFirst()
#5 /Users/vosidiy/Desktop/Webapps/cafemenu/app/Models/CafeModel.php(52): CodeIgniter\BaseModel->first()
#6 /Users/vosidiy/Desktop/Webapps/cafemenu/app/Services/CafeService.php(35): App\Models\CafeModel->findActiveByUsername('daryo')
#7 /Users/vosidiy/Desktop/Webapps/cafemenu/app/Controllers/PublicController.php(17): App\Services\CafeService->getActiveCafeByUsername('daryo')
#8 /Users/vosidiy/Desktop/Webapps/cafemenu/system/CodeIgniter.php(951): App\Controllers\PublicController->index('daryo')
#9 /Users/vosidiy/Desktop/Webapps/cafemenu/system/CodeIgniter.php(497): CodeIgniter\CodeIgniter->runController(Object(App\Controllers\PublicController))
#10 /Users/vosidiy/Desktop/Webapps/cafemenu/system/CodeIgniter.php(340): CodeIgniter\CodeIgniter->handleRequest(NULL, Object(Config\Cache), false)
#11 /Users/vosidiy/Desktop/Webapps/cafemenu/system/Boot.php(417): CodeIgniter\CodeIgniter->run()
#12 /Users/vosidiy/Desktop/Webapps/cafemenu/system/Boot.php(68): CodeIgniter\Boot::runCodeIgniter(Object(CodeIgniter\CodeIgniter))
#13 /Users/vosidiy/Desktop/Webapps/cafemenu/public/index.php(59): CodeIgniter\Boot::bootWeb(Object(Config\Paths))
#14 /Applications/Herd.app/Contents/Resources/valet/server.php(167): require('/Users/vosidiy/...')
#15 {main}
CRITICAL - 2026-04-04 14:00:18 --> CodeIgniter\Database\Exceptions\DatabaseException: Unable to connect to the database.
Main connection [MySQLi]: Connection refused
[Method: GET, Route: daryo/]
in SYSTEMPATH/Database/BaseConnection.php on line 606.
 1 SYSTEMPATH/Database/BaseConnection.php(795): CodeIgniter\Database\BaseConnection->initialize()
 2 SYSTEMPATH/Database/BaseBuilder.php(1649): CodeIgniter\Database\BaseConnection->query('SELECT *
FROM `cafes`
WHERE `username` = :username:
AND `status` = :status:
 LIMIT 1', [...], false)
 3 SYSTEMPATH/Model.php(295): CodeIgniter\Database\BaseBuilder->get()
 4 SYSTEMPATH/BaseModel.php(714): CodeIgniter\Model->doFirst()
 5 APPPATH/Models/CafeModel.php(52): CodeIgniter\BaseModel->first()
 6 APPPATH/Services/CafeService.php(35): App\Models\CafeModel->findActiveByUsername('daryo')
 7 APPPATH/Controllers/PublicController.php(17): App\Services\CafeService->getActiveCafeByUsername('daryo')
 8 SYSTEMPATH/CodeIgniter.php(951): App\Controllers\PublicController->index('daryo')
 9 SYSTEMPATH/CodeIgniter.php(497): CodeIgniter\CodeIgniter->runController(Object(App\Controllers\PublicController))
10 SYSTEMPATH/CodeIgniter.php(340): CodeIgniter\CodeIgniter->handleRequest(null, Object(Config\Cache), false)
11 SYSTEMPATH/Boot.php(417): CodeIgniter\CodeIgniter->run()
12 SYSTEMPATH/Boot.php(68): CodeIgniter\Boot::runCodeIgniter(Object(CodeIgniter\CodeIgniter))
13 FCPATH/index.php(59): CodeIgniter\Boot::bootWeb(Object(Config\Paths))
14 /Applications/Herd.app/Contents/Resources/valet/server.php(167): require('/Users/vosidiy/Desktop/Webapps/cafemenu/public/index.php')
ERROR - 2026-04-04 14:00:23 --> Error connecting to the database: mysqli_sql_exception: Connection refused in /Users/vosidiy/Desktop/Webapps/cafemenu/system/Database/MySQLi/Connection.php:201
Stack trace:
#0 /Users/vosidiy/Desktop/Webapps/cafemenu/system/Database/MySQLi/Connection.php(201): mysqli->real_connect('127.0.0.1', 'root', Object(SensitiveParameterValue), 'cafemenu', 3306, '', 0)
#1 /Users/vosidiy/Desktop/Webapps/cafemenu/system/Database/BaseConnection.php(555): CodeIgniter\Database\MySQLi\Connection->connect(false)
#2 /Users/vosidiy/Desktop/Webapps/cafemenu/system/Database/BaseConnection.php(795): CodeIgniter\Database\BaseConnection->initialize()
#3 /Users/vosidiy/Desktop/Webapps/cafemenu/system/Database/BaseBuilder.php(1649): CodeIgniter\Database\BaseConnection->query('SELECT *\nFROM `...', Array, false)
#4 /Users/vosidiy/Desktop/Webapps/cafemenu/system/Model.php(295): CodeIgniter\Database\BaseBuilder->get()
#5 /Users/vosidiy/Desktop/Webapps/cafemenu/system/BaseModel.php(714): CodeIgniter\Model->doFirst()
#6 /Users/vosidiy/Desktop/Webapps/cafemenu/app/Models/CafeModel.php(52): CodeIgniter\BaseModel->first()
#7 /Users/vosidiy/Desktop/Webapps/cafemenu/app/Services/CafeService.php(35): App\Models\CafeModel->findActiveByUsername('bestcafe')
#8 /Users/vosidiy/Desktop/Webapps/cafemenu/app/Controllers/PublicController.php(17): App\Services\CafeService->getActiveCafeByUsername('bestcafe')
#9 /Users/vosidiy/Desktop/Webapps/cafemenu/system/CodeIgniter.php(951): App\Controllers\PublicController->index('bestcafe')
#10 /Users/vosidiy/Desktop/Webapps/cafemenu/system/CodeIgniter.php(497): CodeIgniter\CodeIgniter->runController(Object(App\Controllers\PublicController))
#11 /Users/vosidiy/Desktop/Webapps/cafemenu/system/CodeIgniter.php(340): CodeIgniter\CodeIgniter->handleRequest(NULL, Object(Config\Cache), false)
#12 /Users/vosidiy/Desktop/Webapps/cafemenu/system/Boot.php(417): CodeIgniter\CodeIgniter->run()
#13 /Users/vosidiy/Desktop/Webapps/cafemenu/system/Boot.php(68): CodeIgniter\Boot::runCodeIgniter(Object(CodeIgniter\CodeIgniter))
#14 /Users/vosidiy/Desktop/Webapps/cafemenu/public/index.php(59): CodeIgniter\Boot::bootWeb(Object(Config\Paths))
#15 /Applications/Herd.app/Contents/Resources/valet/server.php(167): require('/Users/vosidiy/...')
#16 {main}

Next CodeIgniter\Database\Exceptions\DatabaseException: Connection refused in /Users/vosidiy/Desktop/Webapps/cafemenu/system/Database/MySQLi/Connection.php:231
Stack trace:
#0 /Users/vosidiy/Desktop/Webapps/cafemenu/system/Database/BaseConnection.php(555): CodeIgniter\Database\MySQLi\Connection->connect(false)
#1 /Users/vosidiy/Desktop/Webapps/cafemenu/system/Database/BaseConnection.php(795): CodeIgniter\Database\BaseConnection->initialize()
#2 /Users/vosidiy/Desktop/Webapps/cafemenu/system/Database/BaseBuilder.php(1649): CodeIgniter\Database\BaseConnection->query('SELECT *\nFROM `...', Array, false)
#3 /Users/vosidiy/Desktop/Webapps/cafemenu/system/Model.php(295): CodeIgniter\Database\BaseBuilder->get()
#4 /Users/vosidiy/Desktop/Webapps/cafemenu/system/BaseModel.php(714): CodeIgniter\Model->doFirst()
#5 /Users/vosidiy/Desktop/Webapps/cafemenu/app/Models/CafeModel.php(52): CodeIgniter\BaseModel->first()
#6 /Users/vosidiy/Desktop/Webapps/cafemenu/app/Services/CafeService.php(35): App\Models\CafeModel->findActiveByUsername('bestcafe')
#7 /Users/vosidiy/Desktop/Webapps/cafemenu/app/Controllers/PublicController.php(17): App\Services\CafeService->getActiveCafeByUsername('bestcafe')
#8 /Users/vosidiy/Desktop/Webapps/cafemenu/system/CodeIgniter.php(951): App\Controllers\PublicController->index('bestcafe')
#9 /Users/vosidiy/Desktop/Webapps/cafemenu/system/CodeIgniter.php(497): CodeIgniter\CodeIgniter->runController(Object(App\Controllers\PublicController))
#10 /Users/vosidiy/Desktop/Webapps/cafemenu/system/CodeIgniter.php(340): CodeIgniter\CodeIgniter->handleRequest(NULL, Object(Config\Cache), false)
#11 /Users/vosidiy/Desktop/Webapps/cafemenu/system/Boot.php(417): CodeIgniter\CodeIgniter->run()
#12 /Users/vosidiy/Desktop/Webapps/cafemenu/system/Boot.php(68): CodeIgniter\Boot::runCodeIgniter(Object(CodeIgniter\CodeIgniter))
#13 /Users/vosidiy/Desktop/Webapps/cafemenu/public/index.php(59): CodeIgniter\Boot::bootWeb(Object(Config\Paths))
#14 /Applications/Herd.app/Contents/Resources/valet/server.php(167): require('/Users/vosidiy/...')
#15 {main}
CRITICAL - 2026-04-04 14:00:23 --> CodeIgniter\Database\Exceptions\DatabaseException: Unable to connect to the database.
Main connection [MySQLi]: Connection refused
[Method: GET, Route: bestcafe/]
in SYSTEMPATH/Database/BaseConnection.php on line 606.
 1 SYSTEMPATH/Database/BaseConnection.php(795): CodeIgniter\Database\BaseConnection->initialize()
 2 SYSTEMPATH/Database/BaseBuilder.php(1649): CodeIgniter\Database\BaseConnection->query('SELECT *
FROM `cafes`
WHERE `username` = :username:
AND `status` = :status:
 LIMIT 1', [...], false)
 3 SYSTEMPATH/Model.php(295): CodeIgniter\Database\BaseBuilder->get()
 4 SYSTEMPATH/BaseModel.php(714): CodeIgniter\Model->doFirst()
 5 APPPATH/Models/CafeModel.php(52): CodeIgniter\BaseModel->first()
 6 APPPATH/Services/CafeService.php(35): App\Models\CafeModel->findActiveByUsername('bestcafe')
 7 APPPATH/Controllers/PublicController.php(17): App\Services\CafeService->getActiveCafeByUsername('bestcafe')
 8 SYSTEMPATH/CodeIgniter.php(951): App\Controllers\PublicController->index('bestcafe')
 9 SYSTEMPATH/CodeIgniter.php(497): CodeIgniter\CodeIgniter->runController(Object(App\Controllers\PublicController))
10 SYSTEMPATH/CodeIgniter.php(340): CodeIgniter\CodeIgniter->handleRequest(null, Object(Config\Cache), false)
11 SYSTEMPATH/Boot.php(417): CodeIgniter\CodeIgniter->run()
12 SYSTEMPATH/Boot.php(68): CodeIgniter\Boot::runCodeIgniter(Object(CodeIgniter\CodeIgniter))
13 FCPATH/index.php(59): CodeIgniter\Boot::bootWeb(Object(Config\Paths))
14 /Applications/Herd.app/Contents/Resources/valet/server.php(167): require('/Users/vosidiy/Desktop/Webapps/cafemenu/public/index.php')
ERROR - 2026-04-04 14:00:25 --> Error connecting to the database: mysqli_sql_exception: Connection refused in /Users/vosidiy/Desktop/Webapps/cafemenu/system/Database/MySQLi/Connection.php:201
Stack trace:
#0 /Users/vosidiy/Desktop/Webapps/cafemenu/system/Database/MySQLi/Connection.php(201): mysqli->real_connect('127.0.0.1', 'root', Object(SensitiveParameterValue), 'cafemenu', 3306, '', 0)
#1 /Users/vosidiy/Desktop/Webapps/cafemenu/system/Database/BaseConnection.php(555): CodeIgniter\Database\MySQLi\Connection->connect(false)
#2 /Users/vosidiy/Desktop/Webapps/cafemenu/system/Database/BaseConnection.php(795): CodeIgniter\Database\BaseConnection->initialize()
#3 /Users/vosidiy/Desktop/Webapps/cafemenu/system/Database/BaseBuilder.php(1649): CodeIgniter\Database\BaseConnection->query('SELECT *\nFROM `...', Array, false)
#4 /Users/vosidiy/Desktop/Webapps/cafemenu/system/Model.php(295): CodeIgniter\Database\BaseBuilder->get()
#5 /Users/vosidiy/Desktop/Webapps/cafemenu/system/BaseModel.php(714): CodeIgniter\Model->doFirst()
#6 /Users/vosidiy/Desktop/Webapps/cafemenu/app/Models/CafeModel.php(52): CodeIgniter\BaseModel->first()
#7 /Users/vosidiy/Desktop/Webapps/cafemenu/app/Services/CafeService.php(35): App\Models\CafeModel->findActiveByUsername('bestcafe')
#8 /Users/vosidiy/Desktop/Webapps/cafemenu/app/Controllers/PublicController.php(17): App\Services\CafeService->getActiveCafeByUsername('bestcafe')
#9 /Users/vosidiy/Desktop/Webapps/cafemenu/system/CodeIgniter.php(951): App\Controllers\PublicController->index('bestcafe')
#10 /Users/vosidiy/Desktop/Webapps/cafemenu/system/CodeIgniter.php(497): CodeIgniter\CodeIgniter->runController(Object(App\Controllers\PublicController))
#11 /Users/vosidiy/Desktop/Webapps/cafemenu/system/CodeIgniter.php(340): CodeIgniter\CodeIgniter->handleRequest(NULL, Object(Config\Cache), false)
#12 /Users/vosidiy/Desktop/Webapps/cafemenu/system/Boot.php(417): CodeIgniter\CodeIgniter->run()
#13 /Users/vosidiy/Desktop/Webapps/cafemenu/system/Boot.php(68): CodeIgniter\Boot::runCodeIgniter(Object(CodeIgniter\CodeIgniter))
#14 /Users/vosidiy/Desktop/Webapps/cafemenu/public/index.php(59): CodeIgniter\Boot::bootWeb(Object(Config\Paths))
#15 /Applications/Herd.app/Contents/Resources/valet/server.php(167): require('/Users/vosidiy/...')
#16 {main}

Next CodeIgniter\Database\Exceptions\DatabaseException: Connection refused in /Users/vosidiy/Desktop/Webapps/cafemenu/system/Database/MySQLi/Connection.php:231
Stack trace:
#0 /Users/vosidiy/Desktop/Webapps/cafemenu/system/Database/BaseConnection.php(555): CodeIgniter\Database\MySQLi\Connection->connect(false)
#1 /Users/vosidiy/Desktop/Webapps/cafemenu/system/Database/BaseConnection.php(795): CodeIgniter\Database\BaseConnection->initialize()
#2 /Users/vosidiy/Desktop/Webapps/cafemenu/system/Database/BaseBuilder.php(1649): CodeIgniter\Database\BaseConnection->query('SELECT *\nFROM `...', Array, false)
#3 /Users/vosidiy/Desktop/Webapps/cafemenu/system/Model.php(295): CodeIgniter\Database\BaseBuilder->get()
#4 /Users/vosidiy/Desktop/Webapps/cafemenu/system/BaseModel.php(714): CodeIgniter\Model->doFirst()
#5 /Users/vosidiy/Desktop/Webapps/cafemenu/app/Models/CafeModel.php(52): CodeIgniter\BaseModel->first()
#6 /Users/vosidiy/Desktop/Webapps/cafemenu/app/Services/CafeService.php(35): App\Models\CafeModel->findActiveByUsername('bestcafe')
#7 /Users/vosidiy/Desktop/Webapps/cafemenu/app/Controllers/PublicController.php(17): App\Services\CafeService->getActiveCafeByUsername('bestcafe')
#8 /Users/vosidiy/Desktop/Webapps/cafemenu/system/CodeIgniter.php(951): App\Controllers\PublicController->index('bestcafe')
#9 /Users/vosidiy/Desktop/Webapps/cafemenu/system/CodeIgniter.php(497): CodeIgniter\CodeIgniter->runController(Object(App\Controllers\PublicController))
#10 /Users/vosidiy/Desktop/Webapps/cafemenu/system/CodeIgniter.php(340): CodeIgniter\CodeIgniter->handleRequest(NULL, Object(Config\Cache), false)
#11 /Users/vosidiy/Desktop/Webapps/cafemenu/system/Boot.php(417): CodeIgniter\CodeIgniter->run()
#12 /Users/vosidiy/Desktop/Webapps/cafemenu/system/Boot.php(68): CodeIgniter\Boot::runCodeIgniter(Object(CodeIgniter\CodeIgniter))
#13 /Users/vosidiy/Desktop/Webapps/cafemenu/public/index.php(59): CodeIgniter\Boot::bootWeb(Object(Config\Paths))
#14 /Applications/Herd.app/Contents/Resources/valet/server.php(167): require('/Users/vosidiy/...')
#15 {main}
CRITICAL - 2026-04-04 14:00:25 --> CodeIgniter\Database\Exceptions\DatabaseException: Unable to connect to the database.
Main connection [MySQLi]: Connection refused
[Method: GET, Route: bestcafe/]
in SYSTEMPATH/Database/BaseConnection.php on line 606.
 1 SYSTEMPATH/Database/BaseConnection.php(795): CodeIgniter\Database\BaseConnection->initialize()
 2 SYSTEMPATH/Database/BaseBuilder.php(1649): CodeIgniter\Database\BaseConnection->query('SELECT *
FROM `cafes`
WHERE `username` = :username:
AND `status` = :status:
 LIMIT 1', [...], false)
 3 SYSTEMPATH/Model.php(295): CodeIgniter\Database\BaseBuilder->get()
 4 SYSTEMPATH/BaseModel.php(714): CodeIgniter\Model->doFirst()
 5 APPPATH/Models/CafeModel.php(52): CodeIgniter\BaseModel->first()
 6 APPPATH/Services/CafeService.php(35): App\Models\CafeModel->findActiveByUsername('bestcafe')
 7 APPPATH/Controllers/PublicController.php(17): App\Services\CafeService->getActiveCafeByUsername('bestcafe')
 8 SYSTEMPATH/CodeIgniter.php(951): App\Controllers\PublicController->index('bestcafe')
 9 SYSTEMPATH/CodeIgniter.php(497): CodeIgniter\CodeIgniter->runController(Object(App\Controllers\PublicController))
10 SYSTEMPATH/CodeIgniter.php(340): CodeIgniter\CodeIgniter->handleRequest(null, Object(Config\Cache), false)
11 SYSTEMPATH/Boot.php(417): CodeIgniter\CodeIgniter->run()
12 SYSTEMPATH/Boot.php(68): CodeIgniter\Boot::runCodeIgniter(Object(CodeIgniter\CodeIgniter))
13 FCPATH/index.php(59): CodeIgniter\Boot::bootWeb(Object(Config\Paths))
14 /Applications/Herd.app/Contents/Resources/valet/server.php(167): require('/Users/vosidiy/Desktop/Webapps/cafemenu/public/index.php')
ERROR - 2026-04-04 14:00:33 --> Error connecting to the database: mysqli_sql_exception: Connection refused in /Users/vosidiy/Desktop/Webapps/cafemenu/system/Database/MySQLi/Connection.php:201
Stack trace:
#0 /Users/vosidiy/Desktop/Webapps/cafemenu/system/Database/MySQLi/Connection.php(201): mysqli->real_connect('127.0.0.1', 'root', Object(SensitiveParameterValue), 'cafemenu', 3306, '', 0)
#1 /Users/vosidiy/Desktop/Webapps/cafemenu/system/Database/BaseConnection.php(555): CodeIgniter\Database\MySQLi\Connection->connect(false)
#2 /Users/vosidiy/Desktop/Webapps/cafemenu/system/Database/BaseConnection.php(795): CodeIgniter\Database\BaseConnection->initialize()
#3 /Users/vosidiy/Desktop/Webapps/cafemenu/system/Database/BaseBuilder.php(1649): CodeIgniter\Database\BaseConnection->query('SELECT *\nFROM `...', Array, false)
#4 /Users/vosidiy/Desktop/Webapps/cafemenu/system/Model.php(295): CodeIgniter\Database\BaseBuilder->get()
#5 /Users/vosidiy/Desktop/Webapps/cafemenu/system/BaseModel.php(714): CodeIgniter\Model->doFirst()
#6 /Users/vosidiy/Desktop/Webapps/cafemenu/app/Models/CafeModel.php(52): CodeIgniter\BaseModel->first()
#7 /Users/vosidiy/Desktop/Webapps/cafemenu/app/Services/CafeService.php(35): App\Models\CafeModel->findActiveByUsername('bestcafe')
#8 /Users/vosidiy/Desktop/Webapps/cafemenu/app/Controllers/PublicController.php(17): App\Services\CafeService->getActiveCafeByUsername('bestcafe')
#9 /Users/vosidiy/Desktop/Webapps/cafemenu/system/CodeIgniter.php(951): App\Controllers\PublicController->index('bestcafe')
#10 /Users/vosidiy/Desktop/Webapps/cafemenu/system/CodeIgniter.php(497): CodeIgniter\CodeIgniter->runController(Object(App\Controllers\PublicController))
#11 /Users/vosidiy/Desktop/Webapps/cafemenu/system/CodeIgniter.php(340): CodeIgniter\CodeIgniter->handleRequest(NULL, Object(Config\Cache), false)
#12 /Users/vosidiy/Desktop/Webapps/cafemenu/system/Boot.php(417): CodeIgniter\CodeIgniter->run()
#13 /Users/vosidiy/Desktop/Webapps/cafemenu/system/Boot.php(68): CodeIgniter\Boot::runCodeIgniter(Object(CodeIgniter\CodeIgniter))
#14 /Users/vosidiy/Desktop/Webapps/cafemenu/public/index.php(59): CodeIgniter\Boot::bootWeb(Object(Config\Paths))
#15 /Applications/Herd.app/Contents/Resources/valet/server.php(167): require('/Users/vosidiy/...')
#16 {main}

Next CodeIgniter\Database\Exceptions\DatabaseException: Connection refused in /Users/vosidiy/Desktop/Webapps/cafemenu/system/Database/MySQLi/Connection.php:231
Stack trace:
#0 /Users/vosidiy/Desktop/Webapps/cafemenu/system/Database/BaseConnection.php(555): CodeIgniter\Database\MySQLi\Connection->connect(false)
#1 /Users/vosidiy/Desktop/Webapps/cafemenu/system/Database/BaseConnection.php(795): CodeIgniter\Database\BaseConnection->initialize()
#2 /Users/vosidiy/Desktop/Webapps/cafemenu/system/Database/BaseBuilder.php(1649): CodeIgniter\Database\BaseConnection->query('SELECT *\nFROM `...', Array, false)
#3 /Users/vosidiy/Desktop/Webapps/cafemenu/system/Model.php(295): CodeIgniter\Database\BaseBuilder->get()
#4 /Users/vosidiy/Desktop/Webapps/cafemenu/system/BaseModel.php(714): CodeIgniter\Model->doFirst()
#5 /Users/vosidiy/Desktop/Webapps/cafemenu/app/Models/CafeModel.php(52): CodeIgniter\BaseModel->first()
#6 /Users/vosidiy/Desktop/Webapps/cafemenu/app/Services/CafeService.php(35): App\Models\CafeModel->findActiveByUsername('bestcafe')
#7 /Users/vosidiy/Desktop/Webapps/cafemenu/app/Controllers/PublicController.php(17): App\Services\CafeService->getActiveCafeByUsername('bestcafe')
#8 /Users/vosidiy/Desktop/Webapps/cafemenu/system/CodeIgniter.php(951): App\Controllers\PublicController->index('bestcafe')
#9 /Users/vosidiy/Desktop/Webapps/cafemenu/system/CodeIgniter.php(497): CodeIgniter\CodeIgniter->runController(Object(App\Controllers\PublicController))
#10 /Users/vosidiy/Desktop/Webapps/cafemenu/system/CodeIgniter.php(340): CodeIgniter\CodeIgniter->handleRequest(NULL, Object(Config\Cache), false)
#11 /Users/vosidiy/Desktop/Webapps/cafemenu/system/Boot.php(417): CodeIgniter\CodeIgniter->run()
#12 /Users/vosidiy/Desktop/Webapps/cafemenu/system/Boot.php(68): CodeIgniter\Boot::runCodeIgniter(Object(CodeIgniter\CodeIgniter))
#13 /Users/vosidiy/Desktop/Webapps/cafemenu/public/index.php(59): CodeIgniter\Boot::bootWeb(Object(Config\Paths))
#14 /Applications/Herd.app/Contents/Resources/valet/server.php(167): require('/Users/vosidiy/...')
#15 {main}
CRITICAL - 2026-04-04 14:00:33 --> CodeIgniter\Database\Exceptions\DatabaseException: Unable to connect to the database.
Main connection [MySQLi]: Connection refused
[Method: GET, Route: bestcafe/]
in SYSTEMPATH/Database/BaseConnection.php on line 606.
 1 SYSTEMPATH/Database/BaseConnection.php(795): CodeIgniter\Database\BaseConnection->initialize()
 2 SYSTEMPATH/Database/BaseBuilder.php(1649): CodeIgniter\Database\BaseConnection->query('SELECT *
FROM `cafes`
WHERE `username` = :username:
AND `status` = :status:
 LIMIT 1', [...], false)
 3 SYSTEMPATH/Model.php(295): CodeIgniter\Database\BaseBuilder->get()
 4 SYSTEMPATH/BaseModel.php(714): CodeIgniter\Model->doFirst()
 5 APPPATH/Models/CafeModel.php(52): CodeIgniter\BaseModel->first()
 6 APPPATH/Services/CafeService.php(35): App\Models\CafeModel->findActiveByUsername('bestcafe')
 7 APPPATH/Controllers/PublicController.php(17): App\Services\CafeService->getActiveCafeByUsername('bestcafe')
 8 SYSTEMPATH/CodeIgniter.php(951): App\Controllers\PublicController->index('bestcafe')
 9 SYSTEMPATH/CodeIgniter.php(497): CodeIgniter\CodeIgniter->runController(Object(App\Controllers\PublicController))
10 SYSTEMPATH/CodeIgniter.php(340): CodeIgniter\CodeIgniter->handleRequest(null, Object(Config\Cache), false)
11 SYSTEMPATH/Boot.php(417): CodeIgniter\CodeIgniter->run()
12 SYSTEMPATH/Boot.php(68): CodeIgniter\Boot::runCodeIgniter(Object(CodeIgniter\CodeIgniter))
13 FCPATH/index.php(59): CodeIgniter\Boot::bootWeb(Object(Config\Paths))
14 /Applications/Herd.app/Contents/Resources/valet/server.php(167): require('/Users/vosidiy/Desktop/Webapps/cafemenu/public/index.php')
ERROR - 2026-04-04 14:00:45 --> Error connecting to the database: mysqli_sql_exception: Connection refused in /Users/vosidiy/Desktop/Webapps/cafemenu/system/Database/MySQLi/Connection.php:201
Stack trace:
#0 /Users/vosidiy/Desktop/Webapps/cafemenu/system/Database/MySQLi/Connection.php(201): mysqli->real_connect('127.0.0.1', 'root', Object(SensitiveParameterValue), 'cafemenu', 3306, '', 0)
#1 /Users/vosidiy/Desktop/Webapps/cafemenu/system/Database/BaseConnection.php(555): CodeIgniter\Database\MySQLi\Connection->connect(false)
#2 /Users/vosidiy/Desktop/Webapps/cafemenu/system/Database/BaseConnection.php(795): CodeIgniter\Database\BaseConnection->initialize()
#3 /Users/vosidiy/Desktop/Webapps/cafemenu/system/Database/BaseBuilder.php(1649): CodeIgniter\Database\BaseConnection->query('SELECT *\nFROM `...', Array, false)
#4 /Users/vosidiy/Desktop/Webapps/cafemenu/system/Model.php(295): CodeIgniter\Database\BaseBuilder->get()
#5 /Users/vosidiy/Desktop/Webapps/cafemenu/system/BaseModel.php(714): CodeIgniter\Model->doFirst()
#6 /Users/vosidiy/Desktop/Webapps/cafemenu/app/Controllers/AuthController.php(93): CodeIgniter\BaseModel->first()
#7 /Users/vosidiy/Desktop/Webapps/cafemenu/system/CodeIgniter.php(951): App\Controllers\AuthController->authenticate()
#8 /Users/vosidiy/Desktop/Webapps/cafemenu/system/CodeIgniter.php(497): CodeIgniter\CodeIgniter->runController(Object(App\Controllers\AuthController))
#9 /Users/vosidiy/Desktop/Webapps/cafemenu/system/CodeIgniter.php(340): CodeIgniter\CodeIgniter->handleRequest(NULL, Object(Config\Cache), false)
#10 /Users/vosidiy/Desktop/Webapps/cafemenu/system/Boot.php(417): CodeIgniter\CodeIgniter->run()
#11 /Users/vosidiy/Desktop/Webapps/cafemenu/system/Boot.php(68): CodeIgniter\Boot::runCodeIgniter(Object(CodeIgniter\CodeIgniter))
#12 /Users/vosidiy/Desktop/Webapps/cafemenu/public/index.php(59): CodeIgniter\Boot::bootWeb(Object(Config\Paths))
#13 /Applications/Herd.app/Contents/Resources/valet/server.php(167): require('/Users/vosidiy/...')
#14 {main}

Next CodeIgniter\Database\Exceptions\DatabaseException: Connection refused in /Users/vosidiy/Desktop/Webapps/cafemenu/system/Database/MySQLi/Connection.php:231
Stack trace:
#0 /Users/vosidiy/Desktop/Webapps/cafemenu/system/Database/BaseConnection.php(555): CodeIgniter\Database\MySQLi\Connection->connect(false)
#1 /Users/vosidiy/Desktop/Webapps/cafemenu/system/Database/BaseConnection.php(795): CodeIgniter\Database\BaseConnection->initialize()
#2 /Users/vosidiy/Desktop/Webapps/cafemenu/system/Database/BaseBuilder.php(1649): CodeIgniter\Database\BaseConnection->query('SELECT *\nFROM `...', Array, false)
#3 /Users/vosidiy/Desktop/Webapps/cafemenu/system/Model.php(295): CodeIgniter\Database\BaseBuilder->get()
#4 /Users/vosidiy/Desktop/Webapps/cafemenu/system/BaseModel.php(714): CodeIgniter\Model->doFirst()
#5 /Users/vosidiy/Desktop/Webapps/cafemenu/app/Controllers/AuthController.php(93): CodeIgniter\BaseModel->first()
#6 /Users/vosidiy/Desktop/Webapps/cafemenu/system/CodeIgniter.php(951): App\Controllers\AuthController->authenticate()
#7 /Users/vosidiy/Desktop/Webapps/cafemenu/system/CodeIgniter.php(497): CodeIgniter\CodeIgniter->runController(Object(App\Controllers\AuthController))
#8 /Users/vosidiy/Desktop/Webapps/cafemenu/system/CodeIgniter.php(340): CodeIgniter\CodeIgniter->handleRequest(NULL, Object(Config\Cache), false)
#9 /Users/vosidiy/Desktop/Webapps/cafemenu/system/Boot.php(417): CodeIgniter\CodeIgniter->run()
#10 /Users/vosidiy/Desktop/Webapps/cafemenu/system/Boot.php(68): CodeIgniter\Boot::runCodeIgniter(Object(CodeIgniter\CodeIgniter))
#11 /Users/vosidiy/Desktop/Webapps/cafemenu/public/index.php(59): CodeIgniter\Boot::bootWeb(Object(Config\Paths))
#12 /Applications/Herd.app/Contents/Resources/valet/server.php(167): require('/Users/vosidiy/...')
#13 {main}
CRITICAL - 2026-04-04 14:00:45 --> CodeIgniter\Database\Exceptions\DatabaseException: Unable to connect to the database.
Main connection [MySQLi]: Connection refused
[Method: POST, Route: admin/login]
in SYSTEMPATH/Database/BaseConnection.php on line 606.
 1 SYSTEMPATH/Database/BaseConnection.php(795): CodeIgniter\Database\BaseConnection->initialize()
 2 SYSTEMPATH/Database/BaseBuilder.php(1649): CodeIgniter\Database\BaseConnection->query('SELECT *
FROM `cafes`
WHERE `username` = :username:
 LIMIT 1', [...], false)
 3 SYSTEMPATH/Model.php(295): CodeIgniter\Database\BaseBuilder->get()
 4 SYSTEMPATH/BaseModel.php(714): CodeIgniter\Model->doFirst()
 5 APPPATH/Controllers/AuthController.php(93): CodeIgniter\BaseModel->first()
 6 SYSTEMPATH/CodeIgniter.php(951): App\Controllers\AuthController->authenticate()
 7 SYSTEMPATH/CodeIgniter.php(497): CodeIgniter\CodeIgniter->runController(Object(App\Controllers\AuthController))
 8 SYSTEMPATH/CodeIgniter.php(340): CodeIgniter\CodeIgniter->handleRequest(null, Object(Config\Cache), false)
 9 SYSTEMPATH/Boot.php(417): CodeIgniter\CodeIgniter->run()
10 SYSTEMPATH/Boot.php(68): CodeIgniter\Boot::runCodeIgniter(Object(CodeIgniter\CodeIgniter))
11 FCPATH/index.php(59): CodeIgniter\Boot::bootWeb(Object(Config\Paths))
12 /Applications/Herd.app/Contents/Resources/valet/server.php(167): require('/Users/vosidiy/Desktop/Webapps/cafemenu/public/index.php')
CRITICAL - 2026-04-04 23:16:29 --> ErrorException: Undefined array key "currency"
[Method: GET, Route: admin]
in APPPATH/Views/admin/dashboard.php on line 123.
 1 APPPATH/Views/admin/dashboard.php(123): CodeIgniter\Debug\Exceptions->errorHandler(2, 'Undefined array key "currency"', '/Users/vosidiy/Desktop/Webapps/cafemenu/app/Views/admin/dashboard.php', 123)
 2 SYSTEMPATH/View/View.php(240): include('/Users/vosidiy/Desktop/Webapps/cafemenu/app/Views/admin/dashboard.php')
 3 SYSTEMPATH/View/View.php(243): CodeIgniter\View\View->{closure:CodeIgniter\View\View::render():237}()
 4 SYSTEMPATH/Common.php(1250): CodeIgniter\View\View->render('admin/dashboard', [], true)
 5 APPPATH/Controllers/AdminController.php(25): view('admin/dashboard', [...])
 6 SYSTEMPATH/CodeIgniter.php(951): App\Controllers\AdminController->index()
 7 SYSTEMPATH/CodeIgniter.php(497): CodeIgniter\CodeIgniter->runController(Object(App\Controllers\AdminController))
 8 SYSTEMPATH/CodeIgniter.php(340): CodeIgniter\CodeIgniter->handleRequest(null, Object(Config\Cache), false)
 9 SYSTEMPATH/Boot.php(417): CodeIgniter\CodeIgniter->run()
10 SYSTEMPATH/Boot.php(68): CodeIgniter\Boot::runCodeIgniter(Object(CodeIgniter\CodeIgniter))
11 FCPATH/index.php(59): CodeIgniter\Boot::bootWeb(Object(Config\Paths))
12 /Applications/Herd.app/Contents/Resources/valet/server.php(167): require('/Users/vosidiy/Desktop/Webapps/cafemenu/public/index.php')
CRITICAL - 2026-04-04 23:16:30 --> ErrorException: Undefined array key "currency"
[Method: GET, Route: admin]
in APPPATH/Views/admin/dashboard.php on line 123.
 1 APPPATH/Views/admin/dashboard.php(123): CodeIgniter\Debug\Exceptions->errorHandler(2, 'Undefined array key "currency"', '/Users/vosidiy/Desktop/Webapps/cafemenu/app/Views/admin/dashboard.php', 123)
 2 SYSTEMPATH/View/View.php(240): include('/Users/vosidiy/Desktop/Webapps/cafemenu/app/Views/admin/dashboard.php')
 3 SYSTEMPATH/View/View.php(243): CodeIgniter\View\View->{closure:CodeIgniter\View\View::render():237}()
 4 SYSTEMPATH/Common.php(1250): CodeIgniter\View\View->render('admin/dashboard', [], true)
 5 APPPATH/Controllers/AdminController.php(25): view('admin/dashboard', [...])
 6 SYSTEMPATH/CodeIgniter.php(951): App\Controllers\AdminController->index()
 7 SYSTEMPATH/CodeIgniter.php(497): CodeIgniter\CodeIgniter->runController(Object(App\Controllers\AdminController))
 8 SYSTEMPATH/CodeIgniter.php(340): CodeIgniter\CodeIgniter->handleRequest(null, Object(Config\Cache), false)
 9 SYSTEMPATH/Boot.php(417): CodeIgniter\CodeIgniter->run()
10 SYSTEMPATH/Boot.php(68): CodeIgniter\Boot::runCodeIgniter(Object(CodeIgniter\CodeIgniter))
11 FCPATH/index.php(59): CodeIgniter\Boot::bootWeb(Object(Config\Paths))
12 /Applications/Herd.app/Contents/Resources/valet/server.php(167): require('/Users/vosidiy/Desktop/Webapps/cafemenu/public/index.php')
