DEBUG - 2026-05-01 12:32:55 --> Session: Class initialized using 'CodeIgniter\Session\Handlers\FileHandler' driver.
DEBUG - 2026-05-01 12:40:06 --> Session: Class initialized using 'CodeIgniter\Session\Handlers\FileHandler' driver.
DEBUG - 2026-05-01 12:40:28 --> Session: Class initialized using 'CodeIgniter\Session\Handlers\FileHandler' driver.
DEBUG - 2026-05-01 12:40:28 --> Session: Class initialized using 'CodeIgniter\Session\Handlers\FileHandler' driver.
DEBUG - 2026-05-01 12:40:53 --> Session: Class initialized using 'CodeIgniter\Session\Handlers\FileHandler' driver.
DEBUG - 2026-05-01 12:40:58 --> Session: Class initialized using 'CodeIgniter\Session\Handlers\FileHandler' driver.
DEBUG - 2026-05-01 12:41:06 --> Session: Class initialized using 'CodeIgniter\Session\Handlers\FileHandler' driver.
DEBUG - 2026-05-01 12:43:21 --> Session: Class initialized using 'CodeIgniter\Session\Handlers\FileHandler' driver.
DEBUG - 2026-05-01 12:43:34 --> Session: Class initialized using 'CodeIgniter\Session\Handlers\FileHandler' driver.
DEBUG - 2026-05-01 12:43:35 --> Session: Class initialized using 'CodeIgniter\Session\Handlers\FileHandler' driver.
DEBUG - 2026-05-01 12:45:55 --> Session: Class initialized using 'CodeIgniter\Session\Handlers\FileHandler' driver.
DEBUG - 2026-05-01 12:45:55 --> Session: Class initialized using 'CodeIgniter\Session\Handlers\FileHandler' driver.
DEBUG - 2026-05-01 12:46:41 --> Session: Class initialized using 'CodeIgniter\Session\Handlers\FileHandler' driver.
DEBUG - 2026-05-01 12:47:11 --> Session: Class initialized using 'CodeIgniter\Session\Handlers\FileHandler' driver.
DEBUG - 2026-05-01 12:47:48 --> Session: Class initialized using 'CodeIgniter\Session\Handlers\FileHandler' driver.
DEBUG - 2026-05-01 12:47:48 --> Session: Class initialized using 'CodeIgniter\Session\Handlers\FileHandler' driver.
DEBUG - 2026-05-01 12:47:49 --> Session: Class initialized using 'CodeIgniter\Session\Handlers\FileHandler' driver.
DEBUG - 2026-05-01 12:47:57 --> Session: Class initialized using 'CodeIgniter\Session\Handlers\FileHandler' driver.
DEBUG - 2026-05-01 12:47:57 --> Session: Class initialized using 'CodeIgniter\Session\Handlers\FileHandler' driver.
DEBUG - 2026-05-01 12:47:57 --> Session: Class initialized using 'CodeIgniter\Session\Handlers\FileHandler' driver.
DEBUG - 2026-05-01 12:47:59 --> Session: Class initialized using 'CodeIgniter\Session\Handlers\FileHandler' driver.
DEBUG - 2026-05-01 12:48:02 --> Session: Class initialized using 'CodeIgniter\Session\Handlers\FileHandler' driver.
DEBUG - 2026-05-01 12:48:03 --> Session: Class initialized using 'CodeIgniter\Session\Handlers\FileHandler' driver.
DEBUG - 2026-05-01 12:48:07 --> Session: Class initialized using 'CodeIgniter\Session\Handlers\FileHandler' driver.
DEBUG - 2026-05-01 12:48:07 --> Session: Class initialized using 'CodeIgniter\Session\Handlers\FileHandler' driver.
DEBUG - 2026-05-01 12:48:13 --> Session: Class initialized using 'CodeIgniter\Session\Handlers\FileHandler' driver.
DEBUG - 2026-05-01 12:48:13 --> Session: Class initialized using 'CodeIgniter\Session\Handlers\FileHandler' driver.
DEBUG - 2026-05-01 12:48:22 --> Session: Class initialized using 'CodeIgniter\Session\Handlers\FileHandler' driver.
DEBUG - 2026-05-01 12:48:22 --> Session: Class initialized using 'CodeIgniter\Session\Handlers\FileHandler' driver.
DEBUG - 2026-05-01 12:48:25 --> Session: Class initialized using 'CodeIgniter\Session\Handlers\FileHandler' driver.
DEBUG - 2026-05-01 12:48:25 --> Session: Class initialized using 'CodeIgniter\Session\Handlers\FileHandler' driver.
DEBUG - 2026-05-01 12:48:26 --> Session: Class initialized using 'CodeIgniter\Session\Handlers\FileHandler' driver.
DEBUG - 2026-05-01 12:51:20 --> Session: Class initialized using 'CodeIgniter\Session\Handlers\FileHandler' driver.
DEBUG - 2026-05-01 12:53:45 --> Session: Class initialized using 'CodeIgniter\Session\Handlers\FileHandler' driver.
DEBUG - 2026-05-01 12:53:45 --> Session: Class initialized using 'CodeIgniter\Session\Handlers\FileHandler' driver.
DEBUG - 2026-05-01 12:53:48 --> Session: Class initialized using 'CodeIgniter\Session\Handlers\FileHandler' driver.
DEBUG - 2026-05-01 12:53:48 --> Session: Class initialized using 'CodeIgniter\Session\Handlers\FileHandler' driver.
DEBUG - 2026-05-01 12:53:49 --> Session: Class initialized using 'CodeIgniter\Session\Handlers\FileHandler' driver.
DEBUG - 2026-05-01 12:53:49 --> Session: Class initialized using 'CodeIgniter\Session\Handlers\FileHandler' driver.
DEBUG - 2026-05-01 12:53:49 --> Session: Class initialized using 'CodeIgniter\Session\Handlers\FileHandler' driver.
DEBUG - 2026-05-01 12:54:27 --> Session: Class initialized using 'CodeIgniter\Session\Handlers\FileHandler' driver.
DEBUG - 2026-05-01 12:54:30 --> Session: Class initialized using 'CodeIgniter\Session\Handlers\FileHandler' driver.
DEBUG - 2026-05-01 12:54:32 --> Session: Class initialized using 'CodeIgniter\Session\Handlers\FileHandler' driver.
DEBUG - 2026-05-01 12:54:34 --> Session: Class initialized using 'CodeIgniter\Session\Handlers\FileHandler' driver.
DEBUG - 2026-05-01 12:55:25 --> Session: Class initialized using 'CodeIgniter\Session\Handlers\FileHandler' driver.
DEBUG - 2026-05-01 12:55:27 --> Session: Class initialized using 'CodeIgniter\Session\Handlers\FileHandler' driver.
DEBUG - 2026-05-01 12:55:35 --> Session: Class initialized using 'CodeIgniter\Session\Handlers\FileHandler' driver.
DEBUG - 2026-05-01 12:55:39 --> Session: Class initialized using 'CodeIgniter\Session\Handlers\FileHandler' driver.
DEBUG - 2026-05-01 12:57:04 --> Session: Class initialized using 'CodeIgniter\Session\Handlers\FileHandler' driver.
DEBUG - 2026-05-01 12:57:04 --> Session: Class initialized using 'CodeIgniter\Session\Handlers\FileHandler' driver.
DEBUG - 2026-05-01 12:57:05 --> Session: Class initialized using 'CodeIgniter\Session\Handlers\FileHandler' driver.
DEBUG - 2026-05-01 12:59:44 --> Session: Class initialized using 'CodeIgniter\Session\Handlers\FileHandler' driver.
DEBUG - 2026-05-01 13:01:20 --> Session: Class initialized using 'CodeIgniter\Session\Handlers\FileHandler' driver.
DEBUG - 2026-05-01 13:01:21 --> Session: Class initialized using 'CodeIgniter\Session\Handlers\FileHandler' driver.
DEBUG - 2026-05-01 13:01:32 --> Session: Class initialized using 'CodeIgniter\Session\Handlers\FileHandler' driver.
DEBUG - 2026-05-01 13:01:34 --> Session: Class initialized using 'CodeIgniter\Session\Handlers\FileHandler' driver.
DEBUG - 2026-05-01 13:02:05 --> Session: Class initialized using 'CodeIgniter\Session\Handlers\FileHandler' driver.
DEBUG - 2026-05-01 13:02:10 --> Session: Class initialized using 'CodeIgniter\Session\Handlers\FileHandler' driver.
DEBUG - 2026-05-01 13:04:55 --> Session: Class initialized using 'CodeIgniter\Session\Handlers\FileHandler' driver.
DEBUG - 2026-05-01 13:04:59 --> Session: Class initialized using 'CodeIgniter\Session\Handlers\FileHandler' driver.
DEBUG - 2026-05-01 13:05:01 --> Session: Class initialized using 'CodeIgniter\Session\Handlers\FileHandler' driver.
DEBUG - 2026-05-01 13:05:13 --> Session: Class initialized using 'CodeIgniter\Session\Handlers\FileHandler' driver.
DEBUG - 2026-05-01 13:05:31 --> Session: Class initialized using 'CodeIgniter\Session\Handlers\FileHandler' driver.
DEBUG - 2026-05-01 13:05:54 --> Session: Class initialized using 'CodeIgniter\Session\Handlers\FileHandler' driver.
DEBUG - 2026-05-01 13:06:09 --> Session: Class initialized using 'CodeIgniter\Session\Handlers\FileHandler' driver.
DEBUG - 2026-05-01 13:06:16 --> Session: Class initialized using 'CodeIgniter\Session\Handlers\FileHandler' driver.
DEBUG - 2026-05-01 13:07:54 --> Session: Class initialized using 'CodeIgniter\Session\Handlers\FileHandler' driver.
DEBUG - 2026-05-01 13:08:01 --> Session: Class initialized using 'CodeIgniter\Session\Handlers\FileHandler' driver.
DEBUG - 2026-05-01 13:08:30 --> Session: Class initialized using 'CodeIgniter\Session\Handlers\FileHandler' driver.
DEBUG - 2026-05-01 13:08:31 --> Session: Class initialized using 'CodeIgniter\Session\Handlers\FileHandler' driver.
DEBUG - 2026-05-01 13:08:32 --> Session: Class initialized using 'CodeIgniter\Session\Handlers\FileHandler' driver.
DEBUG - 2026-05-01 13:08:32 --> Session: Class initialized using 'CodeIgniter\Session\Handlers\FileHandler' driver.
DEBUG - 2026-05-01 13:08:33 --> Session: Class initialized using 'CodeIgniter\Session\Handlers\FileHandler' driver.
DEBUG - 2026-05-01 13:08:37 --> Session: Class initialized using 'CodeIgniter\Session\Handlers\FileHandler' driver.
DEBUG - 2026-05-01 13:08:41 --> Session: Class initialized using 'CodeIgniter\Session\Handlers\FileHandler' driver.
DEBUG - 2026-05-01 13:08:55 --> Session: Class initialized using 'CodeIgniter\Session\Handlers\FileHandler' driver.
DEBUG - 2026-05-01 13:08:56 --> Session: Class initialized using 'CodeIgniter\Session\Handlers\FileHandler' driver.
DEBUG - 2026-05-01 13:09:05 --> Session: Class initialized using 'CodeIgniter\Session\Handlers\FileHandler' driver.
DEBUG - 2026-05-01 13:09:08 --> Session: Class initialized using 'CodeIgniter\Session\Handlers\FileHandler' driver.
DEBUG - 2026-05-01 13:09:13 --> Session: Class initialized using 'CodeIgniter\Session\Handlers\FileHandler' driver.
DEBUG - 2026-05-01 13:09:19 --> Session: Class initialized using 'CodeIgniter\Session\Handlers\FileHandler' driver.
DEBUG - 2026-05-01 13:09:50 --> Session: Class initialized using 'CodeIgniter\Session\Handlers\FileHandler' driver.
DEBUG - 2026-05-01 13:09:50 --> Session: Class initialized using 'CodeIgniter\Session\Handlers\FileHandler' driver.
DEBUG - 2026-05-01 13:09:53 --> Session: Class initialized using 'CodeIgniter\Session\Handlers\FileHandler' driver.
DEBUG - 2026-05-01 13:09:53 --> Session: Class initialized using 'CodeIgniter\Session\Handlers\FileHandler' driver.
DEBUG - 2026-05-01 13:09:55 --> Session: Class initialized using 'CodeIgniter\Session\Handlers\FileHandler' driver.
DEBUG - 2026-05-01 13:09:56 --> Session: Class initialized using 'CodeIgniter\Session\Handlers\FileHandler' driver.
DEBUG - 2026-05-01 13:14:28 --> Session: Class initialized using 'CodeIgniter\Session\Handlers\FileHandler' driver.
DEBUG - 2026-05-01 13:14:30 --> Session: Class initialized using 'CodeIgniter\Session\Handlers\FileHandler' driver.
DEBUG - 2026-05-01 13:15:25 --> Session: Class initialized using 'CodeIgniter\Session\Handlers\FileHandler' driver.
DEBUG - 2026-05-01 13:15:25 --> Session: Class initialized using 'CodeIgniter\Session\Handlers\FileHandler' driver.
DEBUG - 2026-05-01 13:15:29 --> Session: Class initialized using 'CodeIgniter\Session\Handlers\FileHandler' driver.
DEBUG - 2026-05-01 13:22:06 --> Session: Class initialized using 'CodeIgniter\Session\Handlers\FileHandler' driver.
DEBUG - 2026-05-01 13:22:07 --> Session: Class initialized using 'CodeIgniter\Session\Handlers\FileHandler' driver.
DEBUG - 2026-05-01 13:22:18 --> Session: Class initialized using 'CodeIgniter\Session\Handlers\FileHandler' driver.
DEBUG - 2026-05-01 13:22:18 --> Session: Class initialized using 'CodeIgniter\Session\Handlers\FileHandler' driver.
DEBUG - 2026-05-01 13:22:19 --> Session: Class initialized using 'CodeIgniter\Session\Handlers\FileHandler' driver.
DEBUG - 2026-05-01 13:22:20 --> Session: Class initialized using 'CodeIgniter\Session\Handlers\FileHandler' driver.
DEBUG - 2026-05-01 13:22:20 --> Session: Class initialized using 'CodeIgniter\Session\Handlers\FileHandler' driver.
DEBUG - 2026-05-01 13:22:21 --> Session: Class initialized using 'CodeIgniter\Session\Handlers\FileHandler' driver.
DEBUG - 2026-05-01 13:23:05 --> Session: Class initialized using 'CodeIgniter\Session\Handlers\FileHandler' driver.
DEBUG - 2026-05-01 13:24:20 --> Session: Class initialized using 'CodeIgniter\Session\Handlers\FileHandler' driver.
DEBUG - 2026-05-01 13:25:39 --> Session: Class initialized using 'CodeIgniter\Session\Handlers\FileHandler' driver.
DEBUG - 2026-05-01 13:25:40 --> Session: Class initialized using 'CodeIgniter\Session\Handlers\FileHandler' driver.
DEBUG - 2026-05-01 13:25:40 --> Session: Class initialized using 'CodeIgniter\Session\Handlers\FileHandler' driver.
DEBUG - 2026-05-01 13:25:41 --> Session: Class initialized using 'CodeIgniter\Session\Handlers\FileHandler' driver.
DEBUG - 2026-05-01 13:34:48 --> Session: Class initialized using 'CodeIgniter\Session\Handlers\FileHandler' driver.
DEBUG - 2026-05-01 13:34:49 --> Session: Class initialized using 'CodeIgniter\Session\Handlers\FileHandler' driver.
DEBUG - 2026-05-01 13:37:04 --> Session: Class initialized using 'CodeIgniter\Session\Handlers\FileHandler' driver.
DEBUG - 2026-05-01 13:37:12 --> Session: Class initialized using 'CodeIgniter\Session\Handlers\FileHandler' driver.
DEBUG - 2026-05-01 13:37:14 --> Session: Class initialized using 'CodeIgniter\Session\Handlers\FileHandler' driver.
DEBUG - 2026-05-01 13:37:58 --> Session: Class initialized using 'CodeIgniter\Session\Handlers\FileHandler' driver.
DEBUG - 2026-05-01 13:38:09 --> Session: Class initialized using 'CodeIgniter\Session\Handlers\FileHandler' driver.
DEBUG - 2026-05-01 13:38:10 --> Session: Class initialized using 'CodeIgniter\Session\Handlers\FileHandler' driver.
DEBUG - 2026-05-01 13:38:11 --> Session: Class initialized using 'CodeIgniter\Session\Handlers\FileHandler' driver.
DEBUG - 2026-05-01 13:38:12 --> Session: Class initialized using 'CodeIgniter\Session\Handlers\FileHandler' driver.
DEBUG - 2026-05-01 13:40:15 --> Session: Class initialized using 'CodeIgniter\Session\Handlers\FileHandler' driver.
DEBUG - 2026-05-01 13:40:17 --> Session: Class initialized using 'CodeIgniter\Session\Handlers\FileHandler' driver.
DEBUG - 2026-05-01 13:40:31 --> Session: Class initialized using 'CodeIgniter\Session\Handlers\FileHandler' driver.
DEBUG - 2026-05-01 13:42:20 --> Session: Class initialized using 'CodeIgniter\Session\Handlers\FileHandler' driver.
DEBUG - 2026-05-01 13:42:21 --> Session: Class initialized using 'CodeIgniter\Session\Handlers\FileHandler' driver.
DEBUG - 2026-05-01 13:42:25 --> Session: Class initialized using 'CodeIgniter\Session\Handlers\FileHandler' driver.
DEBUG - 2026-05-01 13:42:25 --> Session: Class initialized using 'CodeIgniter\Session\Handlers\FileHandler' driver.
DEBUG - 2026-05-01 13:42:33 --> Session: Class initialized using 'CodeIgniter\Session\Handlers\FileHandler' driver.
DEBUG - 2026-05-01 13:42:34 --> Session: Class initialized using 'CodeIgniter\Session\Handlers\FileHandler' driver.
DEBUG - 2026-05-01 13:42:41 --> Session: Class initialized using 'CodeIgniter\Session\Handlers\FileHandler' driver.
DEBUG - 2026-05-01 13:42:42 --> Session: Class initialized using 'CodeIgniter\Session\Handlers\FileHandler' driver.
DEBUG - 2026-05-01 13:42:42 --> Session: Class initialized using 'CodeIgniter\Session\Handlers\FileHandler' driver.
DEBUG - 2026-05-01 13:42:50 --> Session: Class initialized using 'CodeIgniter\Session\Handlers\FileHandler' driver.
DEBUG - 2026-05-01 13:48:02 --> Session: Class initialized using 'CodeIgniter\Session\Handlers\FileHandler' driver.
DEBUG - 2026-05-01 13:48:02 --> Session: Class initialized using 'CodeIgniter\Session\Handlers\FileHandler' driver.
DEBUG - 2026-05-01 13:48:03 --> Session: Class initialized using 'CodeIgniter\Session\Handlers\FileHandler' driver.
DEBUG - 2026-05-01 13:48:05 --> Session: Class initialized using 'CodeIgniter\Session\Handlers\FileHandler' driver.
DEBUG - 2026-05-01 13:48:05 --> Session: Class initialized using 'CodeIgniter\Session\Handlers\FileHandler' driver.
DEBUG - 2026-05-01 13:48:06 --> Session: Class initialized using 'CodeIgniter\Session\Handlers\FileHandler' driver.
DEBUG - 2026-05-01 14:46:03 --> Session: Class initialized using 'CodeIgniter\Session\Handlers\FileHandler' driver.
DEBUG - 2026-05-01 15:07:00 --> Session: Class initialized using 'CodeIgniter\Session\Handlers\FileHandler' driver.
DEBUG - 2026-05-01 15:07:02 --> Session: Class initialized using 'CodeIgniter\Session\Handlers\FileHandler' driver.
DEBUG - 2026-05-01 15:07:02 --> Session: Class initialized using 'CodeIgniter\Session\Handlers\FileHandler' driver.
DEBUG - 2026-05-01 15:07:05 --> Session: Class initialized using 'CodeIgniter\Session\Handlers\FileHandler' driver.
DEBUG - 2026-05-01 15:07:05 --> Session: Class initialized using 'CodeIgniter\Session\Handlers\FileHandler' driver.
DEBUG - 2026-05-01 15:07:06 --> Session: Class initialized using 'CodeIgniter\Session\Handlers\FileHandler' driver.
ERROR - 2026-05-01 15:22:57 --> no such table: db_cafe_fee_translations
in SYSTEMPATH/Database/SQLite3/Connection.php on line 163.
 1 SYSTEMPATH/Database/SQLite3/Connection.php(163): SQLite3->exec('DELETE FROM `db_cafe_fee_translations`')
 2 SYSTEMPATH/Database/BaseConnection.php(910): CodeIgniter\Database\SQLite3\Connection->execute('DELETE FROM `db_cafe_fee_translations`')
 3 SYSTEMPATH/Database/BaseConnection.php(827): CodeIgniter\Database\BaseConnection->simpleQuery('DELETE FROM `db_cafe_fee_translations`')
 4 SYSTEMPATH/Database/BaseBuilder.php(2751): CodeIgniter\Database\BaseConnection->query('DELETE FROM `db_cafe_fee_translations`', null, false)
 5 ROOTPATH/tests/feature/CafeMenuFlowTest.php(29): CodeIgniter\Database\BaseBuilder->emptyTable()
 6 VENDORPATH/phpunit/phpunit/src/Framework/TestCase.php(2467): CafeMenuFlowTest->setUp()
 7 VENDORPATH/phpunit/phpunit/src/Framework/TestCase.php(2370): PHPUnit\Framework\TestCase->invokeHookMethods(Object(PHPUnit\Runner\HookMethodCollection), Object(PHPUnit\Event\DispatchingEmitter), 'beforeTestMethodCalled', 'beforeTestMethodErrored', 'beforeTestMethodFinished')
 8 VENDORPATH/phpunit/phpunit/src/Framework/TestCase.php(511): PHPUnit\Framework\TestCase->invokeBeforeTestHookMethods([...], Object(PHPUnit\Event\DispatchingEmitter))
 9 VENDORPATH/phpunit/phpunit/src/Framework/TestRunner/TestRunner.php(87): PHPUnit\Framework\TestCase->runBare()
10 VENDORPATH/phpunit/phpunit/src/Framework/TestCase.php(365): PHPUnit\Framework\TestRunner->run(Object(CafeMenuFlowTest))
11 VENDORPATH/phpunit/phpunit/src/Framework/TestSuite.php(369): PHPUnit\Framework\TestCase->run()
12 VENDORPATH/phpunit/phpunit/src/Framework/TestSuite.php(369): PHPUnit\Framework\TestSuite->run()
13 VENDORPATH/phpunit/phpunit/src/TextUI/TestRunner.php(64): PHPUnit\Framework\TestSuite->run()
14 VENDORPATH/phpunit/phpunit/src/TextUI/Application.php(211): PHPUnit\TextUI\TestRunner->run(Object(PHPUnit\TextUI\Configuration\Configuration), Object(PHPUnit\Runner\ResultCache\DefaultResultCache), Object(PHPUnit\Framework\TestSuite))
15 VENDORPATH/phpunit/phpunit/phpunit(104): PHPUnit\TextUI\Application->run([...])
16 VENDORPATH/bin/phpunit(122): include('/Applications/MAMP/htdocs/cafemenu-web-global/vendor/phpunit/phpunit/phpunit')
ERROR - 2026-05-01 15:22:57 --> no such table: db_cafe_fee_translations
in SYSTEMPATH/Database/SQLite3/Connection.php on line 163.
 1 SYSTEMPATH/Database/SQLite3/Connection.php(163): SQLite3->exec('DELETE FROM `db_cafe_fee_translations`')
 2 SYSTEMPATH/Database/BaseConnection.php(910): CodeIgniter\Database\SQLite3\Connection->execute('DELETE FROM `db_cafe_fee_translations`')
 3 SYSTEMPATH/Database/BaseConnection.php(827): CodeIgniter\Database\BaseConnection->simpleQuery('DELETE FROM `db_cafe_fee_translations`')
 4 SYSTEMPATH/Database/BaseBuilder.php(2751): CodeIgniter\Database\BaseConnection->query('DELETE FROM `db_cafe_fee_translations`', null, false)
 5 ROOTPATH/tests/feature/CafeMenuFlowTest.php(29): CodeIgniter\Database\BaseBuilder->emptyTable()
 6 VENDORPATH/phpunit/phpunit/src/Framework/TestCase.php(2467): CafeMenuFlowTest->setUp()
 7 VENDORPATH/phpunit/phpunit/src/Framework/TestCase.php(2370): PHPUnit\Framework\TestCase->invokeHookMethods(Object(PHPUnit\Runner\HookMethodCollection), Object(PHPUnit\Event\DispatchingEmitter), 'beforeTestMethodCalled', 'beforeTestMethodErrored', 'beforeTestMethodFinished')
 8 VENDORPATH/phpunit/phpunit/src/Framework/TestCase.php(511): PHPUnit\Framework\TestCase->invokeBeforeTestHookMethods([...], Object(PHPUnit\Event\DispatchingEmitter))
 9 VENDORPATH/phpunit/phpunit/src/Framework/TestRunner/TestRunner.php(87): PHPUnit\Framework\TestCase->runBare()
10 VENDORPATH/phpunit/phpunit/src/Framework/TestCase.php(365): PHPUnit\Framework\TestRunner->run(Object(CafeMenuFlowTest))
11 VENDORPATH/phpunit/phpunit/src/Framework/TestSuite.php(369): PHPUnit\Framework\TestCase->run()
12 VENDORPATH/phpunit/phpunit/src/Framework/TestSuite.php(369): PHPUnit\Framework\TestSuite->run()
13 VENDORPATH/phpunit/phpunit/src/TextUI/TestRunner.php(64): PHPUnit\Framework\TestSuite->run()
14 VENDORPATH/phpunit/phpunit/src/TextUI/Application.php(211): PHPUnit\TextUI\TestRunner->run(Object(PHPUnit\TextUI\Configuration\Configuration), Object(PHPUnit\Runner\ResultCache\DefaultResultCache), Object(PHPUnit\Framework\TestSuite))
15 VENDORPATH/phpunit/phpunit/phpunit(104): PHPUnit\TextUI\Application->run([...])
16 VENDORPATH/bin/phpunit(122): include('/Applications/MAMP/htdocs/cafemenu-web-global/vendor/phpunit/phpunit/phpunit')
ERROR - 2026-05-01 15:22:57 --> no such table: db_cafe_fee_translations
in SYSTEMPATH/Database/SQLite3/Connection.php on line 163.
 1 SYSTEMPATH/Database/SQLite3/Connection.php(163): SQLite3->exec('DELETE FROM `db_cafe_fee_translations`')
 2 SYSTEMPATH/Database/BaseConnection.php(910): CodeIgniter\Database\SQLite3\Connection->execute('DELETE FROM `db_cafe_fee_translations`')
 3 SYSTEMPATH/Database/BaseConnection.php(827): CodeIgniter\Database\BaseConnection->simpleQuery('DELETE FROM `db_cafe_fee_translations`')
 4 SYSTEMPATH/Database/BaseBuilder.php(2751): CodeIgniter\Database\BaseConnection->query('DELETE FROM `db_cafe_fee_translations`', null, false)
 5 ROOTPATH/tests/feature/CafeMenuFlowTest.php(29): CodeIgniter\Database\BaseBuilder->emptyTable()
 6 VENDORPATH/phpunit/phpunit/src/Framework/TestCase.php(2467): CafeMenuFlowTest->setUp()
 7 VENDORPATH/phpunit/phpunit/src/Framework/TestCase.php(2370): PHPUnit\Framework\TestCase->invokeHookMethods(Object(PHPUnit\Runner\HookMethodCollection), Object(PHPUnit\Event\DispatchingEmitter), 'beforeTestMethodCalled', 'beforeTestMethodErrored', 'beforeTestMethodFinished')
 8 VENDORPATH/phpunit/phpunit/src/Framework/TestCase.php(511): PHPUnit\Framework\TestCase->invokeBeforeTestHookMethods([...], Object(PHPUnit\Event\DispatchingEmitter))
 9 VENDORPATH/phpunit/phpunit/src/Framework/TestRunner/TestRunner.php(87): PHPUnit\Framework\TestCase->runBare()
10 VENDORPATH/phpunit/phpunit/src/Framework/TestCase.php(365): PHPUnit\Framework\TestRunner->run(Object(CafeMenuFlowTest))
11 VENDORPATH/phpunit/phpunit/src/Framework/TestSuite.php(369): PHPUnit\Framework\TestCase->run()
12 VENDORPATH/phpunit/phpunit/src/Framework/TestSuite.php(369): PHPUnit\Framework\TestSuite->run()
13 VENDORPATH/phpunit/phpunit/src/TextUI/TestRunner.php(64): PHPUnit\Framework\TestSuite->run()
14 VENDORPATH/phpunit/phpunit/src/TextUI/Application.php(211): PHPUnit\TextUI\TestRunner->run(Object(PHPUnit\TextUI\Configuration\Configuration), Object(PHPUnit\Runner\ResultCache\DefaultResultCache), Object(PHPUnit\Framework\TestSuite))
15 VENDORPATH/phpunit/phpunit/phpunit(104): PHPUnit\TextUI\Application->run([...])
16 VENDORPATH/bin/phpunit(122): include('/Applications/MAMP/htdocs/cafemenu-web-global/vendor/phpunit/phpunit/phpunit')
ERROR - 2026-05-01 15:22:57 --> no such table: db_cafe_fee_translations
in SYSTEMPATH/Database/SQLite3/Connection.php on line 163.
 1 SYSTEMPATH/Database/SQLite3/Connection.php(163): SQLite3->exec('DELETE FROM `db_cafe_fee_translations`')
 2 SYSTEMPATH/Database/BaseConnection.php(910): CodeIgniter\Database\SQLite3\Connection->execute('DELETE FROM `db_cafe_fee_translations`')
 3 SYSTEMPATH/Database/BaseConnection.php(827): CodeIgniter\Database\BaseConnection->simpleQuery('DELETE FROM `db_cafe_fee_translations`')
 4 SYSTEMPATH/Database/BaseBuilder.php(2751): CodeIgniter\Database\BaseConnection->query('DELETE FROM `db_cafe_fee_translations`', null, false)
 5 ROOTPATH/tests/feature/CafeMenuFlowTest.php(29): CodeIgniter\Database\BaseBuilder->emptyTable()
 6 VENDORPATH/phpunit/phpunit/src/Framework/TestCase.php(2467): CafeMenuFlowTest->setUp()
 7 VENDORPATH/phpunit/phpunit/src/Framework/TestCase.php(2370): PHPUnit\Framework\TestCase->invokeHookMethods(Object(PHPUnit\Runner\HookMethodCollection), Object(PHPUnit\Event\DispatchingEmitter), 'beforeTestMethodCalled', 'beforeTestMethodErrored', 'beforeTestMethodFinished')
 8 VENDORPATH/phpunit/phpunit/src/Framework/TestCase.php(511): PHPUnit\Framework\TestCase->invokeBeforeTestHookMethods([...], Object(PHPUnit\Event\DispatchingEmitter))
 9 VENDORPATH/phpunit/phpunit/src/Framework/TestRunner/TestRunner.php(87): PHPUnit\Framework\TestCase->runBare()
10 VENDORPATH/phpunit/phpunit/src/Framework/TestCase.php(365): PHPUnit\Framework\TestRunner->run(Object(CafeMenuFlowTest))
11 VENDORPATH/phpunit/phpunit/src/Framework/TestSuite.php(369): PHPUnit\Framework\TestCase->run()
12 VENDORPATH/phpunit/phpunit/src/Framework/TestSuite.php(369): PHPUnit\Framework\TestSuite->run()
13 VENDORPATH/phpunit/phpunit/src/TextUI/TestRunner.php(64): PHPUnit\Framework\TestSuite->run()
14 VENDORPATH/phpunit/phpunit/src/TextUI/Application.php(211): PHPUnit\TextUI\TestRunner->run(Object(PHPUnit\TextUI\Configuration\Configuration), Object(PHPUnit\Runner\ResultCache\DefaultResultCache), Object(PHPUnit\Framework\TestSuite))
15 VENDORPATH/phpunit/phpunit/phpunit(104): PHPUnit\TextUI\Application->run([...])
16 VENDORPATH/bin/phpunit(122): include('/Applications/MAMP/htdocs/cafemenu-web-global/vendor/phpunit/phpunit/phpunit')
ERROR - 2026-05-01 15:22:57 --> no such table: db_cafe_fee_translations
in SYSTEMPATH/Database/SQLite3/Connection.php on line 163.
 1 SYSTEMPATH/Database/SQLite3/Connection.php(163): SQLite3->exec('DELETE FROM `db_cafe_fee_translations`')
 2 SYSTEMPATH/Database/BaseConnection.php(910): CodeIgniter\Database\SQLite3\Connection->execute('DELETE FROM `db_cafe_fee_translations`')
 3 SYSTEMPATH/Database/BaseConnection.php(827): CodeIgniter\Database\BaseConnection->simpleQuery('DELETE FROM `db_cafe_fee_translations`')
 4 SYSTEMPATH/Database/BaseBuilder.php(2751): CodeIgniter\Database\BaseConnection->query('DELETE FROM `db_cafe_fee_translations`', null, false)
 5 ROOTPATH/tests/feature/CafeMenuFlowTest.php(29): CodeIgniter\Database\BaseBuilder->emptyTable()
 6 VENDORPATH/phpunit/phpunit/src/Framework/TestCase.php(2467): CafeMenuFlowTest->setUp()
 7 VENDORPATH/phpunit/phpunit/src/Framework/TestCase.php(2370): PHPUnit\Framework\TestCase->invokeHookMethods(Object(PHPUnit\Runner\HookMethodCollection), Object(PHPUnit\Event\DispatchingEmitter), 'beforeTestMethodCalled', 'beforeTestMethodErrored', 'beforeTestMethodFinished')
 8 VENDORPATH/phpunit/phpunit/src/Framework/TestCase.php(511): PHPUnit\Framework\TestCase->invokeBeforeTestHookMethods([...], Object(PHPUnit\Event\DispatchingEmitter))
 9 VENDORPATH/phpunit/phpunit/src/Framework/TestRunner/TestRunner.php(87): PHPUnit\Framework\TestCase->runBare()
10 VENDORPATH/phpunit/phpunit/src/Framework/TestCase.php(365): PHPUnit\Framework\TestRunner->run(Object(CafeMenuFlowTest))
11 VENDORPATH/phpunit/phpunit/src/Framework/TestSuite.php(369): PHPUnit\Framework\TestCase->run()
12 VENDORPATH/phpunit/phpunit/src/Framework/TestSuite.php(369): PHPUnit\Framework\TestSuite->run()
13 VENDORPATH/phpunit/phpunit/src/TextUI/TestRunner.php(64): PHPUnit\Framework\TestSuite->run()
14 VENDORPATH/phpunit/phpunit/src/TextUI/Application.php(211): PHPUnit\TextUI\TestRunner->run(Object(PHPUnit\TextUI\Configuration\Configuration), Object(PHPUnit\Runner\ResultCache\DefaultResultCache), Object(PHPUnit\Framework\TestSuite))
15 VENDORPATH/phpunit/phpunit/phpunit(104): PHPUnit\TextUI\Application->run([...])
16 VENDORPATH/bin/phpunit(122): include('/Applications/MAMP/htdocs/cafemenu-web-global/vendor/phpunit/phpunit/phpunit')
ERROR - 2026-05-01 15:22:57 --> no such table: db_cafe_fee_translations
in SYSTEMPATH/Database/SQLite3/Connection.php on line 163.
 1 SYSTEMPATH/Database/SQLite3/Connection.php(163): SQLite3->exec('DELETE FROM `db_cafe_fee_translations`')
 2 SYSTEMPATH/Database/BaseConnection.php(910): CodeIgniter\Database\SQLite3\Connection->execute('DELETE FROM `db_cafe_fee_translations`')
 3 SYSTEMPATH/Database/BaseConnection.php(827): CodeIgniter\Database\BaseConnection->simpleQuery('DELETE FROM `db_cafe_fee_translations`')
 4 SYSTEMPATH/Database/BaseBuilder.php(2751): CodeIgniter\Database\BaseConnection->query('DELETE FROM `db_cafe_fee_translations`', null, false)
 5 ROOTPATH/tests/feature/CafeMenuFlowTest.php(29): CodeIgniter\Database\BaseBuilder->emptyTable()
 6 VENDORPATH/phpunit/phpunit/src/Framework/TestCase.php(2467): CafeMenuFlowTest->setUp()
 7 VENDORPATH/phpunit/phpunit/src/Framework/TestCase.php(2370): PHPUnit\Framework\TestCase->invokeHookMethods(Object(PHPUnit\Runner\HookMethodCollection), Object(PHPUnit\Event\DispatchingEmitter), 'beforeTestMethodCalled', 'beforeTestMethodErrored', 'beforeTestMethodFinished')
 8 VENDORPATH/phpunit/phpunit/src/Framework/TestCase.php(511): PHPUnit\Framework\TestCase->invokeBeforeTestHookMethods([...], Object(PHPUnit\Event\DispatchingEmitter))
 9 VENDORPATH/phpunit/phpunit/src/Framework/TestRunner/TestRunner.php(87): PHPUnit\Framework\TestCase->runBare()
10 VENDORPATH/phpunit/phpunit/src/Framework/TestCase.php(365): PHPUnit\Framework\TestRunner->run(Object(CafeMenuFlowTest))
11 VENDORPATH/phpunit/phpunit/src/Framework/TestSuite.php(369): PHPUnit\Framework\TestCase->run()
12 VENDORPATH/phpunit/phpunit/src/Framework/TestSuite.php(369): PHPUnit\Framework\TestSuite->run()
13 VENDORPATH/phpunit/phpunit/src/TextUI/TestRunner.php(64): PHPUnit\Framework\TestSuite->run()
14 VENDORPATH/phpunit/phpunit/src/TextUI/Application.php(211): PHPUnit\TextUI\TestRunner->run(Object(PHPUnit\TextUI\Configuration\Configuration), Object(PHPUnit\Runner\ResultCache\DefaultResultCache), Object(PHPUnit\Framework\TestSuite))
15 VENDORPATH/phpunit/phpunit/phpunit(104): PHPUnit\TextUI\Application->run([...])
16 VENDORPATH/bin/phpunit(122): include('/Applications/MAMP/htdocs/cafemenu-web-global/vendor/phpunit/phpunit/phpunit')
ERROR - 2026-05-01 15:22:57 --> no such table: db_cafe_fee_translations
in SYSTEMPATH/Database/SQLite3/Connection.php on line 163.
 1 SYSTEMPATH/Database/SQLite3/Connection.php(163): SQLite3->exec('DELETE FROM `db_cafe_fee_translations`')
 2 SYSTEMPATH/Database/BaseConnection.php(910): CodeIgniter\Database\SQLite3\Connection->execute('DELETE FROM `db_cafe_fee_translations`')
 3 SYSTEMPATH/Database/BaseConnection.php(827): CodeIgniter\Database\BaseConnection->simpleQuery('DELETE FROM `db_cafe_fee_translations`')
 4 SYSTEMPATH/Database/BaseBuilder.php(2751): CodeIgniter\Database\BaseConnection->query('DELETE FROM `db_cafe_fee_translations`', null, false)
 5 ROOTPATH/tests/feature/CafeMenuFlowTest.php(29): CodeIgniter\Database\BaseBuilder->emptyTable()
 6 VENDORPATH/phpunit/phpunit/src/Framework/TestCase.php(2467): CafeMenuFlowTest->setUp()
 7 VENDORPATH/phpunit/phpunit/src/Framework/TestCase.php(2370): PHPUnit\Framework\TestCase->invokeHookMethods(Object(PHPUnit\Runner\HookMethodCollection), Object(PHPUnit\Event\DispatchingEmitter), 'beforeTestMethodCalled', 'beforeTestMethodErrored', 'beforeTestMethodFinished')
 8 VENDORPATH/phpunit/phpunit/src/Framework/TestCase.php(511): PHPUnit\Framework\TestCase->invokeBeforeTestHookMethods([...], Object(PHPUnit\Event\DispatchingEmitter))
 9 VENDORPATH/phpunit/phpunit/src/Framework/TestRunner/TestRunner.php(87): PHPUnit\Framework\TestCase->runBare()
10 VENDORPATH/phpunit/phpunit/src/Framework/TestCase.php(365): PHPUnit\Framework\TestRunner->run(Object(CafeMenuFlowTest))
11 VENDORPATH/phpunit/phpunit/src/Framework/TestSuite.php(369): PHPUnit\Framework\TestCase->run()
12 VENDORPATH/phpunit/phpunit/src/Framework/TestSuite.php(369): PHPUnit\Framework\TestSuite->run()
13 VENDORPATH/phpunit/phpunit/src/TextUI/TestRunner.php(64): PHPUnit\Framework\TestSuite->run()
14 VENDORPATH/phpunit/phpunit/src/TextUI/Application.php(211): PHPUnit\TextUI\TestRunner->run(Object(PHPUnit\TextUI\Configuration\Configuration), Object(PHPUnit\Runner\ResultCache\DefaultResultCache), Object(PHPUnit\Framework\TestSuite))
15 VENDORPATH/phpunit/phpunit/phpunit(104): PHPUnit\TextUI\Application->run([...])
16 VENDORPATH/bin/phpunit(122): include('/Applications/MAMP/htdocs/cafemenu-web-global/vendor/phpunit/phpunit/phpunit')
ERROR - 2026-05-01 15:22:57 --> no such table: db_cafe_fee_translations
in SYSTEMPATH/Database/SQLite3/Connection.php on line 163.
 1 SYSTEMPATH/Database/SQLite3/Connection.php(163): SQLite3->exec('DELETE FROM `db_cafe_fee_translations`')
 2 SYSTEMPATH/Database/BaseConnection.php(910): CodeIgniter\Database\SQLite3\Connection->execute('DELETE FROM `db_cafe_fee_translations`')
 3 SYSTEMPATH/Database/BaseConnection.php(827): CodeIgniter\Database\BaseConnection->simpleQuery('DELETE FROM `db_cafe_fee_translations`')
 4 SYSTEMPATH/Database/BaseBuilder.php(2751): CodeIgniter\Database\BaseConnection->query('DELETE FROM `db_cafe_fee_translations`', null, false)
 5 ROOTPATH/tests/feature/CafeMenuFlowTest.php(29): CodeIgniter\Database\BaseBuilder->emptyTable()
 6 VENDORPATH/phpunit/phpunit/src/Framework/TestCase.php(2467): CafeMenuFlowTest->setUp()
 7 VENDORPATH/phpunit/phpunit/src/Framework/TestCase.php(2370): PHPUnit\Framework\TestCase->invokeHookMethods(Object(PHPUnit\Runner\HookMethodCollection), Object(PHPUnit\Event\DispatchingEmitter), 'beforeTestMethodCalled', 'beforeTestMethodErrored', 'beforeTestMethodFinished')
 8 VENDORPATH/phpunit/phpunit/src/Framework/TestCase.php(511): PHPUnit\Framework\TestCase->invokeBeforeTestHookMethods([...], Object(PHPUnit\Event\DispatchingEmitter))
 9 VENDORPATH/phpunit/phpunit/src/Framework/TestRunner/TestRunner.php(87): PHPUnit\Framework\TestCase->runBare()
10 VENDORPATH/phpunit/phpunit/src/Framework/TestCase.php(365): PHPUnit\Framework\TestRunner->run(Object(CafeMenuFlowTest))
11 VENDORPATH/phpunit/phpunit/src/Framework/TestSuite.php(369): PHPUnit\Framework\TestCase->run()
12 VENDORPATH/phpunit/phpunit/src/Framework/TestSuite.php(369): PHPUnit\Framework\TestSuite->run()
13 VENDORPATH/phpunit/phpunit/src/TextUI/TestRunner.php(64): PHPUnit\Framework\TestSuite->run()
14 VENDORPATH/phpunit/phpunit/src/TextUI/Application.php(211): PHPUnit\TextUI\TestRunner->run(Object(PHPUnit\TextUI\Configuration\Configuration), Object(PHPUnit\Runner\ResultCache\DefaultResultCache), Object(PHPUnit\Framework\TestSuite))
15 VENDORPATH/phpunit/phpunit/phpunit(104): PHPUnit\TextUI\Application->run([...])
16 VENDORPATH/bin/phpunit(122): include('/Applications/MAMP/htdocs/cafemenu-web-global/vendor/phpunit/phpunit/phpunit')
ERROR - 2026-05-01 15:22:57 --> no such table: db_cafe_fee_translations
in SYSTEMPATH/Database/SQLite3/Connection.php on line 163.
 1 SYSTEMPATH/Database/SQLite3/Connection.php(163): SQLite3->exec('DELETE FROM `db_cafe_fee_translations`')
 2 SYSTEMPATH/Database/BaseConnection.php(910): CodeIgniter\Database\SQLite3\Connection->execute('DELETE FROM `db_cafe_fee_translations`')
 3 SYSTEMPATH/Database/BaseConnection.php(827): CodeIgniter\Database\BaseConnection->simpleQuery('DELETE FROM `db_cafe_fee_translations`')
 4 SYSTEMPATH/Database/BaseBuilder.php(2751): CodeIgniter\Database\BaseConnection->query('DELETE FROM `db_cafe_fee_translations`', null, false)
 5 ROOTPATH/tests/feature/CafeMenuFlowTest.php(29): CodeIgniter\Database\BaseBuilder->emptyTable()
 6 VENDORPATH/phpunit/phpunit/src/Framework/TestCase.php(2467): CafeMenuFlowTest->setUp()
 7 VENDORPATH/phpunit/phpunit/src/Framework/TestCase.php(2370): PHPUnit\Framework\TestCase->invokeHookMethods(Object(PHPUnit\Runner\HookMethodCollection), Object(PHPUnit\Event\DispatchingEmitter), 'beforeTestMethodCalled', 'beforeTestMethodErrored', 'beforeTestMethodFinished')
 8 VENDORPATH/phpunit/phpunit/src/Framework/TestCase.php(511): PHPUnit\Framework\TestCase->invokeBeforeTestHookMethods([...], Object(PHPUnit\Event\DispatchingEmitter))
 9 VENDORPATH/phpunit/phpunit/src/Framework/TestRunner/TestRunner.php(87): PHPUnit\Framework\TestCase->runBare()
10 VENDORPATH/phpunit/phpunit/src/Framework/TestCase.php(365): PHPUnit\Framework\TestRunner->run(Object(CafeMenuFlowTest))
11 VENDORPATH/phpunit/phpunit/src/Framework/TestSuite.php(369): PHPUnit\Framework\TestCase->run()
12 VENDORPATH/phpunit/phpunit/src/Framework/TestSuite.php(369): PHPUnit\Framework\TestSuite->run()
13 VENDORPATH/phpunit/phpunit/src/TextUI/TestRunner.php(64): PHPUnit\Framework\TestSuite->run()
14 VENDORPATH/phpunit/phpunit/src/TextUI/Application.php(211): PHPUnit\TextUI\TestRunner->run(Object(PHPUnit\TextUI\Configuration\Configuration), Object(PHPUnit\Runner\ResultCache\DefaultResultCache), Object(PHPUnit\Framework\TestSuite))
15 VENDORPATH/phpunit/phpunit/phpunit(104): PHPUnit\TextUI\Application->run([...])
16 VENDORPATH/bin/phpunit(122): include('/Applications/MAMP/htdocs/cafemenu-web-global/vendor/phpunit/phpunit/phpunit')
ERROR - 2026-05-01 15:22:57 --> no such table: db_cafe_fee_translations
in SYSTEMPATH/Database/SQLite3/Connection.php on line 163.
 1 SYSTEMPATH/Database/SQLite3/Connection.php(163): SQLite3->exec('DELETE FROM `db_cafe_fee_translations`')
 2 SYSTEMPATH/Database/BaseConnection.php(910): CodeIgniter\Database\SQLite3\Connection->execute('DELETE FROM `db_cafe_fee_translations`')
 3 SYSTEMPATH/Database/BaseConnection.php(827): CodeIgniter\Database\BaseConnection->simpleQuery('DELETE FROM `db_cafe_fee_translations`')
 4 SYSTEMPATH/Database/BaseBuilder.php(2751): CodeIgniter\Database\BaseConnection->query('DELETE FROM `db_cafe_fee_translations`', null, false)
 5 ROOTPATH/tests/feature/CafeMenuFlowTest.php(29): CodeIgniter\Database\BaseBuilder->emptyTable()
 6 VENDORPATH/phpunit/phpunit/src/Framework/TestCase.php(2467): CafeMenuFlowTest->setUp()
 7 VENDORPATH/phpunit/phpunit/src/Framework/TestCase.php(2370): PHPUnit\Framework\TestCase->invokeHookMethods(Object(PHPUnit\Runner\HookMethodCollection), Object(PHPUnit\Event\DispatchingEmitter), 'beforeTestMethodCalled', 'beforeTestMethodErrored', 'beforeTestMethodFinished')
 8 VENDORPATH/phpunit/phpunit/src/Framework/TestCase.php(511): PHPUnit\Framework\TestCase->invokeBeforeTestHookMethods([...], Object(PHPUnit\Event\DispatchingEmitter))
 9 VENDORPATH/phpunit/phpunit/src/Framework/TestRunner/TestRunner.php(87): PHPUnit\Framework\TestCase->runBare()
10 VENDORPATH/phpunit/phpunit/src/Framework/TestCase.php(365): PHPUnit\Framework\TestRunner->run(Object(CafeMenuFlowTest))
11 VENDORPATH/phpunit/phpunit/src/Framework/TestSuite.php(369): PHPUnit\Framework\TestCase->run()
12 VENDORPATH/phpunit/phpunit/src/Framework/TestSuite.php(369): PHPUnit\Framework\TestSuite->run()
13 VENDORPATH/phpunit/phpunit/src/TextUI/TestRunner.php(64): PHPUnit\Framework\TestSuite->run()
14 VENDORPATH/phpunit/phpunit/src/TextUI/Application.php(211): PHPUnit\TextUI\TestRunner->run(Object(PHPUnit\TextUI\Configuration\Configuration), Object(PHPUnit\Runner\ResultCache\DefaultResultCache), Object(PHPUnit\Framework\TestSuite))
15 VENDORPATH/phpunit/phpunit/phpunit(104): PHPUnit\TextUI\Application->run([...])
16 VENDORPATH/bin/phpunit(122): include('/Applications/MAMP/htdocs/cafemenu-web-global/vendor/phpunit/phpunit/phpunit')
ERROR - 2026-05-01 15:22:57 --> no such table: db_cafe_fee_translations
in SYSTEMPATH/Database/SQLite3/Connection.php on line 163.
 1 SYSTEMPATH/Database/SQLite3/Connection.php(163): SQLite3->exec('DELETE FROM `db_cafe_fee_translations`')
 2 SYSTEMPATH/Database/BaseConnection.php(910): CodeIgniter\Database\SQLite3\Connection->execute('DELETE FROM `db_cafe_fee_translations`')
 3 SYSTEMPATH/Database/BaseConnection.php(827): CodeIgniter\Database\BaseConnection->simpleQuery('DELETE FROM `db_cafe_fee_translations`')
 4 SYSTEMPATH/Database/BaseBuilder.php(2751): CodeIgniter\Database\BaseConnection->query('DELETE FROM `db_cafe_fee_translations`', null, false)
 5 ROOTPATH/tests/feature/CafeMenuFlowTest.php(29): CodeIgniter\Database\BaseBuilder->emptyTable()
 6 VENDORPATH/phpunit/phpunit/src/Framework/TestCase.php(2467): CafeMenuFlowTest->setUp()
 7 VENDORPATH/phpunit/phpunit/src/Framework/TestCase.php(2370): PHPUnit\Framework\TestCase->invokeHookMethods(Object(PHPUnit\Runner\HookMethodCollection), Object(PHPUnit\Event\DispatchingEmitter), 'beforeTestMethodCalled', 'beforeTestMethodErrored', 'beforeTestMethodFinished')
 8 VENDORPATH/phpunit/phpunit/src/Framework/TestCase.php(511): PHPUnit\Framework\TestCase->invokeBeforeTestHookMethods([...], Object(PHPUnit\Event\DispatchingEmitter))
 9 VENDORPATH/phpunit/phpunit/src/Framework/TestRunner/TestRunner.php(87): PHPUnit\Framework\TestCase->runBare()
10 VENDORPATH/phpunit/phpunit/src/Framework/TestCase.php(365): PHPUnit\Framework\TestRunner->run(Object(CafeMenuFlowTest))
11 VENDORPATH/phpunit/phpunit/src/Framework/TestSuite.php(369): PHPUnit\Framework\TestCase->run()
12 VENDORPATH/phpunit/phpunit/src/Framework/TestSuite.php(369): PHPUnit\Framework\TestSuite->run()
13 VENDORPATH/phpunit/phpunit/src/TextUI/TestRunner.php(64): PHPUnit\Framework\TestSuite->run()
14 VENDORPATH/phpunit/phpunit/src/TextUI/Application.php(211): PHPUnit\TextUI\TestRunner->run(Object(PHPUnit\TextUI\Configuration\Configuration), Object(PHPUnit\Runner\ResultCache\DefaultResultCache), Object(PHPUnit\Framework\TestSuite))
15 VENDORPATH/phpunit/phpunit/phpunit(104): PHPUnit\TextUI\Application->run([...])
16 VENDORPATH/bin/phpunit(122): include('/Applications/MAMP/htdocs/cafemenu-web-global/vendor/phpunit/phpunit/phpunit')
ERROR - 2026-05-01 15:22:57 --> no such table: db_cafe_fee_translations
in SYSTEMPATH/Database/SQLite3/Connection.php on line 163.
 1 SYSTEMPATH/Database/SQLite3/Connection.php(163): SQLite3->exec('DELETE FROM `db_cafe_fee_translations`')
 2 SYSTEMPATH/Database/BaseConnection.php(910): CodeIgniter\Database\SQLite3\Connection->execute('DELETE FROM `db_cafe_fee_translations`')
 3 SYSTEMPATH/Database/BaseConnection.php(827): CodeIgniter\Database\BaseConnection->simpleQuery('DELETE FROM `db_cafe_fee_translations`')
 4 SYSTEMPATH/Database/BaseBuilder.php(2751): CodeIgniter\Database\BaseConnection->query('DELETE FROM `db_cafe_fee_translations`', null, false)
 5 ROOTPATH/tests/feature/CafeMenuFlowTest.php(29): CodeIgniter\Database\BaseBuilder->emptyTable()
 6 VENDORPATH/phpunit/phpunit/src/Framework/TestCase.php(2467): CafeMenuFlowTest->setUp()
 7 VENDORPATH/phpunit/phpunit/src/Framework/TestCase.php(2370): PHPUnit\Framework\TestCase->invokeHookMethods(Object(PHPUnit\Runner\HookMethodCollection), Object(PHPUnit\Event\DispatchingEmitter), 'beforeTestMethodCalled', 'beforeTestMethodErrored', 'beforeTestMethodFinished')
 8 VENDORPATH/phpunit/phpunit/src/Framework/TestCase.php(511): PHPUnit\Framework\TestCase->invokeBeforeTestHookMethods([...], Object(PHPUnit\Event\DispatchingEmitter))
 9 VENDORPATH/phpunit/phpunit/src/Framework/TestRunner/TestRunner.php(87): PHPUnit\Framework\TestCase->runBare()
10 VENDORPATH/phpunit/phpunit/src/Framework/TestCase.php(365): PHPUnit\Framework\TestRunner->run(Object(CafeMenuFlowTest))
11 VENDORPATH/phpunit/phpunit/src/Framework/TestSuite.php(369): PHPUnit\Framework\TestCase->run()
12 VENDORPATH/phpunit/phpunit/src/Framework/TestSuite.php(369): PHPUnit\Framework\TestSuite->run()
13 VENDORPATH/phpunit/phpunit/src/TextUI/TestRunner.php(64): PHPUnit\Framework\TestSuite->run()
14 VENDORPATH/phpunit/phpunit/src/TextUI/Application.php(211): PHPUnit\TextUI\TestRunner->run(Object(PHPUnit\TextUI\Configuration\Configuration), Object(PHPUnit\Runner\ResultCache\DefaultResultCache), Object(PHPUnit\Framework\TestSuite))
15 VENDORPATH/phpunit/phpunit/phpunit(104): PHPUnit\TextUI\Application->run([...])
16 VENDORPATH/bin/phpunit(122): include('/Applications/MAMP/htdocs/cafemenu-web-global/vendor/phpunit/phpunit/phpunit')
ERROR - 2026-05-01 15:22:57 --> no such table: db_cafe_fee_translations
in SYSTEMPATH/Database/SQLite3/Connection.php on line 163.
 1 SYSTEMPATH/Database/SQLite3/Connection.php(163): SQLite3->exec('DELETE FROM `db_cafe_fee_translations`')
 2 SYSTEMPATH/Database/BaseConnection.php(910): CodeIgniter\Database\SQLite3\Connection->execute('DELETE FROM `db_cafe_fee_translations`')
 3 SYSTEMPATH/Database/BaseConnection.php(827): CodeIgniter\Database\BaseConnection->simpleQuery('DELETE FROM `db_cafe_fee_translations`')
 4 SYSTEMPATH/Database/BaseBuilder.php(2751): CodeIgniter\Database\BaseConnection->query('DELETE FROM `db_cafe_fee_translations`', null, false)
 5 ROOTPATH/tests/feature/CafeMenuFlowTest.php(29): CodeIgniter\Database\BaseBuilder->emptyTable()
 6 VENDORPATH/phpunit/phpunit/src/Framework/TestCase.php(2467): CafeMenuFlowTest->setUp()
 7 VENDORPATH/phpunit/phpunit/src/Framework/TestCase.php(2370): PHPUnit\Framework\TestCase->invokeHookMethods(Object(PHPUnit\Runner\HookMethodCollection), Object(PHPUnit\Event\DispatchingEmitter), 'beforeTestMethodCalled', 'beforeTestMethodErrored', 'beforeTestMethodFinished')
 8 VENDORPATH/phpunit/phpunit/src/Framework/TestCase.php(511): PHPUnit\Framework\TestCase->invokeBeforeTestHookMethods([...], Object(PHPUnit\Event\DispatchingEmitter))
 9 VENDORPATH/phpunit/phpunit/src/Framework/TestRunner/TestRunner.php(87): PHPUnit\Framework\TestCase->runBare()
10 VENDORPATH/phpunit/phpunit/src/Framework/TestCase.php(365): PHPUnit\Framework\TestRunner->run(Object(CafeMenuFlowTest))
11 VENDORPATH/phpunit/phpunit/src/Framework/TestSuite.php(369): PHPUnit\Framework\TestCase->run()
12 VENDORPATH/phpunit/phpunit/src/Framework/TestSuite.php(369): PHPUnit\Framework\TestSuite->run()
13 VENDORPATH/phpunit/phpunit/src/TextUI/TestRunner.php(64): PHPUnit\Framework\TestSuite->run()
14 VENDORPATH/phpunit/phpunit/src/TextUI/Application.php(211): PHPUnit\TextUI\TestRunner->run(Object(PHPUnit\TextUI\Configuration\Configuration), Object(PHPUnit\Runner\ResultCache\DefaultResultCache), Object(PHPUnit\Framework\TestSuite))
15 VENDORPATH/phpunit/phpunit/phpunit(104): PHPUnit\TextUI\Application->run([...])
16 VENDORPATH/bin/phpunit(122): include('/Applications/MAMP/htdocs/cafemenu-web-global/vendor/phpunit/phpunit/phpunit')
ERROR - 2026-05-01 15:22:57 --> no such table: db_cafe_fee_translations
in SYSTEMPATH/Database/SQLite3/Connection.php on line 163.
 1 SYSTEMPATH/Database/SQLite3/Connection.php(163): SQLite3->exec('DELETE FROM `db_cafe_fee_translations`')
 2 SYSTEMPATH/Database/BaseConnection.php(910): CodeIgniter\Database\SQLite3\Connection->execute('DELETE FROM `db_cafe_fee_translations`')
 3 SYSTEMPATH/Database/BaseConnection.php(827): CodeIgniter\Database\BaseConnection->simpleQuery('DELETE FROM `db_cafe_fee_translations`')
 4 SYSTEMPATH/Database/BaseBuilder.php(2751): CodeIgniter\Database\BaseConnection->query('DELETE FROM `db_cafe_fee_translations`', null, false)
 5 ROOTPATH/tests/feature/CafeMenuFlowTest.php(29): CodeIgniter\Database\BaseBuilder->emptyTable()
 6 VENDORPATH/phpunit/phpunit/src/Framework/TestCase.php(2467): CafeMenuFlowTest->setUp()
 7 VENDORPATH/phpunit/phpunit/src/Framework/TestCase.php(2370): PHPUnit\Framework\TestCase->invokeHookMethods(Object(PHPUnit\Runner\HookMethodCollection), Object(PHPUnit\Event\DispatchingEmitter), 'beforeTestMethodCalled', 'beforeTestMethodErrored', 'beforeTestMethodFinished')
 8 VENDORPATH/phpunit/phpunit/src/Framework/TestCase.php(511): PHPUnit\Framework\TestCase->invokeBeforeTestHookMethods([...], Object(PHPUnit\Event\DispatchingEmitter))
 9 VENDORPATH/phpunit/phpunit/src/Framework/TestRunner/TestRunner.php(87): PHPUnit\Framework\TestCase->runBare()
10 VENDORPATH/phpunit/phpunit/src/Framework/TestCase.php(365): PHPUnit\Framework\TestRunner->run(Object(CafeMenuFlowTest))
11 VENDORPATH/phpunit/phpunit/src/Framework/TestSuite.php(369): PHPUnit\Framework\TestCase->run()
12 VENDORPATH/phpunit/phpunit/src/Framework/TestSuite.php(369): PHPUnit\Framework\TestSuite->run()
13 VENDORPATH/phpunit/phpunit/src/TextUI/TestRunner.php(64): PHPUnit\Framework\TestSuite->run()
14 VENDORPATH/phpunit/phpunit/src/TextUI/Application.php(211): PHPUnit\TextUI\TestRunner->run(Object(PHPUnit\TextUI\Configuration\Configuration), Object(PHPUnit\Runner\ResultCache\DefaultResultCache), Object(PHPUnit\Framework\TestSuite))
15 VENDORPATH/phpunit/phpunit/phpunit(104): PHPUnit\TextUI\Application->run([...])
16 VENDORPATH/bin/phpunit(122): include('/Applications/MAMP/htdocs/cafemenu-web-global/vendor/phpunit/phpunit/phpunit')
ERROR - 2026-05-01 15:22:57 --> no such table: db_cafe_fee_translations
in SYSTEMPATH/Database/SQLite3/Connection.php on line 163.
 1 SYSTEMPATH/Database/SQLite3/Connection.php(163): SQLite3->exec('DELETE FROM `db_cafe_fee_translations`')
 2 SYSTEMPATH/Database/BaseConnection.php(910): CodeIgniter\Database\SQLite3\Connection->execute('DELETE FROM `db_cafe_fee_translations`')
 3 SYSTEMPATH/Database/BaseConnection.php(827): CodeIgniter\Database\BaseConnection->simpleQuery('DELETE FROM `db_cafe_fee_translations`')
 4 SYSTEMPATH/Database/BaseBuilder.php(2751): CodeIgniter\Database\BaseConnection->query('DELETE FROM `db_cafe_fee_translations`', null, false)
 5 ROOTPATH/tests/feature/CafeMenuFlowTest.php(29): CodeIgniter\Database\BaseBuilder->emptyTable()
 6 VENDORPATH/phpunit/phpunit/src/Framework/TestCase.php(2467): CafeMenuFlowTest->setUp()
 7 VENDORPATH/phpunit/phpunit/src/Framework/TestCase.php(2370): PHPUnit\Framework\TestCase->invokeHookMethods(Object(PHPUnit\Runner\HookMethodCollection), Object(PHPUnit\Event\DispatchingEmitter), 'beforeTestMethodCalled', 'beforeTestMethodErrored', 'beforeTestMethodFinished')
 8 VENDORPATH/phpunit/phpunit/src/Framework/TestCase.php(511): PHPUnit\Framework\TestCase->invokeBeforeTestHookMethods([...], Object(PHPUnit\Event\DispatchingEmitter))
 9 VENDORPATH/phpunit/phpunit/src/Framework/TestRunner/TestRunner.php(87): PHPUnit\Framework\TestCase->runBare()
10 VENDORPATH/phpunit/phpunit/src/Framework/TestCase.php(365): PHPUnit\Framework\TestRunner->run(Object(CafeMenuFlowTest))
11 VENDORPATH/phpunit/phpunit/src/Framework/TestSuite.php(369): PHPUnit\Framework\TestCase->run()
12 VENDORPATH/phpunit/phpunit/src/Framework/TestSuite.php(369): PHPUnit\Framework\TestSuite->run()
13 VENDORPATH/phpunit/phpunit/src/TextUI/TestRunner.php(64): PHPUnit\Framework\TestSuite->run()
14 VENDORPATH/phpunit/phpunit/src/TextUI/Application.php(211): PHPUnit\TextUI\TestRunner->run(Object(PHPUnit\TextUI\Configuration\Configuration), Object(PHPUnit\Runner\ResultCache\DefaultResultCache), Object(PHPUnit\Framework\TestSuite))
15 VENDORPATH/phpunit/phpunit/phpunit(104): PHPUnit\TextUI\Application->run([...])
16 VENDORPATH/bin/phpunit(122): include('/Applications/MAMP/htdocs/cafemenu-web-global/vendor/phpunit/phpunit/phpunit')
ERROR - 2026-05-01 15:22:57 --> no such table: db_cafe_fee_translations
in SYSTEMPATH/Database/SQLite3/Connection.php on line 163.
 1 SYSTEMPATH/Database/SQLite3/Connection.php(163): SQLite3->exec('DELETE FROM `db_cafe_fee_translations`')
 2 SYSTEMPATH/Database/BaseConnection.php(910): CodeIgniter\Database\SQLite3\Connection->execute('DELETE FROM `db_cafe_fee_translations`')
 3 SYSTEMPATH/Database/BaseConnection.php(827): CodeIgniter\Database\BaseConnection->simpleQuery('DELETE FROM `db_cafe_fee_translations`')
 4 SYSTEMPATH/Database/BaseBuilder.php(2751): CodeIgniter\Database\BaseConnection->query('DELETE FROM `db_cafe_fee_translations`', null, false)
 5 ROOTPATH/tests/feature/CafeMenuFlowTest.php(29): CodeIgniter\Database\BaseBuilder->emptyTable()
 6 VENDORPATH/phpunit/phpunit/src/Framework/TestCase.php(2467): CafeMenuFlowTest->setUp()
 7 VENDORPATH/phpunit/phpunit/src/Framework/TestCase.php(2370): PHPUnit\Framework\TestCase->invokeHookMethods(Object(PHPUnit\Runner\HookMethodCollection), Object(PHPUnit\Event\DispatchingEmitter), 'beforeTestMethodCalled', 'beforeTestMethodErrored', 'beforeTestMethodFinished')
 8 VENDORPATH/phpunit/phpunit/src/Framework/TestCase.php(511): PHPUnit\Framework\TestCase->invokeBeforeTestHookMethods([...], Object(PHPUnit\Event\DispatchingEmitter))
 9 VENDORPATH/phpunit/phpunit/src/Framework/TestRunner/TestRunner.php(87): PHPUnit\Framework\TestCase->runBare()
10 VENDORPATH/phpunit/phpunit/src/Framework/TestCase.php(365): PHPUnit\Framework\TestRunner->run(Object(CafeMenuFlowTest))
11 VENDORPATH/phpunit/phpunit/src/Framework/TestSuite.php(369): PHPUnit\Framework\TestCase->run()
12 VENDORPATH/phpunit/phpunit/src/Framework/TestSuite.php(369): PHPUnit\Framework\TestSuite->run()
13 VENDORPATH/phpunit/phpunit/src/TextUI/TestRunner.php(64): PHPUnit\Framework\TestSuite->run()
14 VENDORPATH/phpunit/phpunit/src/TextUI/Application.php(211): PHPUnit\TextUI\TestRunner->run(Object(PHPUnit\TextUI\Configuration\Configuration), Object(PHPUnit\Runner\ResultCache\DefaultResultCache), Object(PHPUnit\Framework\TestSuite))
15 VENDORPATH/phpunit/phpunit/phpunit(104): PHPUnit\TextUI\Application->run([...])
16 VENDORPATH/bin/phpunit(122): include('/Applications/MAMP/htdocs/cafemenu-web-global/vendor/phpunit/phpunit/phpunit')
ERROR - 2026-05-01 15:22:57 --> no such table: db_cafe_fee_translations
in SYSTEMPATH/Database/SQLite3/Connection.php on line 163.
 1 SYSTEMPATH/Database/SQLite3/Connection.php(163): SQLite3->exec('DELETE FROM `db_cafe_fee_translations`')
 2 SYSTEMPATH/Database/BaseConnection.php(910): CodeIgniter\Database\SQLite3\Connection->execute('DELETE FROM `db_cafe_fee_translations`')
 3 SYSTEMPATH/Database/BaseConnection.php(827): CodeIgniter\Database\BaseConnection->simpleQuery('DELETE FROM `db_cafe_fee_translations`')
 4 SYSTEMPATH/Database/BaseBuilder.php(2751): CodeIgniter\Database\BaseConnection->query('DELETE FROM `db_cafe_fee_translations`', null, false)
 5 ROOTPATH/tests/feature/CafeMenuFlowTest.php(29): CodeIgniter\Database\BaseBuilder->emptyTable()
 6 VENDORPATH/phpunit/phpunit/src/Framework/TestCase.php(2467): CafeMenuFlowTest->setUp()
 7 VENDORPATH/phpunit/phpunit/src/Framework/TestCase.php(2370): PHPUnit\Framework\TestCase->invokeHookMethods(Object(PHPUnit\Runner\HookMethodCollection), Object(PHPUnit\Event\DispatchingEmitter), 'beforeTestMethodCalled', 'beforeTestMethodErrored', 'beforeTestMethodFinished')
 8 VENDORPATH/phpunit/phpunit/src/Framework/TestCase.php(511): PHPUnit\Framework\TestCase->invokeBeforeTestHookMethods([...], Object(PHPUnit\Event\DispatchingEmitter))
 9 VENDORPATH/phpunit/phpunit/src/Framework/TestRunner/TestRunner.php(87): PHPUnit\Framework\TestCase->runBare()
10 VENDORPATH/phpunit/phpunit/src/Framework/TestCase.php(365): PHPUnit\Framework\TestRunner->run(Object(CafeMenuFlowTest))
11 VENDORPATH/phpunit/phpunit/src/Framework/TestSuite.php(369): PHPUnit\Framework\TestCase->run()
12 VENDORPATH/phpunit/phpunit/src/Framework/TestSuite.php(369): PHPUnit\Framework\TestSuite->run()
13 VENDORPATH/phpunit/phpunit/src/TextUI/TestRunner.php(64): PHPUnit\Framework\TestSuite->run()
14 VENDORPATH/phpunit/phpunit/src/TextUI/Application.php(211): PHPUnit\TextUI\TestRunner->run(Object(PHPUnit\TextUI\Configuration\Configuration), Object(PHPUnit\Runner\ResultCache\DefaultResultCache), Object(PHPUnit\Framework\TestSuite))
15 VENDORPATH/phpunit/phpunit/phpunit(104): PHPUnit\TextUI\Application->run([...])
16 VENDORPATH/bin/phpunit(122): include('/Applications/MAMP/htdocs/cafemenu-web-global/vendor/phpunit/phpunit/phpunit')
ERROR - 2026-05-01 15:22:57 --> no such table: db_cafe_fee_translations
in SYSTEMPATH/Database/SQLite3/Connection.php on line 163.
 1 SYSTEMPATH/Database/SQLite3/Connection.php(163): SQLite3->exec('DELETE FROM `db_cafe_fee_translations`')
 2 SYSTEMPATH/Database/BaseConnection.php(910): CodeIgniter\Database\SQLite3\Connection->execute('DELETE FROM `db_cafe_fee_translations`')
 3 SYSTEMPATH/Database/BaseConnection.php(827): CodeIgniter\Database\BaseConnection->simpleQuery('DELETE FROM `db_cafe_fee_translations`')
 4 SYSTEMPATH/Database/BaseBuilder.php(2751): CodeIgniter\Database\BaseConnection->query('DELETE FROM `db_cafe_fee_translations`', null, false)
 5 ROOTPATH/tests/feature/CafeMenuFlowTest.php(29): CodeIgniter\Database\BaseBuilder->emptyTable()
 6 VENDORPATH/phpunit/phpunit/src/Framework/TestCase.php(2467): CafeMenuFlowTest->setUp()
 7 VENDORPATH/phpunit/phpunit/src/Framework/TestCase.php(2370): PHPUnit\Framework\TestCase->invokeHookMethods(Object(PHPUnit\Runner\HookMethodCollection), Object(PHPUnit\Event\DispatchingEmitter), 'beforeTestMethodCalled', 'beforeTestMethodErrored', 'beforeTestMethodFinished')
 8 VENDORPATH/phpunit/phpunit/src/Framework/TestCase.php(511): PHPUnit\Framework\TestCase->invokeBeforeTestHookMethods([...], Object(PHPUnit\Event\DispatchingEmitter))
 9 VENDORPATH/phpunit/phpunit/src/Framework/TestRunner/TestRunner.php(87): PHPUnit\Framework\TestCase->runBare()
10 VENDORPATH/phpunit/phpunit/src/Framework/TestCase.php(365): PHPUnit\Framework\TestRunner->run(Object(CafeMenuFlowTest))
11 VENDORPATH/phpunit/phpunit/src/Framework/TestSuite.php(369): PHPUnit\Framework\TestCase->run()
12 VENDORPATH/phpunit/phpunit/src/Framework/TestSuite.php(369): PHPUnit\Framework\TestSuite->run()
13 VENDORPATH/phpunit/phpunit/src/TextUI/TestRunner.php(64): PHPUnit\Framework\TestSuite->run()
14 VENDORPATH/phpunit/phpunit/src/TextUI/Application.php(211): PHPUnit\TextUI\TestRunner->run(Object(PHPUnit\TextUI\Configuration\Configuration), Object(PHPUnit\Runner\ResultCache\DefaultResultCache), Object(PHPUnit\Framework\TestSuite))
15 VENDORPATH/phpunit/phpunit/phpunit(104): PHPUnit\TextUI\Application->run([...])
16 VENDORPATH/bin/phpunit(122): include('/Applications/MAMP/htdocs/cafemenu-web-global/vendor/phpunit/phpunit/phpunit')
ERROR - 2026-05-01 15:22:57 --> no such table: db_cafe_fee_translations
in SYSTEMPATH/Database/SQLite3/Connection.php on line 163.
 1 SYSTEMPATH/Database/SQLite3/Connection.php(163): SQLite3->exec('DELETE FROM `db_cafe_fee_translations`')
 2 SYSTEMPATH/Database/BaseConnection.php(910): CodeIgniter\Database\SQLite3\Connection->execute('DELETE FROM `db_cafe_fee_translations`')
 3 SYSTEMPATH/Database/BaseConnection.php(827): CodeIgniter\Database\BaseConnection->simpleQuery('DELETE FROM `db_cafe_fee_translations`')
 4 SYSTEMPATH/Database/BaseBuilder.php(2751): CodeIgniter\Database\BaseConnection->query('DELETE FROM `db_cafe_fee_translations`', null, false)
 5 ROOTPATH/tests/feature/CafeMenuFlowTest.php(29): CodeIgniter\Database\BaseBuilder->emptyTable()
 6 VENDORPATH/phpunit/phpunit/src/Framework/TestCase.php(2467): CafeMenuFlowTest->setUp()
 7 VENDORPATH/phpunit/phpunit/src/Framework/TestCase.php(2370): PHPUnit\Framework\TestCase->invokeHookMethods(Object(PHPUnit\Runner\HookMethodCollection), Object(PHPUnit\Event\DispatchingEmitter), 'beforeTestMethodCalled', 'beforeTestMethodErrored', 'beforeTestMethodFinished')
 8 VENDORPATH/phpunit/phpunit/src/Framework/TestCase.php(511): PHPUnit\Framework\TestCase->invokeBeforeTestHookMethods([...], Object(PHPUnit\Event\DispatchingEmitter))
 9 VENDORPATH/phpunit/phpunit/src/Framework/TestRunner/TestRunner.php(87): PHPUnit\Framework\TestCase->runBare()
10 VENDORPATH/phpunit/phpunit/src/Framework/TestCase.php(365): PHPUnit\Framework\TestRunner->run(Object(CafeMenuFlowTest))
11 VENDORPATH/phpunit/phpunit/src/Framework/TestSuite.php(369): PHPUnit\Framework\TestCase->run()
12 VENDORPATH/phpunit/phpunit/src/Framework/TestSuite.php(369): PHPUnit\Framework\TestSuite->run()
13 VENDORPATH/phpunit/phpunit/src/TextUI/TestRunner.php(64): PHPUnit\Framework\TestSuite->run()
14 VENDORPATH/phpunit/phpunit/src/TextUI/Application.php(211): PHPUnit\TextUI\TestRunner->run(Object(PHPUnit\TextUI\Configuration\Configuration), Object(PHPUnit\Runner\ResultCache\DefaultResultCache), Object(PHPUnit\Framework\TestSuite))
15 VENDORPATH/phpunit/phpunit/phpunit(104): PHPUnit\TextUI\Application->run([...])
16 VENDORPATH/bin/phpunit(122): include('/Applications/MAMP/htdocs/cafemenu-web-global/vendor/phpunit/phpunit/phpunit')
ERROR - 2026-05-01 15:22:57 --> no such table: db_cafe_fee_translations
in SYSTEMPATH/Database/SQLite3/Connection.php on line 163.
 1 SYSTEMPATH/Database/SQLite3/Connection.php(163): SQLite3->exec('DELETE FROM `db_cafe_fee_translations`')
 2 SYSTEMPATH/Database/BaseConnection.php(910): CodeIgniter\Database\SQLite3\Connection->execute('DELETE FROM `db_cafe_fee_translations`')
 3 SYSTEMPATH/Database/BaseConnection.php(827): CodeIgniter\Database\BaseConnection->simpleQuery('DELETE FROM `db_cafe_fee_translations`')
 4 SYSTEMPATH/Database/BaseBuilder.php(2751): CodeIgniter\Database\BaseConnection->query('DELETE FROM `db_cafe_fee_translations`', null, false)
 5 ROOTPATH/tests/feature/CafeMenuFlowTest.php(29): CodeIgniter\Database\BaseBuilder->emptyTable()
 6 VENDORPATH/phpunit/phpunit/src/Framework/TestCase.php(2467): CafeMenuFlowTest->setUp()
 7 VENDORPATH/phpunit/phpunit/src/Framework/TestCase.php(2370): PHPUnit\Framework\TestCase->invokeHookMethods(Object(PHPUnit\Runner\HookMethodCollection), Object(PHPUnit\Event\DispatchingEmitter), 'beforeTestMethodCalled', 'beforeTestMethodErrored', 'beforeTestMethodFinished')
 8 VENDORPATH/phpunit/phpunit/src/Framework/TestCase.php(511): PHPUnit\Framework\TestCase->invokeBeforeTestHookMethods([...], Object(PHPUnit\Event\DispatchingEmitter))
 9 VENDORPATH/phpunit/phpunit/src/Framework/TestRunner/TestRunner.php(87): PHPUnit\Framework\TestCase->runBare()
10 VENDORPATH/phpunit/phpunit/src/Framework/TestCase.php(365): PHPUnit\Framework\TestRunner->run(Object(CafeMenuFlowTest))
11 VENDORPATH/phpunit/phpunit/src/Framework/TestSuite.php(369): PHPUnit\Framework\TestCase->run()
12 VENDORPATH/phpunit/phpunit/src/Framework/TestSuite.php(369): PHPUnit\Framework\TestSuite->run()
13 VENDORPATH/phpunit/phpunit/src/TextUI/TestRunner.php(64): PHPUnit\Framework\TestSuite->run()
14 VENDORPATH/phpunit/phpunit/src/TextUI/Application.php(211): PHPUnit\TextUI\TestRunner->run(Object(PHPUnit\TextUI\Configuration\Configuration), Object(PHPUnit\Runner\ResultCache\DefaultResultCache), Object(PHPUnit\Framework\TestSuite))
15 VENDORPATH/phpunit/phpunit/phpunit(104): PHPUnit\TextUI\Application->run([...])
16 VENDORPATH/bin/phpunit(122): include('/Applications/MAMP/htdocs/cafemenu-web-global/vendor/phpunit/phpunit/phpunit')
ERROR - 2026-05-01 15:22:57 --> no such table: db_cafe_fee_translations
in SYSTEMPATH/Database/SQLite3/Connection.php on line 163.
 1 SYSTEMPATH/Database/SQLite3/Connection.php(163): SQLite3->exec('DELETE FROM `db_cafe_fee_translations`')
 2 SYSTEMPATH/Database/BaseConnection.php(910): CodeIgniter\Database\SQLite3\Connection->execute('DELETE FROM `db_cafe_fee_translations`')
 3 SYSTEMPATH/Database/BaseConnection.php(827): CodeIgniter\Database\BaseConnection->simpleQuery('DELETE FROM `db_cafe_fee_translations`')
 4 SYSTEMPATH/Database/BaseBuilder.php(2751): CodeIgniter\Database\BaseConnection->query('DELETE FROM `db_cafe_fee_translations`', null, false)
 5 ROOTPATH/tests/feature/CafeMenuFlowTest.php(29): CodeIgniter\Database\BaseBuilder->emptyTable()
 6 VENDORPATH/phpunit/phpunit/src/Framework/TestCase.php(2467): CafeMenuFlowTest->setUp()
 7 VENDORPATH/phpunit/phpunit/src/Framework/TestCase.php(2370): PHPUnit\Framework\TestCase->invokeHookMethods(Object(PHPUnit\Runner\HookMethodCollection), Object(PHPUnit\Event\DispatchingEmitter), 'beforeTestMethodCalled', 'beforeTestMethodErrored', 'beforeTestMethodFinished')
 8 VENDORPATH/phpunit/phpunit/src/Framework/TestCase.php(511): PHPUnit\Framework\TestCase->invokeBeforeTestHookMethods([...], Object(PHPUnit\Event\DispatchingEmitter))
 9 VENDORPATH/phpunit/phpunit/src/Framework/TestRunner/TestRunner.php(87): PHPUnit\Framework\TestCase->runBare()
10 VENDORPATH/phpunit/phpunit/src/Framework/TestCase.php(365): PHPUnit\Framework\TestRunner->run(Object(CafeMenuFlowTest))
11 VENDORPATH/phpunit/phpunit/src/Framework/TestSuite.php(369): PHPUnit\Framework\TestCase->run()
12 VENDORPATH/phpunit/phpunit/src/Framework/TestSuite.php(369): PHPUnit\Framework\TestSuite->run()
13 VENDORPATH/phpunit/phpunit/src/TextUI/TestRunner.php(64): PHPUnit\Framework\TestSuite->run()
14 VENDORPATH/phpunit/phpunit/src/TextUI/Application.php(211): PHPUnit\TextUI\TestRunner->run(Object(PHPUnit\TextUI\Configuration\Configuration), Object(PHPUnit\Runner\ResultCache\DefaultResultCache), Object(PHPUnit\Framework\TestSuite))
15 VENDORPATH/phpunit/phpunit/phpunit(104): PHPUnit\TextUI\Application->run([...])
16 VENDORPATH/bin/phpunit(122): include('/Applications/MAMP/htdocs/cafemenu-web-global/vendor/phpunit/phpunit/phpunit')
DEBUG - 2026-05-01 15:26:02 --> Session: Class initialized using 'CodeIgniter\Session\Handlers\FileHandler' driver.
DEBUG - 2026-05-01 15:26:06 --> Session: Class initialized using 'CodeIgniter\Session\Handlers\FileHandler' driver.
DEBUG - 2026-05-01 15:26:06 --> Session: Class initialized using 'CodeIgniter\Session\Handlers\FileHandler' driver.
DEBUG - 2026-05-01 15:26:07 --> Session: Class initialized using 'CodeIgniter\Session\Handlers\FileHandler' driver.
DEBUG - 2026-05-01 15:26:11 --> Session: Class initialized using 'CodeIgniter\Session\Handlers\FileHandler' driver.
DEBUG - 2026-05-01 15:26:11 --> Session: Class initialized using 'CodeIgniter\Session\Handlers\FileHandler' driver.
DEBUG - 2026-05-01 15:26:12 --> Session: Class initialized using 'CodeIgniter\Session\Handlers\FileHandler' driver.
DEBUG - 2026-05-01 15:26:23 --> Session: Class initialized using 'CodeIgniter\Session\Handlers\FileHandler' driver.
DEBUG - 2026-05-01 15:31:17 --> Session: Class initialized using 'CodeIgniter\Session\Handlers\FileHandler' driver.
DEBUG - 2026-05-01 15:31:17 --> Session: Class initialized using 'CodeIgniter\Session\Handlers\FileHandler' driver.
DEBUG - 2026-05-01 15:31:20 --> Session: Class initialized using 'CodeIgniter\Session\Handlers\FileHandler' driver.
DEBUG - 2026-05-01 15:31:21 --> Session: Class initialized using 'CodeIgniter\Session\Handlers\FileHandler' driver.
DEBUG - 2026-05-01 15:31:21 --> Session: Class initialized using 'CodeIgniter\Session\Handlers\FileHandler' driver.
DEBUG - 2026-05-01 15:31:21 --> Session: Class initialized using 'CodeIgniter\Session\Handlers\FileHandler' driver.
DEBUG - 2026-05-01 15:31:22 --> Session: Class initialized using 'CodeIgniter\Session\Handlers\FileHandler' driver.
DEBUG - 2026-05-01 15:31:23 --> Session: Class initialized using 'CodeIgniter\Session\Handlers\FileHandler' driver.
DEBUG - 2026-05-01 15:31:23 --> Session: Class initialized using 'CodeIgniter\Session\Handlers\FileHandler' driver.
DEBUG - 2026-05-01 15:31:24 --> Session: Class initialized using 'CodeIgniter\Session\Handlers\FileHandler' driver.
DEBUG - 2026-05-01 15:31:24 --> Session: Class initialized using 'CodeIgniter\Session\Handlers\FileHandler' driver.
DEBUG - 2026-05-01 15:31:25 --> Session: Class initialized using 'CodeIgniter\Session\Handlers\FileHandler' driver.
DEBUG - 2026-05-01 15:31:25 --> Session: Class initialized using 'CodeIgniter\Session\Handlers\FileHandler' driver.
DEBUG - 2026-05-01 15:31:26 --> Session: Class initialized using 'CodeIgniter\Session\Handlers\FileHandler' driver.
DEBUG - 2026-05-01 15:31:27 --> Session: Class initialized using 'CodeIgniter\Session\Handlers\FileHandler' driver.
