ERROR - 2026-04-24 19:29:22 --> Error connecting to the database: mysqli_sql_exception: Connection refused in /Applications/MAMP/htdocs/cafemenu-web/system/Database/MySQLi/Connection.php:201
Stack trace:
#0 /Applications/MAMP/htdocs/cafemenu-web/system/Database/MySQLi/Connection.php(201): mysqli->real_connect('127.0.0.1', 'root', Object(SensitiveParameterValue), 'cafemenu', 3306, '', 0)
#1 /Applications/MAMP/htdocs/cafemenu-web/system/Database/BaseConnection.php(555): CodeIgniter\Database\MySQLi\Connection->connect(false)
#2 /Applications/MAMP/htdocs/cafemenu-web/system/Database/BaseConnection.php(795): CodeIgniter\Database\BaseConnection->initialize()
#3 /Applications/MAMP/htdocs/cafemenu-web/system/Database/BaseBuilder.php(1649): CodeIgniter\Database\BaseConnection->query('SELECT `usernam...', Array, false)
#4 /Applications/MAMP/htdocs/cafemenu-web/system/Model.php(253): CodeIgniter\Database\BaseBuilder->get()
#5 /Applications/MAMP/htdocs/cafemenu-web/system/BaseModel.php(676): CodeIgniter\Model->doFindAll(0, 0)
#6 /Applications/MAMP/htdocs/cafemenu-web/app/Models/CafeModel.php(63): CodeIgniter\BaseModel->findAll()
#7 /Applications/MAMP/htdocs/cafemenu-web/app/Controllers/Home.php(18): App\Models\CafeModel->findRecentActive(10)
#8 /Applications/MAMP/htdocs/cafemenu-web/system/CodeIgniter.php(951): App\Controllers\Home->index()
#9 /Applications/MAMP/htdocs/cafemenu-web/system/CodeIgniter.php(497): CodeIgniter\CodeIgniter->runController(Object(App\Controllers\Home))
#10 /Applications/MAMP/htdocs/cafemenu-web/system/CodeIgniter.php(340): CodeIgniter\CodeIgniter->handleRequest(NULL, Object(Config\Cache), false)
#11 /Applications/MAMP/htdocs/cafemenu-web/system/Boot.php(417): CodeIgniter\CodeIgniter->run()
#12 /Applications/MAMP/htdocs/cafemenu-web/system/Boot.php(68): CodeIgniter\Boot::runCodeIgniter(Object(CodeIgniter\CodeIgniter))
#13 /Applications/MAMP/htdocs/cafemenu-web/public/index.php(59): CodeIgniter\Boot::bootWeb(Object(Config\Paths))
#14 {main}

Next CodeIgniter\Database\Exceptions\DatabaseException: Connection refused in /Applications/MAMP/htdocs/cafemenu-web/system/Database/MySQLi/Connection.php:231
Stack trace:
#0 /Applications/MAMP/htdocs/cafemenu-web/system/Database/BaseConnection.php(555): CodeIgniter\Database\MySQLi\Connection->connect(false)
#1 /Applications/MAMP/htdocs/cafemenu-web/system/Database/BaseConnection.php(795): CodeIgniter\Database\BaseConnection->initialize()
#2 /Applications/MAMP/htdocs/cafemenu-web/system/Database/BaseBuilder.php(1649): CodeIgniter\Database\BaseConnection->query('SELECT `usernam...', Array, false)
#3 /Applications/MAMP/htdocs/cafemenu-web/system/Model.php(253): CodeIgniter\Database\BaseBuilder->get()
#4 /Applications/MAMP/htdocs/cafemenu-web/system/BaseModel.php(676): CodeIgniter\Model->doFindAll(0, 0)
#5 /Applications/MAMP/htdocs/cafemenu-web/app/Models/CafeModel.php(63): CodeIgniter\BaseModel->findAll()
#6 /Applications/MAMP/htdocs/cafemenu-web/app/Controllers/Home.php(18): App\Models\CafeModel->findRecentActive(10)
#7 /Applications/MAMP/htdocs/cafemenu-web/system/CodeIgniter.php(951): App\Controllers\Home->index()
#8 /Applications/MAMP/htdocs/cafemenu-web/system/CodeIgniter.php(497): CodeIgniter\CodeIgniter->runController(Object(App\Controllers\Home))
#9 /Applications/MAMP/htdocs/cafemenu-web/system/CodeIgniter.php(340): CodeIgniter\CodeIgniter->handleRequest(NULL, Object(Config\Cache), false)
#10 /Applications/MAMP/htdocs/cafemenu-web/system/Boot.php(417): CodeIgniter\CodeIgniter->run()
#11 /Applications/MAMP/htdocs/cafemenu-web/system/Boot.php(68): CodeIgniter\Boot::runCodeIgniter(Object(CodeIgniter\CodeIgniter))
#12 /Applications/MAMP/htdocs/cafemenu-web/public/index.php(59): CodeIgniter\Boot::bootWeb(Object(Config\Paths))
#13 {main}
CRITICAL - 2026-04-24 19:29:22 --> CodeIgniter\Database\Exceptions\DatabaseException: Unable to connect to the database.
Main connection [MySQLi]: Connection refused
[Method: GET, Route: /]
in SYSTEMPATH/Database/BaseConnection.php on line 606.
 1 SYSTEMPATH/Database/BaseConnection.php(795): CodeIgniter\Database\BaseConnection->initialize()
 2 SYSTEMPATH/Database/BaseBuilder.php(1649): CodeIgniter\Database\BaseConnection->query('SELECT `username`, `cafe_name`, `created_at`
FROM `cafes`
WHERE `status` = :status:
ORDER BY `created_at` DESC
 LIMIT 10', [...], false)
 3 SYSTEMPATH/Model.php(253): CodeIgniter\Database\BaseBuilder->get()
 4 SYSTEMPATH/BaseModel.php(676): CodeIgniter\Model->doFindAll(0, 0)
 5 APPPATH/Models/CafeModel.php(63): CodeIgniter\BaseModel->findAll()
 6 APPPATH/Controllers/Home.php(18): App\Models\CafeModel->findRecentActive(10)
 7 SYSTEMPATH/CodeIgniter.php(951): App\Controllers\Home->index()
 8 SYSTEMPATH/CodeIgniter.php(497): CodeIgniter\CodeIgniter->runController(Object(App\Controllers\Home))
 9 SYSTEMPATH/CodeIgniter.php(340): CodeIgniter\CodeIgniter->handleRequest(null, Object(Config\Cache), false)
10 SYSTEMPATH/Boot.php(417): CodeIgniter\CodeIgniter->run()
11 SYSTEMPATH/Boot.php(68): CodeIgniter\Boot::runCodeIgniter(Object(CodeIgniter\CodeIgniter))
12 FCPATH/index.php(59): CodeIgniter\Boot::bootWeb(Object(Config\Paths))
ERROR - 2026-04-24 19:29:23 --> Error connecting to the database: mysqli_sql_exception: Connection refused in /Applications/MAMP/htdocs/cafemenu-web/system/Database/MySQLi/Connection.php:201
Stack trace:
#0 /Applications/MAMP/htdocs/cafemenu-web/system/Database/MySQLi/Connection.php(201): mysqli->real_connect('127.0.0.1', 'root', Object(SensitiveParameterValue), 'cafemenu', 3306, '', 0)
#1 /Applications/MAMP/htdocs/cafemenu-web/system/Database/BaseConnection.php(555): CodeIgniter\Database\MySQLi\Connection->connect(false)
#2 /Applications/MAMP/htdocs/cafemenu-web/system/Database/BaseConnection.php(795): CodeIgniter\Database\BaseConnection->initialize()
#3 /Applications/MAMP/htdocs/cafemenu-web/system/Database/BaseBuilder.php(1649): CodeIgniter\Database\BaseConnection->query('SELECT `usernam...', Array, false)
#4 /Applications/MAMP/htdocs/cafemenu-web/system/Model.php(253): CodeIgniter\Database\BaseBuilder->get()
#5 /Applications/MAMP/htdocs/cafemenu-web/system/BaseModel.php(676): CodeIgniter\Model->doFindAll(0, 0)
#6 /Applications/MAMP/htdocs/cafemenu-web/app/Models/CafeModel.php(63): CodeIgniter\BaseModel->findAll()
#7 /Applications/MAMP/htdocs/cafemenu-web/app/Controllers/Home.php(18): App\Models\CafeModel->findRecentActive(10)
#8 /Applications/MAMP/htdocs/cafemenu-web/system/CodeIgniter.php(951): App\Controllers\Home->index()
#9 /Applications/MAMP/htdocs/cafemenu-web/system/CodeIgniter.php(497): CodeIgniter\CodeIgniter->runController(Object(App\Controllers\Home))
#10 /Applications/MAMP/htdocs/cafemenu-web/system/CodeIgniter.php(340): CodeIgniter\CodeIgniter->handleRequest(NULL, Object(Config\Cache), false)
#11 /Applications/MAMP/htdocs/cafemenu-web/system/Boot.php(417): CodeIgniter\CodeIgniter->run()
#12 /Applications/MAMP/htdocs/cafemenu-web/system/Boot.php(68): CodeIgniter\Boot::runCodeIgniter(Object(CodeIgniter\CodeIgniter))
#13 /Applications/MAMP/htdocs/cafemenu-web/public/index.php(59): CodeIgniter\Boot::bootWeb(Object(Config\Paths))
#14 {main}

Next CodeIgniter\Database\Exceptions\DatabaseException: Connection refused in /Applications/MAMP/htdocs/cafemenu-web/system/Database/MySQLi/Connection.php:231
Stack trace:
#0 /Applications/MAMP/htdocs/cafemenu-web/system/Database/BaseConnection.php(555): CodeIgniter\Database\MySQLi\Connection->connect(false)
#1 /Applications/MAMP/htdocs/cafemenu-web/system/Database/BaseConnection.php(795): CodeIgniter\Database\BaseConnection->initialize()
#2 /Applications/MAMP/htdocs/cafemenu-web/system/Database/BaseBuilder.php(1649): CodeIgniter\Database\BaseConnection->query('SELECT `usernam...', Array, false)
#3 /Applications/MAMP/htdocs/cafemenu-web/system/Model.php(253): CodeIgniter\Database\BaseBuilder->get()
#4 /Applications/MAMP/htdocs/cafemenu-web/system/BaseModel.php(676): CodeIgniter\Model->doFindAll(0, 0)
#5 /Applications/MAMP/htdocs/cafemenu-web/app/Models/CafeModel.php(63): CodeIgniter\BaseModel->findAll()
#6 /Applications/MAMP/htdocs/cafemenu-web/app/Controllers/Home.php(18): App\Models\CafeModel->findRecentActive(10)
#7 /Applications/MAMP/htdocs/cafemenu-web/system/CodeIgniter.php(951): App\Controllers\Home->index()
#8 /Applications/MAMP/htdocs/cafemenu-web/system/CodeIgniter.php(497): CodeIgniter\CodeIgniter->runController(Object(App\Controllers\Home))
#9 /Applications/MAMP/htdocs/cafemenu-web/system/CodeIgniter.php(340): CodeIgniter\CodeIgniter->handleRequest(NULL, Object(Config\Cache), false)
#10 /Applications/MAMP/htdocs/cafemenu-web/system/Boot.php(417): CodeIgniter\CodeIgniter->run()
#11 /Applications/MAMP/htdocs/cafemenu-web/system/Boot.php(68): CodeIgniter\Boot::runCodeIgniter(Object(CodeIgniter\CodeIgniter))
#12 /Applications/MAMP/htdocs/cafemenu-web/public/index.php(59): CodeIgniter\Boot::bootWeb(Object(Config\Paths))
#13 {main}
CRITICAL - 2026-04-24 19:29:23 --> CodeIgniter\Database\Exceptions\DatabaseException: Unable to connect to the database.
Main connection [MySQLi]: Connection refused
[Method: GET, Route: /]
in SYSTEMPATH/Database/BaseConnection.php on line 606.
 1 SYSTEMPATH/Database/BaseConnection.php(795): CodeIgniter\Database\BaseConnection->initialize()
 2 SYSTEMPATH/Database/BaseBuilder.php(1649): CodeIgniter\Database\BaseConnection->query('SELECT `username`, `cafe_name`, `created_at`
FROM `cafes`
WHERE `status` = :status:
ORDER BY `created_at` DESC
 LIMIT 10', [...], false)
 3 SYSTEMPATH/Model.php(253): CodeIgniter\Database\BaseBuilder->get()
 4 SYSTEMPATH/BaseModel.php(676): CodeIgniter\Model->doFindAll(0, 0)
 5 APPPATH/Models/CafeModel.php(63): CodeIgniter\BaseModel->findAll()
 6 APPPATH/Controllers/Home.php(18): App\Models\CafeModel->findRecentActive(10)
 7 SYSTEMPATH/CodeIgniter.php(951): App\Controllers\Home->index()
 8 SYSTEMPATH/CodeIgniter.php(497): CodeIgniter\CodeIgniter->runController(Object(App\Controllers\Home))
 9 SYSTEMPATH/CodeIgniter.php(340): CodeIgniter\CodeIgniter->handleRequest(null, Object(Config\Cache), false)
10 SYSTEMPATH/Boot.php(417): CodeIgniter\CodeIgniter->run()
11 SYSTEMPATH/Boot.php(68): CodeIgniter\Boot::runCodeIgniter(Object(CodeIgniter\CodeIgniter))
12 FCPATH/index.php(59): CodeIgniter\Boot::bootWeb(Object(Config\Paths))
ERROR - 2026-04-24 19:29:24 --> Error connecting to the database: mysqli_sql_exception: Connection refused in /Applications/MAMP/htdocs/cafemenu-web/system/Database/MySQLi/Connection.php:201
Stack trace:
#0 /Applications/MAMP/htdocs/cafemenu-web/system/Database/MySQLi/Connection.php(201): mysqli->real_connect('127.0.0.1', 'root', Object(SensitiveParameterValue), 'cafemenu', 3306, '', 0)
#1 /Applications/MAMP/htdocs/cafemenu-web/system/Database/BaseConnection.php(555): CodeIgniter\Database\MySQLi\Connection->connect(false)
#2 /Applications/MAMP/htdocs/cafemenu-web/system/Database/BaseConnection.php(795): CodeIgniter\Database\BaseConnection->initialize()
#3 /Applications/MAMP/htdocs/cafemenu-web/system/Database/BaseBuilder.php(1649): CodeIgniter\Database\BaseConnection->query('SELECT `usernam...', Array, false)
#4 /Applications/MAMP/htdocs/cafemenu-web/system/Model.php(253): CodeIgniter\Database\BaseBuilder->get()
#5 /Applications/MAMP/htdocs/cafemenu-web/system/BaseModel.php(676): CodeIgniter\Model->doFindAll(0, 0)
#6 /Applications/MAMP/htdocs/cafemenu-web/app/Models/CafeModel.php(63): CodeIgniter\BaseModel->findAll()
#7 /Applications/MAMP/htdocs/cafemenu-web/app/Controllers/Home.php(18): App\Models\CafeModel->findRecentActive(10)
#8 /Applications/MAMP/htdocs/cafemenu-web/system/CodeIgniter.php(951): App\Controllers\Home->index()
#9 /Applications/MAMP/htdocs/cafemenu-web/system/CodeIgniter.php(497): CodeIgniter\CodeIgniter->runController(Object(App\Controllers\Home))
#10 /Applications/MAMP/htdocs/cafemenu-web/system/CodeIgniter.php(340): CodeIgniter\CodeIgniter->handleRequest(NULL, Object(Config\Cache), false)
#11 /Applications/MAMP/htdocs/cafemenu-web/system/Boot.php(417): CodeIgniter\CodeIgniter->run()
#12 /Applications/MAMP/htdocs/cafemenu-web/system/Boot.php(68): CodeIgniter\Boot::runCodeIgniter(Object(CodeIgniter\CodeIgniter))
#13 /Applications/MAMP/htdocs/cafemenu-web/public/index.php(59): CodeIgniter\Boot::bootWeb(Object(Config\Paths))
#14 {main}

Next CodeIgniter\Database\Exceptions\DatabaseException: Connection refused in /Applications/MAMP/htdocs/cafemenu-web/system/Database/MySQLi/Connection.php:231
Stack trace:
#0 /Applications/MAMP/htdocs/cafemenu-web/system/Database/BaseConnection.php(555): CodeIgniter\Database\MySQLi\Connection->connect(false)
#1 /Applications/MAMP/htdocs/cafemenu-web/system/Database/BaseConnection.php(795): CodeIgniter\Database\BaseConnection->initialize()
#2 /Applications/MAMP/htdocs/cafemenu-web/system/Database/BaseBuilder.php(1649): CodeIgniter\Database\BaseConnection->query('SELECT `usernam...', Array, false)
#3 /Applications/MAMP/htdocs/cafemenu-web/system/Model.php(253): CodeIgniter\Database\BaseBuilder->get()
#4 /Applications/MAMP/htdocs/cafemenu-web/system/BaseModel.php(676): CodeIgniter\Model->doFindAll(0, 0)
#5 /Applications/MAMP/htdocs/cafemenu-web/app/Models/CafeModel.php(63): CodeIgniter\BaseModel->findAll()
#6 /Applications/MAMP/htdocs/cafemenu-web/app/Controllers/Home.php(18): App\Models\CafeModel->findRecentActive(10)
#7 /Applications/MAMP/htdocs/cafemenu-web/system/CodeIgniter.php(951): App\Controllers\Home->index()
#8 /Applications/MAMP/htdocs/cafemenu-web/system/CodeIgniter.php(497): CodeIgniter\CodeIgniter->runController(Object(App\Controllers\Home))
#9 /Applications/MAMP/htdocs/cafemenu-web/system/CodeIgniter.php(340): CodeIgniter\CodeIgniter->handleRequest(NULL, Object(Config\Cache), false)
#10 /Applications/MAMP/htdocs/cafemenu-web/system/Boot.php(417): CodeIgniter\CodeIgniter->run()
#11 /Applications/MAMP/htdocs/cafemenu-web/system/Boot.php(68): CodeIgniter\Boot::runCodeIgniter(Object(CodeIgniter\CodeIgniter))
#12 /Applications/MAMP/htdocs/cafemenu-web/public/index.php(59): CodeIgniter\Boot::bootWeb(Object(Config\Paths))
#13 {main}
CRITICAL - 2026-04-24 19:29:24 --> CodeIgniter\Database\Exceptions\DatabaseException: Unable to connect to the database.
Main connection [MySQLi]: Connection refused
[Method: GET, Route: /]
in SYSTEMPATH/Database/BaseConnection.php on line 606.
 1 SYSTEMPATH/Database/BaseConnection.php(795): CodeIgniter\Database\BaseConnection->initialize()
 2 SYSTEMPATH/Database/BaseBuilder.php(1649): CodeIgniter\Database\BaseConnection->query('SELECT `username`, `cafe_name`, `created_at`
FROM `cafes`
WHERE `status` = :status:
ORDER BY `created_at` DESC
 LIMIT 10', [...], false)
 3 SYSTEMPATH/Model.php(253): CodeIgniter\Database\BaseBuilder->get()
 4 SYSTEMPATH/BaseModel.php(676): CodeIgniter\Model->doFindAll(0, 0)
 5 APPPATH/Models/CafeModel.php(63): CodeIgniter\BaseModel->findAll()
 6 APPPATH/Controllers/Home.php(18): App\Models\CafeModel->findRecentActive(10)
 7 SYSTEMPATH/CodeIgniter.php(951): App\Controllers\Home->index()
 8 SYSTEMPATH/CodeIgniter.php(497): CodeIgniter\CodeIgniter->runController(Object(App\Controllers\Home))
 9 SYSTEMPATH/CodeIgniter.php(340): CodeIgniter\CodeIgniter->handleRequest(null, Object(Config\Cache), false)
10 SYSTEMPATH/Boot.php(417): CodeIgniter\CodeIgniter->run()
11 SYSTEMPATH/Boot.php(68): CodeIgniter\Boot::runCodeIgniter(Object(CodeIgniter\CodeIgniter))
12 FCPATH/index.php(59): CodeIgniter\Boot::bootWeb(Object(Config\Paths))
ERROR - 2026-04-24 19:39:58 --> Error connecting to the database: mysqli_sql_exception: Connection refused in /Applications/MAMP/htdocs/cafemenu-web/system/Database/MySQLi/Connection.php:201
Stack trace:
#0 /Applications/MAMP/htdocs/cafemenu-web/system/Database/MySQLi/Connection.php(201): mysqli->real_connect('127.0.0.1', 'root', Object(SensitiveParameterValue), 'cafemenu', 3306, '', 0)
#1 /Applications/MAMP/htdocs/cafemenu-web/system/Database/BaseConnection.php(555): CodeIgniter\Database\MySQLi\Connection->connect(false)
#2 /Applications/MAMP/htdocs/cafemenu-web/system/Database/BaseConnection.php(795): CodeIgniter\Database\BaseConnection->initialize()
#3 /Applications/MAMP/htdocs/cafemenu-web/system/Database/BaseBuilder.php(1649): CodeIgniter\Database\BaseConnection->query('SELECT `usernam...', Array, false)
#4 /Applications/MAMP/htdocs/cafemenu-web/system/Model.php(253): CodeIgniter\Database\BaseBuilder->get()
#5 /Applications/MAMP/htdocs/cafemenu-web/system/BaseModel.php(676): CodeIgniter\Model->doFindAll(0, 0)
#6 /Applications/MAMP/htdocs/cafemenu-web/app/Models/CafeModel.php(63): CodeIgniter\BaseModel->findAll()
#7 /Applications/MAMP/htdocs/cafemenu-web/app/Controllers/Home.php(18): App\Models\CafeModel->findRecentActive(10)
#8 /Applications/MAMP/htdocs/cafemenu-web/system/CodeIgniter.php(951): App\Controllers\Home->index()
#9 /Applications/MAMP/htdocs/cafemenu-web/system/CodeIgniter.php(497): CodeIgniter\CodeIgniter->runController(Object(App\Controllers\Home))
#10 /Applications/MAMP/htdocs/cafemenu-web/system/CodeIgniter.php(340): CodeIgniter\CodeIgniter->handleRequest(NULL, Object(Config\Cache), false)
#11 /Applications/MAMP/htdocs/cafemenu-web/system/Boot.php(417): CodeIgniter\CodeIgniter->run()
#12 /Applications/MAMP/htdocs/cafemenu-web/system/Boot.php(68): CodeIgniter\Boot::runCodeIgniter(Object(CodeIgniter\CodeIgniter))
#13 /Applications/MAMP/htdocs/cafemenu-web/public/index.php(59): CodeIgniter\Boot::bootWeb(Object(Config\Paths))
#14 {main}

Next CodeIgniter\Database\Exceptions\DatabaseException: Connection refused in /Applications/MAMP/htdocs/cafemenu-web/system/Database/MySQLi/Connection.php:231
Stack trace:
#0 /Applications/MAMP/htdocs/cafemenu-web/system/Database/BaseConnection.php(555): CodeIgniter\Database\MySQLi\Connection->connect(false)
#1 /Applications/MAMP/htdocs/cafemenu-web/system/Database/BaseConnection.php(795): CodeIgniter\Database\BaseConnection->initialize()
#2 /Applications/MAMP/htdocs/cafemenu-web/system/Database/BaseBuilder.php(1649): CodeIgniter\Database\BaseConnection->query('SELECT `usernam...', Array, false)
#3 /Applications/MAMP/htdocs/cafemenu-web/system/Model.php(253): CodeIgniter\Database\BaseBuilder->get()
#4 /Applications/MAMP/htdocs/cafemenu-web/system/BaseModel.php(676): CodeIgniter\Model->doFindAll(0, 0)
#5 /Applications/MAMP/htdocs/cafemenu-web/app/Models/CafeModel.php(63): CodeIgniter\BaseModel->findAll()
#6 /Applications/MAMP/htdocs/cafemenu-web/app/Controllers/Home.php(18): App\Models\CafeModel->findRecentActive(10)
#7 /Applications/MAMP/htdocs/cafemenu-web/system/CodeIgniter.php(951): App\Controllers\Home->index()
#8 /Applications/MAMP/htdocs/cafemenu-web/system/CodeIgniter.php(497): CodeIgniter\CodeIgniter->runController(Object(App\Controllers\Home))
#9 /Applications/MAMP/htdocs/cafemenu-web/system/CodeIgniter.php(340): CodeIgniter\CodeIgniter->handleRequest(NULL, Object(Config\Cache), false)
#10 /Applications/MAMP/htdocs/cafemenu-web/system/Boot.php(417): CodeIgniter\CodeIgniter->run()
#11 /Applications/MAMP/htdocs/cafemenu-web/system/Boot.php(68): CodeIgniter\Boot::runCodeIgniter(Object(CodeIgniter\CodeIgniter))
#12 /Applications/MAMP/htdocs/cafemenu-web/public/index.php(59): CodeIgniter\Boot::bootWeb(Object(Config\Paths))
#13 {main}
CRITICAL - 2026-04-24 19:39:58 --> CodeIgniter\Database\Exceptions\DatabaseException: Unable to connect to the database.
Main connection [MySQLi]: Connection refused
[Method: GET, Route: /]
in SYSTEMPATH/Database/BaseConnection.php on line 606.
 1 SYSTEMPATH/Database/BaseConnection.php(795): CodeIgniter\Database\BaseConnection->initialize()
 2 SYSTEMPATH/Database/BaseBuilder.php(1649): CodeIgniter\Database\BaseConnection->query('SELECT `username`, `cafe_name`, `created_at`
FROM `cafes`
WHERE `status` = :status:
ORDER BY `created_at` DESC
 LIMIT 10', [...], false)
 3 SYSTEMPATH/Model.php(253): CodeIgniter\Database\BaseBuilder->get()
 4 SYSTEMPATH/BaseModel.php(676): CodeIgniter\Model->doFindAll(0, 0)
 5 APPPATH/Models/CafeModel.php(63): CodeIgniter\BaseModel->findAll()
 6 APPPATH/Controllers/Home.php(18): App\Models\CafeModel->findRecentActive(10)
 7 SYSTEMPATH/CodeIgniter.php(951): App\Controllers\Home->index()
 8 SYSTEMPATH/CodeIgniter.php(497): CodeIgniter\CodeIgniter->runController(Object(App\Controllers\Home))
 9 SYSTEMPATH/CodeIgniter.php(340): CodeIgniter\CodeIgniter->handleRequest(null, Object(Config\Cache), false)
10 SYSTEMPATH/Boot.php(417): CodeIgniter\CodeIgniter->run()
11 SYSTEMPATH/Boot.php(68): CodeIgniter\Boot::runCodeIgniter(Object(CodeIgniter\CodeIgniter))
12 FCPATH/index.php(59): CodeIgniter\Boot::bootWeb(Object(Config\Paths))
DEBUG - 2026-04-24 19:56:25 --> Session: Class initialized using 'CodeIgniter\Session\Handlers\FileHandler' driver.
DEBUG - 2026-04-24 19:56:28 --> Session: Class initialized using 'CodeIgniter\Session\Handlers\FileHandler' driver.
DEBUG - 2026-04-24 19:56:37 --> Session: Class initialized using 'CodeIgniter\Session\Handlers\FileHandler' driver.
DEBUG - 2026-04-24 19:57:19 --> Session: Class initialized using 'CodeIgniter\Session\Handlers\FileHandler' driver.
DEBUG - 2026-04-24 19:57:20 --> Session: Class initialized using 'CodeIgniter\Session\Handlers\FileHandler' driver.
DEBUG - 2026-04-24 19:57:20 --> Session: Class initialized using 'CodeIgniter\Session\Handlers\FileHandler' driver.
DEBUG - 2026-04-24 19:57:22 --> Session: Class initialized using 'CodeIgniter\Session\Handlers\FileHandler' driver.
DEBUG - 2026-04-24 19:57:23 --> Session: Class initialized using 'CodeIgniter\Session\Handlers\FileHandler' driver.
DEBUG - 2026-04-24 19:57:23 --> Session: Class initialized using 'CodeIgniter\Session\Handlers\FileHandler' driver.
DEBUG - 2026-04-24 19:57:23 --> Session: Class initialized using 'CodeIgniter\Session\Handlers\FileHandler' driver.
DEBUG - 2026-04-24 19:57:23 --> Session: Class initialized using 'CodeIgniter\Session\Handlers\FileHandler' driver.
DEBUG - 2026-04-24 19:57:23 --> Session: Class initialized using 'CodeIgniter\Session\Handlers\FileHandler' driver.
DEBUG - 2026-04-24 19:57:51 --> Session: Class initialized using 'CodeIgniter\Session\Handlers\FileHandler' driver.
DEBUG - 2026-04-24 19:57:51 --> Session: Class initialized using 'CodeIgniter\Session\Handlers\FileHandler' driver.
DEBUG - 2026-04-24 19:57:52 --> Session: Class initialized using 'CodeIgniter\Session\Handlers\FileHandler' driver.
DEBUG - 2026-04-24 19:57:55 --> Session: Class initialized using 'CodeIgniter\Session\Handlers\FileHandler' driver.
DEBUG - 2026-04-24 19:57:55 --> Session: Class initialized using 'CodeIgniter\Session\Handlers\FileHandler' driver.
DEBUG - 2026-04-24 19:57:55 --> Session: Class initialized using 'CodeIgniter\Session\Handlers\FileHandler' driver.
DEBUG - 2026-04-24 19:58:07 --> Session: Class initialized using 'CodeIgniter\Session\Handlers\FileHandler' driver.
DEBUG - 2026-04-24 19:58:07 --> Session: Class initialized using 'CodeIgniter\Session\Handlers\FileHandler' driver.
DEBUG - 2026-04-24 19:58:07 --> Session: Class initialized using 'CodeIgniter\Session\Handlers\FileHandler' driver.
DEBUG - 2026-04-24 19:58:08 --> Session: Class initialized using 'CodeIgniter\Session\Handlers\FileHandler' driver.
DEBUG - 2026-04-24 19:58:11 --> Session: Class initialized using 'CodeIgniter\Session\Handlers\FileHandler' driver.
DEBUG - 2026-04-24 19:58:15 --> Session: Class initialized using 'CodeIgniter\Session\Handlers\FileHandler' driver.
DEBUG - 2026-04-24 19:58:15 --> Session: Class initialized using 'CodeIgniter\Session\Handlers\FileHandler' driver.
DEBUG - 2026-04-24 19:58:16 --> Session: Class initialized using 'CodeIgniter\Session\Handlers\FileHandler' driver.
DEBUG - 2026-04-24 20:13:10 --> Session: Class initialized using 'CodeIgniter\Session\Handlers\FileHandler' driver.
DEBUG - 2026-04-24 20:13:13 --> Session: Class initialized using 'CodeIgniter\Session\Handlers\FileHandler' driver.
DEBUG - 2026-04-24 20:16:13 --> Session: Class initialized using 'CodeIgniter\Session\Handlers\FileHandler' driver.
DEBUG - 2026-04-24 20:16:14 --> Session: Class initialized using 'CodeIgniter\Session\Handlers\FileHandler' driver.
DEBUG - 2026-04-24 20:17:32 --> Session: Class initialized using 'CodeIgniter\Session\Handlers\FileHandler' driver.
DEBUG - 2026-04-24 20:26:27 --> Session: Class initialized using 'CodeIgniter\Session\Handlers\FileHandler' driver.
DEBUG - 2026-04-24 20:26:27 --> Session: Class initialized using 'CodeIgniter\Session\Handlers\FileHandler' driver.
DEBUG - 2026-04-24 20:26:31 --> Session: Class initialized using 'CodeIgniter\Session\Handlers\FileHandler' driver.
DEBUG - 2026-04-24 20:26:35 --> Session: Class initialized using 'CodeIgniter\Session\Handlers\FileHandler' driver.
DEBUG - 2026-04-24 20:26:38 --> Session: Class initialized using 'CodeIgniter\Session\Handlers\FileHandler' driver.
DEBUG - 2026-04-24 20:28:03 --> Session: Class initialized using 'CodeIgniter\Session\Handlers\FileHandler' driver.
DEBUG - 2026-04-24 20:28:12 --> Session: Class initialized using 'CodeIgniter\Session\Handlers\FileHandler' driver.
DEBUG - 2026-04-24 20:29:00 --> Session: Class initialized using 'CodeIgniter\Session\Handlers\FileHandler' driver.
DEBUG - 2026-04-24 20:29:02 --> Session: Class initialized using 'CodeIgniter\Session\Handlers\FileHandler' driver.
DEBUG - 2026-04-24 20:29:14 --> Session: Class initialized using 'CodeIgniter\Session\Handlers\FileHandler' driver.
DEBUG - 2026-04-24 20:29:14 --> Session: Class initialized using 'CodeIgniter\Session\Handlers\FileHandler' driver.
DEBUG - 2026-04-24 20:29:16 --> Session: Class initialized using 'CodeIgniter\Session\Handlers\FileHandler' driver.
DEBUG - 2026-04-24 20:29:16 --> Session: Class initialized using 'CodeIgniter\Session\Handlers\FileHandler' driver.
DEBUG - 2026-04-24 20:29:17 --> Session: Class initialized using 'CodeIgniter\Session\Handlers\FileHandler' driver.
DEBUG - 2026-04-24 20:29:17 --> Session: Class initialized using 'CodeIgniter\Session\Handlers\FileHandler' driver.
DEBUG - 2026-04-24 20:29:19 --> Session: Class initialized using 'CodeIgniter\Session\Handlers\FileHandler' driver.
DEBUG - 2026-04-24 20:29:19 --> Session: Class initialized using 'CodeIgniter\Session\Handlers\FileHandler' driver.
DEBUG - 2026-04-24 20:29:29 --> Session: Class initialized using 'CodeIgniter\Session\Handlers\FileHandler' driver.
DEBUG - 2026-04-24 20:29:29 --> Session: Class initialized using 'CodeIgniter\Session\Handlers\FileHandler' driver.
DEBUG - 2026-04-24 20:29:33 --> Session: Class initialized using 'CodeIgniter\Session\Handlers\FileHandler' driver.
DEBUG - 2026-04-24 20:29:33 --> Session: Class initialized using 'CodeIgniter\Session\Handlers\FileHandler' driver.
DEBUG - 2026-04-24 22:22:18 --> Session: Class initialized using 'CodeIgniter\Session\Handlers\FileHandler' driver.
DEBUG - 2026-04-24 22:27:33 --> Session: Class initialized using 'CodeIgniter\Session\Handlers\FileHandler' driver.
DEBUG - 2026-04-24 22:27:33 --> Session: Class initialized using 'CodeIgniter\Session\Handlers\FileHandler' driver.
DEBUG - 2026-04-24 22:28:30 --> Session: Class initialized using 'CodeIgniter\Session\Handlers\FileHandler' driver.
DEBUG - 2026-04-24 22:28:30 --> Session: Class initialized using 'CodeIgniter\Session\Handlers\FileHandler' driver.
DEBUG - 2026-04-24 22:31:48 --> Session: Class initialized using 'CodeIgniter\Session\Handlers\FileHandler' driver.
DEBUG - 2026-04-24 22:31:48 --> Session: Class initialized using 'CodeIgniter\Session\Handlers\FileHandler' driver.
DEBUG - 2026-04-24 22:33:04 --> Session: Class initialized using 'CodeIgniter\Session\Handlers\FileHandler' driver.
DEBUG - 2026-04-24 22:33:04 --> Session: Class initialized using 'CodeIgniter\Session\Handlers\FileHandler' driver.
DEBUG - 2026-04-24 22:33:18 --> Session: Class initialized using 'CodeIgniter\Session\Handlers\FileHandler' driver.
DEBUG - 2026-04-24 22:33:18 --> Session: Class initialized using 'CodeIgniter\Session\Handlers\FileHandler' driver.
DEBUG - 2026-04-24 22:33:23 --> Session: Class initialized using 'CodeIgniter\Session\Handlers\FileHandler' driver.
DEBUG - 2026-04-24 22:33:23 --> Session: Class initialized using 'CodeIgniter\Session\Handlers\FileHandler' driver.
DEBUG - 2026-04-24 22:33:29 --> Session: Class initialized using 'CodeIgniter\Session\Handlers\FileHandler' driver.
DEBUG - 2026-04-24 22:33:29 --> Session: Class initialized using 'CodeIgniter\Session\Handlers\FileHandler' driver.
DEBUG - 2026-04-24 22:33:42 --> Session: Class initialized using 'CodeIgniter\Session\Handlers\FileHandler' driver.
DEBUG - 2026-04-24 22:33:42 --> Session: Class initialized using 'CodeIgniter\Session\Handlers\FileHandler' driver.
DEBUG - 2026-04-24 22:34:10 --> Session: Class initialized using 'CodeIgniter\Session\Handlers\FileHandler' driver.
DEBUG - 2026-04-24 22:34:10 --> Session: Class initialized using 'CodeIgniter\Session\Handlers\FileHandler' driver.
DEBUG - 2026-04-24 22:34:32 --> Session: Class initialized using 'CodeIgniter\Session\Handlers\FileHandler' driver.
DEBUG - 2026-04-24 22:34:32 --> Session: Class initialized using 'CodeIgniter\Session\Handlers\FileHandler' driver.
DEBUG - 2026-04-24 22:34:44 --> Session: Class initialized using 'CodeIgniter\Session\Handlers\FileHandler' driver.
DEBUG - 2026-04-24 22:34:44 --> Session: Class initialized using 'CodeIgniter\Session\Handlers\FileHandler' driver.
DEBUG - 2026-04-24 22:35:26 --> Session: Class initialized using 'CodeIgniter\Session\Handlers\FileHandler' driver.
DEBUG - 2026-04-24 22:35:26 --> Session: Class initialized using 'CodeIgniter\Session\Handlers\FileHandler' driver.
DEBUG - 2026-04-24 22:35:26 --> Session: Class initialized using 'CodeIgniter\Session\Handlers\FileHandler' driver.
DEBUG - 2026-04-24 22:35:26 --> Session: Class initialized using 'CodeIgniter\Session\Handlers\FileHandler' driver.
DEBUG - 2026-04-24 22:35:34 --> Session: Class initialized using 'CodeIgniter\Session\Handlers\FileHandler' driver.
DEBUG - 2026-04-24 22:35:34 --> Session: Class initialized using 'CodeIgniter\Session\Handlers\FileHandler' driver.
DEBUG - 2026-04-24 22:35:34 --> Session: Class initialized using 'CodeIgniter\Session\Handlers\FileHandler' driver.
DEBUG - 2026-04-24 22:35:34 --> Session: Class initialized using 'CodeIgniter\Session\Handlers\FileHandler' driver.
DEBUG - 2026-04-24 22:35:40 --> Session: Class initialized using 'CodeIgniter\Session\Handlers\FileHandler' driver.
DEBUG - 2026-04-24 22:35:40 --> Session: Class initialized using 'CodeIgniter\Session\Handlers\FileHandler' driver.
DEBUG - 2026-04-24 22:36:01 --> Session: Class initialized using 'CodeIgniter\Session\Handlers\FileHandler' driver.
DEBUG - 2026-04-24 22:36:01 --> Session: Class initialized using 'CodeIgniter\Session\Handlers\FileHandler' driver.
DEBUG - 2026-04-24 22:36:02 --> Session: Class initialized using 'CodeIgniter\Session\Handlers\FileHandler' driver.
DEBUG - 2026-04-24 22:36:02 --> Session: Class initialized using 'CodeIgniter\Session\Handlers\FileHandler' driver.
DEBUG - 2026-04-24 22:36:27 --> Session: Class initialized using 'CodeIgniter\Session\Handlers\FileHandler' driver.
DEBUG - 2026-04-24 22:36:27 --> Session: Class initialized using 'CodeIgniter\Session\Handlers\FileHandler' driver.
