ERROR - 2026-04-03 22:31:32 --> Error connecting to the database: mysqli_sql_exception: Connection refused in /Users/vosidiy/Desktop/Webapps/cafemenu/system/Database/MySQLi/Connection.php:201
Stack trace:
#0 /Users/vosidiy/Desktop/Webapps/cafemenu/system/Database/MySQLi/Connection.php(201): mysqli->real_connect('127.0.0.1', 'root', Object(SensitiveParameterValue), 'cafemenu', 3306, '', 0)
#1 /Users/vosidiy/Desktop/Webapps/cafemenu/system/Database/BaseConnection.php(555): CodeIgniter\Database\MySQLi\Connection->connect(false)
#2 /Users/vosidiy/Desktop/Webapps/cafemenu/system/Database/BaseConnection.php(795): CodeIgniter\Database\BaseConnection->initialize()
#3 /Users/vosidiy/Desktop/Webapps/cafemenu/system/Database/BaseBuilder.php(1649): CodeIgniter\Database\BaseConnection->query('SELECT *\nFROM `...', Array, false)
#4 /Users/vosidiy/Desktop/Webapps/cafemenu/system/Model.php(295): CodeIgniter\Database\BaseBuilder->get()
#5 /Users/vosidiy/Desktop/Webapps/cafemenu/system/BaseModel.php(714): CodeIgniter\Model->doFirst()
#6 /Users/vosidiy/Desktop/Webapps/cafemenu/app/Models/CafeModel.php(52): CodeIgniter\BaseModel->first()
#7 /Users/vosidiy/Desktop/Webapps/cafemenu/app/Services/CafeService.php(35): App\Models\CafeModel->findActiveByUsername('bestcafe')
#8 /Users/vosidiy/Desktop/Webapps/cafemenu/app/Controllers/PublicController.php(17): App\Services\CafeService->getActiveCafeByUsername('bestcafe')
#9 /Users/vosidiy/Desktop/Webapps/cafemenu/system/CodeIgniter.php(951): App\Controllers\PublicController->index('bestcafe')
#10 /Users/vosidiy/Desktop/Webapps/cafemenu/system/CodeIgniter.php(497): CodeIgniter\CodeIgniter->runController(Object(App\Controllers\PublicController))
#11 /Users/vosidiy/Desktop/Webapps/cafemenu/system/CodeIgniter.php(340): CodeIgniter\CodeIgniter->handleRequest(NULL, Object(Config\Cache), false)
#12 /Users/vosidiy/Desktop/Webapps/cafemenu/system/Boot.php(417): CodeIgniter\CodeIgniter->run()
#13 /Users/vosidiy/Desktop/Webapps/cafemenu/system/Boot.php(68): CodeIgniter\Boot::runCodeIgniter(Object(CodeIgniter\CodeIgniter))
#14 /Users/vosidiy/Desktop/Webapps/cafemenu/public/index.php(59): CodeIgniter\Boot::bootWeb(Object(Config\Paths))
#15 /Applications/Herd.app/Contents/Resources/valet/server.php(167): require('/Users/vosidiy/...')
#16 {main}

Next CodeIgniter\Database\Exceptions\DatabaseException: Connection refused in /Users/vosidiy/Desktop/Webapps/cafemenu/system/Database/MySQLi/Connection.php:231
Stack trace:
#0 /Users/vosidiy/Desktop/Webapps/cafemenu/system/Database/BaseConnection.php(555): CodeIgniter\Database\MySQLi\Connection->connect(false)
#1 /Users/vosidiy/Desktop/Webapps/cafemenu/system/Database/BaseConnection.php(795): CodeIgniter\Database\BaseConnection->initialize()
#2 /Users/vosidiy/Desktop/Webapps/cafemenu/system/Database/BaseBuilder.php(1649): CodeIgniter\Database\BaseConnection->query('SELECT *\nFROM `...', Array, false)
#3 /Users/vosidiy/Desktop/Webapps/cafemenu/system/Model.php(295): CodeIgniter\Database\BaseBuilder->get()
#4 /Users/vosidiy/Desktop/Webapps/cafemenu/system/BaseModel.php(714): CodeIgniter\Model->doFirst()
#5 /Users/vosidiy/Desktop/Webapps/cafemenu/app/Models/CafeModel.php(52): CodeIgniter\BaseModel->first()
#6 /Users/vosidiy/Desktop/Webapps/cafemenu/app/Services/CafeService.php(35): App\Models\CafeModel->findActiveByUsername('bestcafe')
#7 /Users/vosidiy/Desktop/Webapps/cafemenu/app/Controllers/PublicController.php(17): App\Services\CafeService->getActiveCafeByUsername('bestcafe')
#8 /Users/vosidiy/Desktop/Webapps/cafemenu/system/CodeIgniter.php(951): App\Controllers\PublicController->index('bestcafe')
#9 /Users/vosidiy/Desktop/Webapps/cafemenu/system/CodeIgniter.php(497): CodeIgniter\CodeIgniter->runController(Object(App\Controllers\PublicController))
#10 /Users/vosidiy/Desktop/Webapps/cafemenu/system/CodeIgniter.php(340): CodeIgniter\CodeIgniter->handleRequest(NULL, Object(Config\Cache), false)
#11 /Users/vosidiy/Desktop/Webapps/cafemenu/system/Boot.php(417): CodeIgniter\CodeIgniter->run()
#12 /Users/vosidiy/Desktop/Webapps/cafemenu/system/Boot.php(68): CodeIgniter\Boot::runCodeIgniter(Object(CodeIgniter\CodeIgniter))
#13 /Users/vosidiy/Desktop/Webapps/cafemenu/public/index.php(59): CodeIgniter\Boot::bootWeb(Object(Config\Paths))
#14 /Applications/Herd.app/Contents/Resources/valet/server.php(167): require('/Users/vosidiy/...')
#15 {main}
CRITICAL - 2026-04-03 22:31:32 --> CodeIgniter\Database\Exceptions\DatabaseException: Unable to connect to the database.
Main connection [MySQLi]: Connection refused
[Method: GET, Route: bestcafe]
in SYSTEMPATH/Database/BaseConnection.php on line 606.
 1 SYSTEMPATH/Database/BaseConnection.php(795): CodeIgniter\Database\BaseConnection->initialize()
 2 SYSTEMPATH/Database/BaseBuilder.php(1649): CodeIgniter\Database\BaseConnection->query('SELECT *
FROM `cafes`
WHERE `username` = :username:
AND `status` = :status:
 LIMIT 1', [...], false)
 3 SYSTEMPATH/Model.php(295): CodeIgniter\Database\BaseBuilder->get()
 4 SYSTEMPATH/BaseModel.php(714): CodeIgniter\Model->doFirst()
 5 APPPATH/Models/CafeModel.php(52): CodeIgniter\BaseModel->first()
 6 APPPATH/Services/CafeService.php(35): App\Models\CafeModel->findActiveByUsername('bestcafe')
 7 APPPATH/Controllers/PublicController.php(17): App\Services\CafeService->getActiveCafeByUsername('bestcafe')
 8 SYSTEMPATH/CodeIgniter.php(951): App\Controllers\PublicController->index('bestcafe')
 9 SYSTEMPATH/CodeIgniter.php(497): CodeIgniter\CodeIgniter->runController(Object(App\Controllers\PublicController))
10 SYSTEMPATH/CodeIgniter.php(340): CodeIgniter\CodeIgniter->handleRequest(null, Object(Config\Cache), false)
11 SYSTEMPATH/Boot.php(417): CodeIgniter\CodeIgniter->run()
12 SYSTEMPATH/Boot.php(68): CodeIgniter\Boot::runCodeIgniter(Object(CodeIgniter\CodeIgniter))
13 FCPATH/index.php(59): CodeIgniter\Boot::bootWeb(Object(Config\Paths))
14 /Applications/Herd.app/Contents/Resources/valet/server.php(167): require('/Users/vosidiy/Desktop/Webapps/cafemenu/public/index.php')
ERROR - 2026-04-03 22:31:35 --> Error connecting to the database: mysqli_sql_exception: Connection refused in /Users/vosidiy/Desktop/Webapps/cafemenu/system/Database/MySQLi/Connection.php:201
Stack trace:
#0 /Users/vosidiy/Desktop/Webapps/cafemenu/system/Database/MySQLi/Connection.php(201): mysqli->real_connect('127.0.0.1', 'root', Object(SensitiveParameterValue), 'cafemenu', 3306, '', 0)
#1 /Users/vosidiy/Desktop/Webapps/cafemenu/system/Database/BaseConnection.php(555): CodeIgniter\Database\MySQLi\Connection->connect(false)
#2 /Users/vosidiy/Desktop/Webapps/cafemenu/system/Database/BaseConnection.php(795): CodeIgniter\Database\BaseConnection->initialize()
#3 /Users/vosidiy/Desktop/Webapps/cafemenu/system/Database/BaseBuilder.php(1649): CodeIgniter\Database\BaseConnection->query('SELECT *\nFROM `...', Array, false)
#4 /Users/vosidiy/Desktop/Webapps/cafemenu/system/Model.php(295): CodeIgniter\Database\BaseBuilder->get()
#5 /Users/vosidiy/Desktop/Webapps/cafemenu/system/BaseModel.php(714): CodeIgniter\Model->doFirst()
#6 /Users/vosidiy/Desktop/Webapps/cafemenu/app/Models/CafeModel.php(52): CodeIgniter\BaseModel->first()
#7 /Users/vosidiy/Desktop/Webapps/cafemenu/app/Services/CafeService.php(35): App\Models\CafeModel->findActiveByUsername('bestcafe')
#8 /Users/vosidiy/Desktop/Webapps/cafemenu/app/Controllers/PublicController.php(17): App\Services\CafeService->getActiveCafeByUsername('bestcafe')
#9 /Users/vosidiy/Desktop/Webapps/cafemenu/system/CodeIgniter.php(951): App\Controllers\PublicController->index('bestcafe')
#10 /Users/vosidiy/Desktop/Webapps/cafemenu/system/CodeIgniter.php(497): CodeIgniter\CodeIgniter->runController(Object(App\Controllers\PublicController))
#11 /Users/vosidiy/Desktop/Webapps/cafemenu/system/CodeIgniter.php(340): CodeIgniter\CodeIgniter->handleRequest(NULL, Object(Config\Cache), false)
#12 /Users/vosidiy/Desktop/Webapps/cafemenu/system/Boot.php(417): CodeIgniter\CodeIgniter->run()
#13 /Users/vosidiy/Desktop/Webapps/cafemenu/system/Boot.php(68): CodeIgniter\Boot::runCodeIgniter(Object(CodeIgniter\CodeIgniter))
#14 /Users/vosidiy/Desktop/Webapps/cafemenu/public/index.php(59): CodeIgniter\Boot::bootWeb(Object(Config\Paths))
#15 /Applications/Herd.app/Contents/Resources/valet/server.php(167): require('/Users/vosidiy/...')
#16 {main}

Next CodeIgniter\Database\Exceptions\DatabaseException: Connection refused in /Users/vosidiy/Desktop/Webapps/cafemenu/system/Database/MySQLi/Connection.php:231
Stack trace:
#0 /Users/vosidiy/Desktop/Webapps/cafemenu/system/Database/BaseConnection.php(555): CodeIgniter\Database\MySQLi\Connection->connect(false)
#1 /Users/vosidiy/Desktop/Webapps/cafemenu/system/Database/BaseConnection.php(795): CodeIgniter\Database\BaseConnection->initialize()
#2 /Users/vosidiy/Desktop/Webapps/cafemenu/system/Database/BaseBuilder.php(1649): CodeIgniter\Database\BaseConnection->query('SELECT *\nFROM `...', Array, false)
#3 /Users/vosidiy/Desktop/Webapps/cafemenu/system/Model.php(295): CodeIgniter\Database\BaseBuilder->get()
#4 /Users/vosidiy/Desktop/Webapps/cafemenu/system/BaseModel.php(714): CodeIgniter\Model->doFirst()
#5 /Users/vosidiy/Desktop/Webapps/cafemenu/app/Models/CafeModel.php(52): CodeIgniter\BaseModel->first()
#6 /Users/vosidiy/Desktop/Webapps/cafemenu/app/Services/CafeService.php(35): App\Models\CafeModel->findActiveByUsername('bestcafe')
#7 /Users/vosidiy/Desktop/Webapps/cafemenu/app/Controllers/PublicController.php(17): App\Services\CafeService->getActiveCafeByUsername('bestcafe')
#8 /Users/vosidiy/Desktop/Webapps/cafemenu/system/CodeIgniter.php(951): App\Controllers\PublicController->index('bestcafe')
#9 /Users/vosidiy/Desktop/Webapps/cafemenu/system/CodeIgniter.php(497): CodeIgniter\CodeIgniter->runController(Object(App\Controllers\PublicController))
#10 /Users/vosidiy/Desktop/Webapps/cafemenu/system/CodeIgniter.php(340): CodeIgniter\CodeIgniter->handleRequest(NULL, Object(Config\Cache), false)
#11 /Users/vosidiy/Desktop/Webapps/cafemenu/system/Boot.php(417): CodeIgniter\CodeIgniter->run()
#12 /Users/vosidiy/Desktop/Webapps/cafemenu/system/Boot.php(68): CodeIgniter\Boot::runCodeIgniter(Object(CodeIgniter\CodeIgniter))
#13 /Users/vosidiy/Desktop/Webapps/cafemenu/public/index.php(59): CodeIgniter\Boot::bootWeb(Object(Config\Paths))
#14 /Applications/Herd.app/Contents/Resources/valet/server.php(167): require('/Users/vosidiy/...')
#15 {main}
CRITICAL - 2026-04-03 22:31:35 --> CodeIgniter\Database\Exceptions\DatabaseException: Unable to connect to the database.
Main connection [MySQLi]: Connection refused
[Method: GET, Route: bestcafe]
in SYSTEMPATH/Database/BaseConnection.php on line 606.
 1 SYSTEMPATH/Database/BaseConnection.php(795): CodeIgniter\Database\BaseConnection->initialize()
 2 SYSTEMPATH/Database/BaseBuilder.php(1649): CodeIgniter\Database\BaseConnection->query('SELECT *
FROM `cafes`
WHERE `username` = :username:
AND `status` = :status:
 LIMIT 1', [...], false)
 3 SYSTEMPATH/Model.php(295): CodeIgniter\Database\BaseBuilder->get()
 4 SYSTEMPATH/BaseModel.php(714): CodeIgniter\Model->doFirst()
 5 APPPATH/Models/CafeModel.php(52): CodeIgniter\BaseModel->first()
 6 APPPATH/Services/CafeService.php(35): App\Models\CafeModel->findActiveByUsername('bestcafe')
 7 APPPATH/Controllers/PublicController.php(17): App\Services\CafeService->getActiveCafeByUsername('bestcafe')
 8 SYSTEMPATH/CodeIgniter.php(951): App\Controllers\PublicController->index('bestcafe')
 9 SYSTEMPATH/CodeIgniter.php(497): CodeIgniter\CodeIgniter->runController(Object(App\Controllers\PublicController))
10 SYSTEMPATH/CodeIgniter.php(340): CodeIgniter\CodeIgniter->handleRequest(null, Object(Config\Cache), false)
11 SYSTEMPATH/Boot.php(417): CodeIgniter\CodeIgniter->run()
12 SYSTEMPATH/Boot.php(68): CodeIgniter\Boot::runCodeIgniter(Object(CodeIgniter\CodeIgniter))
13 FCPATH/index.php(59): CodeIgniter\Boot::bootWeb(Object(Config\Paths))
14 /Applications/Herd.app/Contents/Resources/valet/server.php(167): require('/Users/vosidiy/Desktop/Webapps/cafemenu/public/index.php')
ERROR - 2026-04-03 22:31:37 --> Error connecting to the database: mysqli_sql_exception: Connection refused in /Users/vosidiy/Desktop/Webapps/cafemenu/system/Database/MySQLi/Connection.php:201
Stack trace:
#0 /Users/vosidiy/Desktop/Webapps/cafemenu/system/Database/MySQLi/Connection.php(201): mysqli->real_connect('127.0.0.1', 'root', Object(SensitiveParameterValue), 'cafemenu', 3306, '', 0)
#1 /Users/vosidiy/Desktop/Webapps/cafemenu/system/Database/BaseConnection.php(555): CodeIgniter\Database\MySQLi\Connection->connect(false)
#2 /Users/vosidiy/Desktop/Webapps/cafemenu/system/Database/BaseConnection.php(795): CodeIgniter\Database\BaseConnection->initialize()
#3 /Users/vosidiy/Desktop/Webapps/cafemenu/system/Database/BaseBuilder.php(1649): CodeIgniter\Database\BaseConnection->query('SELECT *\nFROM `...', Array, false)
#4 /Users/vosidiy/Desktop/Webapps/cafemenu/system/Model.php(295): CodeIgniter\Database\BaseBuilder->get()
#5 /Users/vosidiy/Desktop/Webapps/cafemenu/system/BaseModel.php(714): CodeIgniter\Model->doFirst()
#6 /Users/vosidiy/Desktop/Webapps/cafemenu/app/Models/CafeModel.php(52): CodeIgniter\BaseModel->first()
#7 /Users/vosidiy/Desktop/Webapps/cafemenu/app/Services/CafeService.php(35): App\Models\CafeModel->findActiveByUsername('bestcafe')
#8 /Users/vosidiy/Desktop/Webapps/cafemenu/app/Controllers/PublicController.php(17): App\Services\CafeService->getActiveCafeByUsername('bestcafe')
#9 /Users/vosidiy/Desktop/Webapps/cafemenu/system/CodeIgniter.php(951): App\Controllers\PublicController->index('bestcafe')
#10 /Users/vosidiy/Desktop/Webapps/cafemenu/system/CodeIgniter.php(497): CodeIgniter\CodeIgniter->runController(Object(App\Controllers\PublicController))
#11 /Users/vosidiy/Desktop/Webapps/cafemenu/system/CodeIgniter.php(340): CodeIgniter\CodeIgniter->handleRequest(NULL, Object(Config\Cache), false)
#12 /Users/vosidiy/Desktop/Webapps/cafemenu/system/Boot.php(417): CodeIgniter\CodeIgniter->run()
#13 /Users/vosidiy/Desktop/Webapps/cafemenu/system/Boot.php(68): CodeIgniter\Boot::runCodeIgniter(Object(CodeIgniter\CodeIgniter))
#14 /Users/vosidiy/Desktop/Webapps/cafemenu/public/index.php(59): CodeIgniter\Boot::bootWeb(Object(Config\Paths))
#15 /Applications/Herd.app/Contents/Resources/valet/server.php(167): require('/Users/vosidiy/...')
#16 {main}

Next CodeIgniter\Database\Exceptions\DatabaseException: Connection refused in /Users/vosidiy/Desktop/Webapps/cafemenu/system/Database/MySQLi/Connection.php:231
Stack trace:
#0 /Users/vosidiy/Desktop/Webapps/cafemenu/system/Database/BaseConnection.php(555): CodeIgniter\Database\MySQLi\Connection->connect(false)
#1 /Users/vosidiy/Desktop/Webapps/cafemenu/system/Database/BaseConnection.php(795): CodeIgniter\Database\BaseConnection->initialize()
#2 /Users/vosidiy/Desktop/Webapps/cafemenu/system/Database/BaseBuilder.php(1649): CodeIgniter\Database\BaseConnection->query('SELECT *\nFROM `...', Array, false)
#3 /Users/vosidiy/Desktop/Webapps/cafemenu/system/Model.php(295): CodeIgniter\Database\BaseBuilder->get()
#4 /Users/vosidiy/Desktop/Webapps/cafemenu/system/BaseModel.php(714): CodeIgniter\Model->doFirst()
#5 /Users/vosidiy/Desktop/Webapps/cafemenu/app/Models/CafeModel.php(52): CodeIgniter\BaseModel->first()
#6 /Users/vosidiy/Desktop/Webapps/cafemenu/app/Services/CafeService.php(35): App\Models\CafeModel->findActiveByUsername('bestcafe')
#7 /Users/vosidiy/Desktop/Webapps/cafemenu/app/Controllers/PublicController.php(17): App\Services\CafeService->getActiveCafeByUsername('bestcafe')
#8 /Users/vosidiy/Desktop/Webapps/cafemenu/system/CodeIgniter.php(951): App\Controllers\PublicController->index('bestcafe')
#9 /Users/vosidiy/Desktop/Webapps/cafemenu/system/CodeIgniter.php(497): CodeIgniter\CodeIgniter->runController(Object(App\Controllers\PublicController))
#10 /Users/vosidiy/Desktop/Webapps/cafemenu/system/CodeIgniter.php(340): CodeIgniter\CodeIgniter->handleRequest(NULL, Object(Config\Cache), false)
#11 /Users/vosidiy/Desktop/Webapps/cafemenu/system/Boot.php(417): CodeIgniter\CodeIgniter->run()
#12 /Users/vosidiy/Desktop/Webapps/cafemenu/system/Boot.php(68): CodeIgniter\Boot::runCodeIgniter(Object(CodeIgniter\CodeIgniter))
#13 /Users/vosidiy/Desktop/Webapps/cafemenu/public/index.php(59): CodeIgniter\Boot::bootWeb(Object(Config\Paths))
#14 /Applications/Herd.app/Contents/Resources/valet/server.php(167): require('/Users/vosidiy/...')
#15 {main}
CRITICAL - 2026-04-03 22:31:37 --> CodeIgniter\Database\Exceptions\DatabaseException: Unable to connect to the database.
Main connection [MySQLi]: Connection refused
[Method: GET, Route: bestcafe]
in SYSTEMPATH/Database/BaseConnection.php on line 606.
 1 SYSTEMPATH/Database/BaseConnection.php(795): CodeIgniter\Database\BaseConnection->initialize()
 2 SYSTEMPATH/Database/BaseBuilder.php(1649): CodeIgniter\Database\BaseConnection->query('SELECT *
FROM `cafes`
WHERE `username` = :username:
AND `status` = :status:
 LIMIT 1', [...], false)
 3 SYSTEMPATH/Model.php(295): CodeIgniter\Database\BaseBuilder->get()
 4 SYSTEMPATH/BaseModel.php(714): CodeIgniter\Model->doFirst()
 5 APPPATH/Models/CafeModel.php(52): CodeIgniter\BaseModel->first()
 6 APPPATH/Services/CafeService.php(35): App\Models\CafeModel->findActiveByUsername('bestcafe')
 7 APPPATH/Controllers/PublicController.php(17): App\Services\CafeService->getActiveCafeByUsername('bestcafe')
 8 SYSTEMPATH/CodeIgniter.php(951): App\Controllers\PublicController->index('bestcafe')
 9 SYSTEMPATH/CodeIgniter.php(497): CodeIgniter\CodeIgniter->runController(Object(App\Controllers\PublicController))
10 SYSTEMPATH/CodeIgniter.php(340): CodeIgniter\CodeIgniter->handleRequest(null, Object(Config\Cache), false)
11 SYSTEMPATH/Boot.php(417): CodeIgniter\CodeIgniter->run()
12 SYSTEMPATH/Boot.php(68): CodeIgniter\Boot::runCodeIgniter(Object(CodeIgniter\CodeIgniter))
13 FCPATH/index.php(59): CodeIgniter\Boot::bootWeb(Object(Config\Paths))
14 /Applications/Herd.app/Contents/Resources/valet/server.php(167): require('/Users/vosidiy/Desktop/Webapps/cafemenu/public/index.php')
ERROR - 2026-04-03 22:31:45 --> Error connecting to the database: mysqli_sql_exception: Connection refused in /Users/vosidiy/Desktop/Webapps/cafemenu/system/Database/MySQLi/Connection.php:201
Stack trace:
#0 /Users/vosidiy/Desktop/Webapps/cafemenu/system/Database/MySQLi/Connection.php(201): mysqli->real_connect('127.0.0.1', 'root', Object(SensitiveParameterValue), 'cafemenu', 3306, '', 0)
#1 /Users/vosidiy/Desktop/Webapps/cafemenu/system/Database/BaseConnection.php(555): CodeIgniter\Database\MySQLi\Connection->connect(false)
#2 /Users/vosidiy/Desktop/Webapps/cafemenu/system/Database/BaseConnection.php(795): CodeIgniter\Database\BaseConnection->initialize()
#3 /Users/vosidiy/Desktop/Webapps/cafemenu/system/Database/BaseBuilder.php(1649): CodeIgniter\Database\BaseConnection->query('SELECT *\nFROM `...', Array, false)
#4 /Users/vosidiy/Desktop/Webapps/cafemenu/system/Model.php(295): CodeIgniter\Database\BaseBuilder->get()
#5 /Users/vosidiy/Desktop/Webapps/cafemenu/system/BaseModel.php(714): CodeIgniter\Model->doFirst()
#6 /Users/vosidiy/Desktop/Webapps/cafemenu/app/Models/CafeModel.php(52): CodeIgniter\BaseModel->first()
#7 /Users/vosidiy/Desktop/Webapps/cafemenu/app/Services/CafeService.php(35): App\Models\CafeModel->findActiveByUsername('bestcafe')
#8 /Users/vosidiy/Desktop/Webapps/cafemenu/app/Controllers/PublicController.php(17): App\Services\CafeService->getActiveCafeByUsername('bestcafe')
#9 /Users/vosidiy/Desktop/Webapps/cafemenu/system/CodeIgniter.php(951): App\Controllers\PublicController->index('bestcafe')
#10 /Users/vosidiy/Desktop/Webapps/cafemenu/system/CodeIgniter.php(497): CodeIgniter\CodeIgniter->runController(Object(App\Controllers\PublicController))
#11 /Users/vosidiy/Desktop/Webapps/cafemenu/system/CodeIgniter.php(340): CodeIgniter\CodeIgniter->handleRequest(NULL, Object(Config\Cache), false)
#12 /Users/vosidiy/Desktop/Webapps/cafemenu/system/Boot.php(417): CodeIgniter\CodeIgniter->run()
#13 /Users/vosidiy/Desktop/Webapps/cafemenu/system/Boot.php(68): CodeIgniter\Boot::runCodeIgniter(Object(CodeIgniter\CodeIgniter))
#14 /Users/vosidiy/Desktop/Webapps/cafemenu/public/index.php(59): CodeIgniter\Boot::bootWeb(Object(Config\Paths))
#15 /Applications/Herd.app/Contents/Resources/valet/server.php(167): require('/Users/vosidiy/...')
#16 {main}

Next CodeIgniter\Database\Exceptions\DatabaseException: Connection refused in /Users/vosidiy/Desktop/Webapps/cafemenu/system/Database/MySQLi/Connection.php:231
Stack trace:
#0 /Users/vosidiy/Desktop/Webapps/cafemenu/system/Database/BaseConnection.php(555): CodeIgniter\Database\MySQLi\Connection->connect(false)
#1 /Users/vosidiy/Desktop/Webapps/cafemenu/system/Database/BaseConnection.php(795): CodeIgniter\Database\BaseConnection->initialize()
#2 /Users/vosidiy/Desktop/Webapps/cafemenu/system/Database/BaseBuilder.php(1649): CodeIgniter\Database\BaseConnection->query('SELECT *\nFROM `...', Array, false)
#3 /Users/vosidiy/Desktop/Webapps/cafemenu/system/Model.php(295): CodeIgniter\Database\BaseBuilder->get()
#4 /Users/vosidiy/Desktop/Webapps/cafemenu/system/BaseModel.php(714): CodeIgniter\Model->doFirst()
#5 /Users/vosidiy/Desktop/Webapps/cafemenu/app/Models/CafeModel.php(52): CodeIgniter\BaseModel->first()
#6 /Users/vosidiy/Desktop/Webapps/cafemenu/app/Services/CafeService.php(35): App\Models\CafeModel->findActiveByUsername('bestcafe')
#7 /Users/vosidiy/Desktop/Webapps/cafemenu/app/Controllers/PublicController.php(17): App\Services\CafeService->getActiveCafeByUsername('bestcafe')
#8 /Users/vosidiy/Desktop/Webapps/cafemenu/system/CodeIgniter.php(951): App\Controllers\PublicController->index('bestcafe')
#9 /Users/vosidiy/Desktop/Webapps/cafemenu/system/CodeIgniter.php(497): CodeIgniter\CodeIgniter->runController(Object(App\Controllers\PublicController))
#10 /Users/vosidiy/Desktop/Webapps/cafemenu/system/CodeIgniter.php(340): CodeIgniter\CodeIgniter->handleRequest(NULL, Object(Config\Cache), false)
#11 /Users/vosidiy/Desktop/Webapps/cafemenu/system/Boot.php(417): CodeIgniter\CodeIgniter->run()
#12 /Users/vosidiy/Desktop/Webapps/cafemenu/system/Boot.php(68): CodeIgniter\Boot::runCodeIgniter(Object(CodeIgniter\CodeIgniter))
#13 /Users/vosidiy/Desktop/Webapps/cafemenu/public/index.php(59): CodeIgniter\Boot::bootWeb(Object(Config\Paths))
#14 /Applications/Herd.app/Contents/Resources/valet/server.php(167): require('/Users/vosidiy/...')
#15 {main}
CRITICAL - 2026-04-03 22:31:45 --> CodeIgniter\Database\Exceptions\DatabaseException: Unable to connect to the database.
Main connection [MySQLi]: Connection refused
[Method: GET, Route: bestcafe]
in SYSTEMPATH/Database/BaseConnection.php on line 606.
 1 SYSTEMPATH/Database/BaseConnection.php(795): CodeIgniter\Database\BaseConnection->initialize()
 2 SYSTEMPATH/Database/BaseBuilder.php(1649): CodeIgniter\Database\BaseConnection->query('SELECT *
FROM `cafes`
WHERE `username` = :username:
AND `status` = :status:
 LIMIT 1', [...], false)
 3 SYSTEMPATH/Model.php(295): CodeIgniter\Database\BaseBuilder->get()
 4 SYSTEMPATH/BaseModel.php(714): CodeIgniter\Model->doFirst()
 5 APPPATH/Models/CafeModel.php(52): CodeIgniter\BaseModel->first()
 6 APPPATH/Services/CafeService.php(35): App\Models\CafeModel->findActiveByUsername('bestcafe')
 7 APPPATH/Controllers/PublicController.php(17): App\Services\CafeService->getActiveCafeByUsername('bestcafe')
 8 SYSTEMPATH/CodeIgniter.php(951): App\Controllers\PublicController->index('bestcafe')
 9 SYSTEMPATH/CodeIgniter.php(497): CodeIgniter\CodeIgniter->runController(Object(App\Controllers\PublicController))
10 SYSTEMPATH/CodeIgniter.php(340): CodeIgniter\CodeIgniter->handleRequest(null, Object(Config\Cache), false)
11 SYSTEMPATH/Boot.php(417): CodeIgniter\CodeIgniter->run()
12 SYSTEMPATH/Boot.php(68): CodeIgniter\Boot::runCodeIgniter(Object(CodeIgniter\CodeIgniter))
13 FCPATH/index.php(59): CodeIgniter\Boot::bootWeb(Object(Config\Paths))
14 /Applications/Herd.app/Contents/Resources/valet/server.php(167): require('/Users/vosidiy/Desktop/Webapps/cafemenu/public/index.php')
