ERROR - 2026-04-02 17:29:14 --> Error connecting to the database: mysqli_sql_exception: Connection refused in /Users/vosidiy/Desktop/Webapps/cafemenu/system/Database/MySQLi/Connection.php:201
Stack trace:
#0 /Users/vosidiy/Desktop/Webapps/cafemenu/system/Database/MySQLi/Connection.php(201): mysqli->real_connect('127.0.0.1', 'root', Object(SensitiveParameterValue), 'cafemenu', 3301, '', 0)
#1 /Users/vosidiy/Desktop/Webapps/cafemenu/system/Database/BaseConnection.php(555): CodeIgniter\Database\MySQLi\Connection->connect(false)
#2 /Users/vosidiy/Desktop/Webapps/cafemenu/system/Database/BaseConnection.php(795): CodeIgniter\Database\BaseConnection->initialize()
#3 /Users/vosidiy/Desktop/Webapps/cafemenu/app/Config/Routes.php(12): CodeIgniter\Database\BaseConnection->query('SELECT 1')
#4 /Users/vosidiy/Desktop/Webapps/cafemenu/system/CodeIgniter.php(872): CodeIgniter\Router\RouteCollection->{closure:/Users/vosidiy/Desktop/Webapps/cafemenu/app/Config/Routes.php:10}()
#5 /Users/vosidiy/Desktop/Webapps/cafemenu/system/CodeIgniter.php(480): CodeIgniter\CodeIgniter->startController()
#6 /Users/vosidiy/Desktop/Webapps/cafemenu/system/CodeIgniter.php(340): CodeIgniter\CodeIgniter->handleRequest(NULL, Object(Config\Cache), false)
#7 /Users/vosidiy/Desktop/Webapps/cafemenu/system/Boot.php(417): CodeIgniter\CodeIgniter->run()
#8 /Users/vosidiy/Desktop/Webapps/cafemenu/system/Boot.php(68): CodeIgniter\Boot::runCodeIgniter(Object(CodeIgniter\CodeIgniter))
#9 /Users/vosidiy/Desktop/Webapps/cafemenu/public/index.php(59): CodeIgniter\Boot::bootWeb(Object(Config\Paths))
#10 /Applications/Herd.app/Contents/Resources/valet/server.php(167): require('/Users/vosidiy/...')
#11 {main}

Next CodeIgniter\Database\Exceptions\DatabaseException: Connection refused in /Users/vosidiy/Desktop/Webapps/cafemenu/system/Database/MySQLi/Connection.php:231
Stack trace:
#0 /Users/vosidiy/Desktop/Webapps/cafemenu/system/Database/BaseConnection.php(555): CodeIgniter\Database\MySQLi\Connection->connect(false)
#1 /Users/vosidiy/Desktop/Webapps/cafemenu/system/Database/BaseConnection.php(795): CodeIgniter\Database\BaseConnection->initialize()
#2 /Users/vosidiy/Desktop/Webapps/cafemenu/app/Config/Routes.php(12): CodeIgniter\Database\BaseConnection->query('SELECT 1')
#3 /Users/vosidiy/Desktop/Webapps/cafemenu/system/CodeIgniter.php(872): CodeIgniter\Router\RouteCollection->{closure:/Users/vosidiy/Desktop/Webapps/cafemenu/app/Config/Routes.php:10}()
#4 /Users/vosidiy/Desktop/Webapps/cafemenu/system/CodeIgniter.php(480): CodeIgniter\CodeIgniter->startController()
#5 /Users/vosidiy/Desktop/Webapps/cafemenu/system/CodeIgniter.php(340): CodeIgniter\CodeIgniter->handleRequest(NULL, Object(Config\Cache), false)
#6 /Users/vosidiy/Desktop/Webapps/cafemenu/system/Boot.php(417): CodeIgniter\CodeIgniter->run()
#7 /Users/vosidiy/Desktop/Webapps/cafemenu/system/Boot.php(68): CodeIgniter\Boot::runCodeIgniter(Object(CodeIgniter\CodeIgniter))
#8 /Users/vosidiy/Desktop/Webapps/cafemenu/public/index.php(59): CodeIgniter\Boot::bootWeb(Object(Config\Paths))
#9 /Applications/Herd.app/Contents/Resources/valet/server.php(167): require('/Users/vosidiy/...')
#10 {main}
CRITICAL - 2026-04-02 17:29:14 --> CodeIgniter\Database\Exceptions\DatabaseException: Unable to connect to the database.
Main connection [MySQLi]: Connection refused
[Method: GET, Route: test-db]
in SYSTEMPATH/Database/BaseConnection.php on line 606.
 1 SYSTEMPATH/Database/BaseConnection.php(795): CodeIgniter\Database\BaseConnection->initialize()
 2 APPPATH/Config/Routes.php(12): CodeIgniter\Database\BaseConnection->query('SELECT 1')
 3 SYSTEMPATH/CodeIgniter.php(872): CodeIgniter\Router\RouteCollection->{closure:/Users/vosidiy/Desktop/Webapps/cafemenu/app/Config/Routes.php:10}()
 4 SYSTEMPATH/CodeIgniter.php(480): CodeIgniter\CodeIgniter->startController()
 5 SYSTEMPATH/CodeIgniter.php(340): CodeIgniter\CodeIgniter->handleRequest(null, Object(Config\Cache), false)
 6 SYSTEMPATH/Boot.php(417): CodeIgniter\CodeIgniter->run()
 7 SYSTEMPATH/Boot.php(68): CodeIgniter\Boot::runCodeIgniter(Object(CodeIgniter\CodeIgniter))
 8 FCPATH/index.php(59): CodeIgniter\Boot::bootWeb(Object(Config\Paths))
 9 /Applications/Herd.app/Contents/Resources/valet/server.php(167): require('/Users/vosidiy/Desktop/Webapps/cafemenu/public/index.php')
ERROR - 2026-04-02 17:29:17 --> Error connecting to the database: mysqli_sql_exception: Connection refused in /Users/vosidiy/Desktop/Webapps/cafemenu/system/Database/MySQLi/Connection.php:201
Stack trace:
#0 /Users/vosidiy/Desktop/Webapps/cafemenu/system/Database/MySQLi/Connection.php(201): mysqli->real_connect('127.0.0.1', 'root', Object(SensitiveParameterValue), 'cafemenu', 3301, '', 0)
#1 /Users/vosidiy/Desktop/Webapps/cafemenu/system/Database/BaseConnection.php(555): CodeIgniter\Database\MySQLi\Connection->connect(false)
#2 /Users/vosidiy/Desktop/Webapps/cafemenu/system/Database/BaseConnection.php(795): CodeIgniter\Database\BaseConnection->initialize()
#3 /Users/vosidiy/Desktop/Webapps/cafemenu/app/Config/Routes.php(12): CodeIgniter\Database\BaseConnection->query('SELECT 1')
#4 /Users/vosidiy/Desktop/Webapps/cafemenu/system/CodeIgniter.php(872): CodeIgniter\Router\RouteCollection->{closure:/Users/vosidiy/Desktop/Webapps/cafemenu/app/Config/Routes.php:10}()
#5 /Users/vosidiy/Desktop/Webapps/cafemenu/system/CodeIgniter.php(480): CodeIgniter\CodeIgniter->startController()
#6 /Users/vosidiy/Desktop/Webapps/cafemenu/system/CodeIgniter.php(340): CodeIgniter\CodeIgniter->handleRequest(NULL, Object(Config\Cache), false)
#7 /Users/vosidiy/Desktop/Webapps/cafemenu/system/Boot.php(417): CodeIgniter\CodeIgniter->run()
#8 /Users/vosidiy/Desktop/Webapps/cafemenu/system/Boot.php(68): CodeIgniter\Boot::runCodeIgniter(Object(CodeIgniter\CodeIgniter))
#9 /Users/vosidiy/Desktop/Webapps/cafemenu/public/index.php(59): CodeIgniter\Boot::bootWeb(Object(Config\Paths))
#10 /Applications/Herd.app/Contents/Resources/valet/server.php(167): require('/Users/vosidiy/...')
#11 {main}

Next CodeIgniter\Database\Exceptions\DatabaseException: Connection refused in /Users/vosidiy/Desktop/Webapps/cafemenu/system/Database/MySQLi/Connection.php:231
Stack trace:
#0 /Users/vosidiy/Desktop/Webapps/cafemenu/system/Database/BaseConnection.php(555): CodeIgniter\Database\MySQLi\Connection->connect(false)
#1 /Users/vosidiy/Desktop/Webapps/cafemenu/system/Database/BaseConnection.php(795): CodeIgniter\Database\BaseConnection->initialize()
#2 /Users/vosidiy/Desktop/Webapps/cafemenu/app/Config/Routes.php(12): CodeIgniter\Database\BaseConnection->query('SELECT 1')
#3 /Users/vosidiy/Desktop/Webapps/cafemenu/system/CodeIgniter.php(872): CodeIgniter\Router\RouteCollection->{closure:/Users/vosidiy/Desktop/Webapps/cafemenu/app/Config/Routes.php:10}()
#4 /Users/vosidiy/Desktop/Webapps/cafemenu/system/CodeIgniter.php(480): CodeIgniter\CodeIgniter->startController()
#5 /Users/vosidiy/Desktop/Webapps/cafemenu/system/CodeIgniter.php(340): CodeIgniter\CodeIgniter->handleRequest(NULL, Object(Config\Cache), false)
#6 /Users/vosidiy/Desktop/Webapps/cafemenu/system/Boot.php(417): CodeIgniter\CodeIgniter->run()
#7 /Users/vosidiy/Desktop/Webapps/cafemenu/system/Boot.php(68): CodeIgniter\Boot::runCodeIgniter(Object(CodeIgniter\CodeIgniter))
#8 /Users/vosidiy/Desktop/Webapps/cafemenu/public/index.php(59): CodeIgniter\Boot::bootWeb(Object(Config\Paths))
#9 /Applications/Herd.app/Contents/Resources/valet/server.php(167): require('/Users/vosidiy/...')
#10 {main}
CRITICAL - 2026-04-02 17:29:17 --> CodeIgniter\Database\Exceptions\DatabaseException: Unable to connect to the database.
Main connection [MySQLi]: Connection refused
[Method: GET, Route: test-db]
in SYSTEMPATH/Database/BaseConnection.php on line 606.
 1 SYSTEMPATH/Database/BaseConnection.php(795): CodeIgniter\Database\BaseConnection->initialize()
 2 APPPATH/Config/Routes.php(12): CodeIgniter\Database\BaseConnection->query('SELECT 1')
 3 SYSTEMPATH/CodeIgniter.php(872): CodeIgniter\Router\RouteCollection->{closure:/Users/vosidiy/Desktop/Webapps/cafemenu/app/Config/Routes.php:10}()
 4 SYSTEMPATH/CodeIgniter.php(480): CodeIgniter\CodeIgniter->startController()
 5 SYSTEMPATH/CodeIgniter.php(340): CodeIgniter\CodeIgniter->handleRequest(null, Object(Config\Cache), false)
 6 SYSTEMPATH/Boot.php(417): CodeIgniter\CodeIgniter->run()
 7 SYSTEMPATH/Boot.php(68): CodeIgniter\Boot::runCodeIgniter(Object(CodeIgniter\CodeIgniter))
 8 FCPATH/index.php(59): CodeIgniter\Boot::bootWeb(Object(Config\Paths))
 9 /Applications/Herd.app/Contents/Resources/valet/server.php(167): require('/Users/vosidiy/Desktop/Webapps/cafemenu/public/index.php')
ERROR - 2026-04-02 17:29:18 --> Error connecting to the database: mysqli_sql_exception: Connection refused in /Users/vosidiy/Desktop/Webapps/cafemenu/system/Database/MySQLi/Connection.php:201
Stack trace:
#0 /Users/vosidiy/Desktop/Webapps/cafemenu/system/Database/MySQLi/Connection.php(201): mysqli->real_connect('127.0.0.1', 'root', Object(SensitiveParameterValue), 'cafemenu', 3301, '', 0)
#1 /Users/vosidiy/Desktop/Webapps/cafemenu/system/Database/BaseConnection.php(555): CodeIgniter\Database\MySQLi\Connection->connect(false)
#2 /Users/vosidiy/Desktop/Webapps/cafemenu/system/Database/BaseConnection.php(795): CodeIgniter\Database\BaseConnection->initialize()
#3 /Users/vosidiy/Desktop/Webapps/cafemenu/app/Config/Routes.php(12): CodeIgniter\Database\BaseConnection->query('SELECT 1')
#4 /Users/vosidiy/Desktop/Webapps/cafemenu/system/CodeIgniter.php(872): CodeIgniter\Router\RouteCollection->{closure:/Users/vosidiy/Desktop/Webapps/cafemenu/app/Config/Routes.php:10}()
#5 /Users/vosidiy/Desktop/Webapps/cafemenu/system/CodeIgniter.php(480): CodeIgniter\CodeIgniter->startController()
#6 /Users/vosidiy/Desktop/Webapps/cafemenu/system/CodeIgniter.php(340): CodeIgniter\CodeIgniter->handleRequest(NULL, Object(Config\Cache), false)
#7 /Users/vosidiy/Desktop/Webapps/cafemenu/system/Boot.php(417): CodeIgniter\CodeIgniter->run()
#8 /Users/vosidiy/Desktop/Webapps/cafemenu/system/Boot.php(68): CodeIgniter\Boot::runCodeIgniter(Object(CodeIgniter\CodeIgniter))
#9 /Users/vosidiy/Desktop/Webapps/cafemenu/public/index.php(59): CodeIgniter\Boot::bootWeb(Object(Config\Paths))
#10 /Applications/Herd.app/Contents/Resources/valet/server.php(167): require('/Users/vosidiy/...')
#11 {main}

Next CodeIgniter\Database\Exceptions\DatabaseException: Connection refused in /Users/vosidiy/Desktop/Webapps/cafemenu/system/Database/MySQLi/Connection.php:231
Stack trace:
#0 /Users/vosidiy/Desktop/Webapps/cafemenu/system/Database/BaseConnection.php(555): CodeIgniter\Database\MySQLi\Connection->connect(false)
#1 /Users/vosidiy/Desktop/Webapps/cafemenu/system/Database/BaseConnection.php(795): CodeIgniter\Database\BaseConnection->initialize()
#2 /Users/vosidiy/Desktop/Webapps/cafemenu/app/Config/Routes.php(12): CodeIgniter\Database\BaseConnection->query('SELECT 1')
#3 /Users/vosidiy/Desktop/Webapps/cafemenu/system/CodeIgniter.php(872): CodeIgniter\Router\RouteCollection->{closure:/Users/vosidiy/Desktop/Webapps/cafemenu/app/Config/Routes.php:10}()
#4 /Users/vosidiy/Desktop/Webapps/cafemenu/system/CodeIgniter.php(480): CodeIgniter\CodeIgniter->startController()
#5 /Users/vosidiy/Desktop/Webapps/cafemenu/system/CodeIgniter.php(340): CodeIgniter\CodeIgniter->handleRequest(NULL, Object(Config\Cache), false)
#6 /Users/vosidiy/Desktop/Webapps/cafemenu/system/Boot.php(417): CodeIgniter\CodeIgniter->run()
#7 /Users/vosidiy/Desktop/Webapps/cafemenu/system/Boot.php(68): CodeIgniter\Boot::runCodeIgniter(Object(CodeIgniter\CodeIgniter))
#8 /Users/vosidiy/Desktop/Webapps/cafemenu/public/index.php(59): CodeIgniter\Boot::bootWeb(Object(Config\Paths))
#9 /Applications/Herd.app/Contents/Resources/valet/server.php(167): require('/Users/vosidiy/...')
#10 {main}
CRITICAL - 2026-04-02 17:29:18 --> CodeIgniter\Database\Exceptions\DatabaseException: Unable to connect to the database.
Main connection [MySQLi]: Connection refused
[Method: GET, Route: test-db]
in SYSTEMPATH/Database/BaseConnection.php on line 606.
 1 SYSTEMPATH/Database/BaseConnection.php(795): CodeIgniter\Database\BaseConnection->initialize()
 2 APPPATH/Config/Routes.php(12): CodeIgniter\Database\BaseConnection->query('SELECT 1')
 3 SYSTEMPATH/CodeIgniter.php(872): CodeIgniter\Router\RouteCollection->{closure:/Users/vosidiy/Desktop/Webapps/cafemenu/app/Config/Routes.php:10}()
 4 SYSTEMPATH/CodeIgniter.php(480): CodeIgniter\CodeIgniter->startController()
 5 SYSTEMPATH/CodeIgniter.php(340): CodeIgniter\CodeIgniter->handleRequest(null, Object(Config\Cache), false)
 6 SYSTEMPATH/Boot.php(417): CodeIgniter\CodeIgniter->run()
 7 SYSTEMPATH/Boot.php(68): CodeIgniter\Boot::runCodeIgniter(Object(CodeIgniter\CodeIgniter))
 8 FCPATH/index.php(59): CodeIgniter\Boot::bootWeb(Object(Config\Paths))
 9 /Applications/Herd.app/Contents/Resources/valet/server.php(167): require('/Users/vosidiy/Desktop/Webapps/cafemenu/public/index.php')
ERROR - 2026-04-02 17:30:07 --> Error connecting to the database: mysqli_sql_exception: Connection refused in /Users/vosidiy/Desktop/Webapps/cafemenu/system/Database/MySQLi/Connection.php:201
Stack trace:
#0 /Users/vosidiy/Desktop/Webapps/cafemenu/system/Database/MySQLi/Connection.php(201): mysqli->real_connect('127.0.0.1', 'root', Object(SensitiveParameterValue), 'cafemenu', 3301, '', 0)
#1 /Users/vosidiy/Desktop/Webapps/cafemenu/system/Database/BaseConnection.php(555): CodeIgniter\Database\MySQLi\Connection->connect(false)
#2 /Users/vosidiy/Desktop/Webapps/cafemenu/system/Database/BaseConnection.php(795): CodeIgniter\Database\BaseConnection->initialize()
#3 /Users/vosidiy/Desktop/Webapps/cafemenu/app/Config/Routes.php(12): CodeIgniter\Database\BaseConnection->query('SELECT 1')
#4 /Users/vosidiy/Desktop/Webapps/cafemenu/system/CodeIgniter.php(872): CodeIgniter\Router\RouteCollection->{closure:/Users/vosidiy/Desktop/Webapps/cafemenu/app/Config/Routes.php:10}()
#5 /Users/vosidiy/Desktop/Webapps/cafemenu/system/CodeIgniter.php(480): CodeIgniter\CodeIgniter->startController()
#6 /Users/vosidiy/Desktop/Webapps/cafemenu/system/CodeIgniter.php(340): CodeIgniter\CodeIgniter->handleRequest(NULL, Object(Config\Cache), false)
#7 /Users/vosidiy/Desktop/Webapps/cafemenu/system/Boot.php(417): CodeIgniter\CodeIgniter->run()
#8 /Users/vosidiy/Desktop/Webapps/cafemenu/system/Boot.php(68): CodeIgniter\Boot::runCodeIgniter(Object(CodeIgniter\CodeIgniter))
#9 /Users/vosidiy/Desktop/Webapps/cafemenu/public/index.php(59): CodeIgniter\Boot::bootWeb(Object(Config\Paths))
#10 /Applications/Herd.app/Contents/Resources/valet/server.php(167): require('/Users/vosidiy/...')
#11 {main}

Next CodeIgniter\Database\Exceptions\DatabaseException: Connection refused in /Users/vosidiy/Desktop/Webapps/cafemenu/system/Database/MySQLi/Connection.php:231
Stack trace:
#0 /Users/vosidiy/Desktop/Webapps/cafemenu/system/Database/BaseConnection.php(555): CodeIgniter\Database\MySQLi\Connection->connect(false)
#1 /Users/vosidiy/Desktop/Webapps/cafemenu/system/Database/BaseConnection.php(795): CodeIgniter\Database\BaseConnection->initialize()
#2 /Users/vosidiy/Desktop/Webapps/cafemenu/app/Config/Routes.php(12): CodeIgniter\Database\BaseConnection->query('SELECT 1')
#3 /Users/vosidiy/Desktop/Webapps/cafemenu/system/CodeIgniter.php(872): CodeIgniter\Router\RouteCollection->{closure:/Users/vosidiy/Desktop/Webapps/cafemenu/app/Config/Routes.php:10}()
#4 /Users/vosidiy/Desktop/Webapps/cafemenu/system/CodeIgniter.php(480): CodeIgniter\CodeIgniter->startController()
#5 /Users/vosidiy/Desktop/Webapps/cafemenu/system/CodeIgniter.php(340): CodeIgniter\CodeIgniter->handleRequest(NULL, Object(Config\Cache), false)
#6 /Users/vosidiy/Desktop/Webapps/cafemenu/system/Boot.php(417): CodeIgniter\CodeIgniter->run()
#7 /Users/vosidiy/Desktop/Webapps/cafemenu/system/Boot.php(68): CodeIgniter\Boot::runCodeIgniter(Object(CodeIgniter\CodeIgniter))
#8 /Users/vosidiy/Desktop/Webapps/cafemenu/public/index.php(59): CodeIgniter\Boot::bootWeb(Object(Config\Paths))
#9 /Applications/Herd.app/Contents/Resources/valet/server.php(167): require('/Users/vosidiy/...')
#10 {main}
CRITICAL - 2026-04-02 17:30:07 --> CodeIgniter\Database\Exceptions\DatabaseException: Unable to connect to the database.
Main connection [MySQLi]: Connection refused
[Method: GET, Route: test-db]
in SYSTEMPATH/Database/BaseConnection.php on line 606.
 1 SYSTEMPATH/Database/BaseConnection.php(795): CodeIgniter\Database\BaseConnection->initialize()
 2 APPPATH/Config/Routes.php(12): CodeIgniter\Database\BaseConnection->query('SELECT 1')
 3 SYSTEMPATH/CodeIgniter.php(872): CodeIgniter\Router\RouteCollection->{closure:/Users/vosidiy/Desktop/Webapps/cafemenu/app/Config/Routes.php:10}()
 4 SYSTEMPATH/CodeIgniter.php(480): CodeIgniter\CodeIgniter->startController()
 5 SYSTEMPATH/CodeIgniter.php(340): CodeIgniter\CodeIgniter->handleRequest(null, Object(Config\Cache), false)
 6 SYSTEMPATH/Boot.php(417): CodeIgniter\CodeIgniter->run()
 7 SYSTEMPATH/Boot.php(68): CodeIgniter\Boot::runCodeIgniter(Object(CodeIgniter\CodeIgniter))
 8 FCPATH/index.php(59): CodeIgniter\Boot::bootWeb(Object(Config\Paths))
 9 /Applications/Herd.app/Contents/Resources/valet/server.php(167): require('/Users/vosidiy/Desktop/Webapps/cafemenu/public/index.php')
ERROR - 2026-04-02 17:30:15 --> Error connecting to the database: mysqli_sql_exception: Connection refused in /Users/vosidiy/Desktop/Webapps/cafemenu/system/Database/MySQLi/Connection.php:201
Stack trace:
#0 /Users/vosidiy/Desktop/Webapps/cafemenu/system/Database/MySQLi/Connection.php(201): mysqli->real_connect('127.0.0.1', 'root', Object(SensitiveParameterValue), 'cafemenu', 3301, '', 0)
#1 /Users/vosidiy/Desktop/Webapps/cafemenu/system/Database/BaseConnection.php(555): CodeIgniter\Database\MySQLi\Connection->connect(false)
#2 /Users/vosidiy/Desktop/Webapps/cafemenu/system/Database/BaseConnection.php(795): CodeIgniter\Database\BaseConnection->initialize()
#3 /Users/vosidiy/Desktop/Webapps/cafemenu/app/Config/Routes.php(12): CodeIgniter\Database\BaseConnection->query('SELECT 1')
#4 /Users/vosidiy/Desktop/Webapps/cafemenu/system/CodeIgniter.php(872): CodeIgniter\Router\RouteCollection->{closure:/Users/vosidiy/Desktop/Webapps/cafemenu/app/Config/Routes.php:10}()
#5 /Users/vosidiy/Desktop/Webapps/cafemenu/system/CodeIgniter.php(480): CodeIgniter\CodeIgniter->startController()
#6 /Users/vosidiy/Desktop/Webapps/cafemenu/system/CodeIgniter.php(340): CodeIgniter\CodeIgniter->handleRequest(NULL, Object(Config\Cache), false)
#7 /Users/vosidiy/Desktop/Webapps/cafemenu/system/Boot.php(417): CodeIgniter\CodeIgniter->run()
#8 /Users/vosidiy/Desktop/Webapps/cafemenu/system/Boot.php(68): CodeIgniter\Boot::runCodeIgniter(Object(CodeIgniter\CodeIgniter))
#9 /Users/vosidiy/Desktop/Webapps/cafemenu/public/index.php(59): CodeIgniter\Boot::bootWeb(Object(Config\Paths))
#10 /Applications/Herd.app/Contents/Resources/valet/server.php(167): require('/Users/vosidiy/...')
#11 {main}

Next CodeIgniter\Database\Exceptions\DatabaseException: Connection refused in /Users/vosidiy/Desktop/Webapps/cafemenu/system/Database/MySQLi/Connection.php:231
Stack trace:
#0 /Users/vosidiy/Desktop/Webapps/cafemenu/system/Database/BaseConnection.php(555): CodeIgniter\Database\MySQLi\Connection->connect(false)
#1 /Users/vosidiy/Desktop/Webapps/cafemenu/system/Database/BaseConnection.php(795): CodeIgniter\Database\BaseConnection->initialize()
#2 /Users/vosidiy/Desktop/Webapps/cafemenu/app/Config/Routes.php(12): CodeIgniter\Database\BaseConnection->query('SELECT 1')
#3 /Users/vosidiy/Desktop/Webapps/cafemenu/system/CodeIgniter.php(872): CodeIgniter\Router\RouteCollection->{closure:/Users/vosidiy/Desktop/Webapps/cafemenu/app/Config/Routes.php:10}()
#4 /Users/vosidiy/Desktop/Webapps/cafemenu/system/CodeIgniter.php(480): CodeIgniter\CodeIgniter->startController()
#5 /Users/vosidiy/Desktop/Webapps/cafemenu/system/CodeIgniter.php(340): CodeIgniter\CodeIgniter->handleRequest(NULL, Object(Config\Cache), false)
#6 /Users/vosidiy/Desktop/Webapps/cafemenu/system/Boot.php(417): CodeIgniter\CodeIgniter->run()
#7 /Users/vosidiy/Desktop/Webapps/cafemenu/system/Boot.php(68): CodeIgniter\Boot::runCodeIgniter(Object(CodeIgniter\CodeIgniter))
#8 /Users/vosidiy/Desktop/Webapps/cafemenu/public/index.php(59): CodeIgniter\Boot::bootWeb(Object(Config\Paths))
#9 /Applications/Herd.app/Contents/Resources/valet/server.php(167): require('/Users/vosidiy/...')
#10 {main}
CRITICAL - 2026-04-02 17:30:15 --> CodeIgniter\Database\Exceptions\DatabaseException: Unable to connect to the database.
Main connection [MySQLi]: Connection refused
[Method: GET, Route: test-db]
in SYSTEMPATH/Database/BaseConnection.php on line 606.
 1 SYSTEMPATH/Database/BaseConnection.php(795): CodeIgniter\Database\BaseConnection->initialize()
 2 APPPATH/Config/Routes.php(12): CodeIgniter\Database\BaseConnection->query('SELECT 1')
 3 SYSTEMPATH/CodeIgniter.php(872): CodeIgniter\Router\RouteCollection->{closure:/Users/vosidiy/Desktop/Webapps/cafemenu/app/Config/Routes.php:10}()
 4 SYSTEMPATH/CodeIgniter.php(480): CodeIgniter\CodeIgniter->startController()
 5 SYSTEMPATH/CodeIgniter.php(340): CodeIgniter\CodeIgniter->handleRequest(null, Object(Config\Cache), false)
 6 SYSTEMPATH/Boot.php(417): CodeIgniter\CodeIgniter->run()
 7 SYSTEMPATH/Boot.php(68): CodeIgniter\Boot::runCodeIgniter(Object(CodeIgniter\CodeIgniter))
 8 FCPATH/index.php(59): CodeIgniter\Boot::bootWeb(Object(Config\Paths))
 9 /Applications/Herd.app/Contents/Resources/valet/server.php(167): require('/Users/vosidiy/Desktop/Webapps/cafemenu/public/index.php')
ERROR - 2026-04-02 17:30:27 --> Error connecting to the database: mysqli_sql_exception: Connection refused in /Users/vosidiy/Desktop/Webapps/cafemenu/system/Database/MySQLi/Connection.php:201
Stack trace:
#0 /Users/vosidiy/Desktop/Webapps/cafemenu/system/Database/MySQLi/Connection.php(201): mysqli->real_connect('127.0.0.1', 'root', Object(SensitiveParameterValue), 'cafemenu', 3301, '', 0)
#1 /Users/vosidiy/Desktop/Webapps/cafemenu/system/Database/BaseConnection.php(555): CodeIgniter\Database\MySQLi\Connection->connect(false)
#2 /Users/vosidiy/Desktop/Webapps/cafemenu/system/Database/BaseConnection.php(795): CodeIgniter\Database\BaseConnection->initialize()
#3 /Users/vosidiy/Desktop/Webapps/cafemenu/app/Config/Routes.php(12): CodeIgniter\Database\BaseConnection->query('SELECT 1')
#4 /Users/vosidiy/Desktop/Webapps/cafemenu/system/CodeIgniter.php(872): CodeIgniter\Router\RouteCollection->{closure:/Users/vosidiy/Desktop/Webapps/cafemenu/app/Config/Routes.php:10}()
#5 /Users/vosidiy/Desktop/Webapps/cafemenu/system/CodeIgniter.php(480): CodeIgniter\CodeIgniter->startController()
#6 /Users/vosidiy/Desktop/Webapps/cafemenu/system/CodeIgniter.php(340): CodeIgniter\CodeIgniter->handleRequest(NULL, Object(Config\Cache), false)
#7 /Users/vosidiy/Desktop/Webapps/cafemenu/system/Boot.php(417): CodeIgniter\CodeIgniter->run()
#8 /Users/vosidiy/Desktop/Webapps/cafemenu/system/Boot.php(68): CodeIgniter\Boot::runCodeIgniter(Object(CodeIgniter\CodeIgniter))
#9 /Users/vosidiy/Desktop/Webapps/cafemenu/public/index.php(59): CodeIgniter\Boot::bootWeb(Object(Config\Paths))
#10 /Applications/Herd.app/Contents/Resources/valet/server.php(167): require('/Users/vosidiy/...')
#11 {main}

Next CodeIgniter\Database\Exceptions\DatabaseException: Connection refused in /Users/vosidiy/Desktop/Webapps/cafemenu/system/Database/MySQLi/Connection.php:231
Stack trace:
#0 /Users/vosidiy/Desktop/Webapps/cafemenu/system/Database/BaseConnection.php(555): CodeIgniter\Database\MySQLi\Connection->connect(false)
#1 /Users/vosidiy/Desktop/Webapps/cafemenu/system/Database/BaseConnection.php(795): CodeIgniter\Database\BaseConnection->initialize()
#2 /Users/vosidiy/Desktop/Webapps/cafemenu/app/Config/Routes.php(12): CodeIgniter\Database\BaseConnection->query('SELECT 1')
#3 /Users/vosidiy/Desktop/Webapps/cafemenu/system/CodeIgniter.php(872): CodeIgniter\Router\RouteCollection->{closure:/Users/vosidiy/Desktop/Webapps/cafemenu/app/Config/Routes.php:10}()
#4 /Users/vosidiy/Desktop/Webapps/cafemenu/system/CodeIgniter.php(480): CodeIgniter\CodeIgniter->startController()
#5 /Users/vosidiy/Desktop/Webapps/cafemenu/system/CodeIgniter.php(340): CodeIgniter\CodeIgniter->handleRequest(NULL, Object(Config\Cache), false)
#6 /Users/vosidiy/Desktop/Webapps/cafemenu/system/Boot.php(417): CodeIgniter\CodeIgniter->run()
#7 /Users/vosidiy/Desktop/Webapps/cafemenu/system/Boot.php(68): CodeIgniter\Boot::runCodeIgniter(Object(CodeIgniter\CodeIgniter))
#8 /Users/vosidiy/Desktop/Webapps/cafemenu/public/index.php(59): CodeIgniter\Boot::bootWeb(Object(Config\Paths))
#9 /Applications/Herd.app/Contents/Resources/valet/server.php(167): require('/Users/vosidiy/...')
#10 {main}
CRITICAL - 2026-04-02 17:30:27 --> CodeIgniter\Database\Exceptions\DatabaseException: Unable to connect to the database.
Main connection [MySQLi]: Connection refused
[Method: GET, Route: test-db]
in SYSTEMPATH/Database/BaseConnection.php on line 606.
 1 SYSTEMPATH/Database/BaseConnection.php(795): CodeIgniter\Database\BaseConnection->initialize()
 2 APPPATH/Config/Routes.php(12): CodeIgniter\Database\BaseConnection->query('SELECT 1')
 3 SYSTEMPATH/CodeIgniter.php(872): CodeIgniter\Router\RouteCollection->{closure:/Users/vosidiy/Desktop/Webapps/cafemenu/app/Config/Routes.php:10}()
 4 SYSTEMPATH/CodeIgniter.php(480): CodeIgniter\CodeIgniter->startController()
 5 SYSTEMPATH/CodeIgniter.php(340): CodeIgniter\CodeIgniter->handleRequest(null, Object(Config\Cache), false)
 6 SYSTEMPATH/Boot.php(417): CodeIgniter\CodeIgniter->run()
 7 SYSTEMPATH/Boot.php(68): CodeIgniter\Boot::runCodeIgniter(Object(CodeIgniter\CodeIgniter))
 8 FCPATH/index.php(59): CodeIgniter\Boot::bootWeb(Object(Config\Paths))
 9 /Applications/Herd.app/Contents/Resources/valet/server.php(167): require('/Users/vosidiy/Desktop/Webapps/cafemenu/public/index.php')
CRITICAL - 2026-04-02 23:34:49 --> ErrorException: Undefined array key "menu_version"
[Method: GET, Route: admin]
in APPPATH/Views/admin/dashboard.php on line 11.
 1 APPPATH/Views/admin/dashboard.php(11): CodeIgniter\Debug\Exceptions->errorHandler(2, 'Undefined array key "menu_version"', '/Users/vosidiy/Desktop/Webapps/cafemenu/app/Views/admin/dashboard.php', 11)
 2 SYSTEMPATH/View/View.php(240): include('/Users/vosidiy/Desktop/Webapps/cafemenu/app/Views/admin/dashboard.php')
 3 SYSTEMPATH/View/View.php(243): CodeIgniter\View\View->{closure:CodeIgniter\View\View::render():237}()
 4 SYSTEMPATH/Common.php(1250): CodeIgniter\View\View->render('admin/dashboard', [], true)
 5 APPPATH/Controllers/AdminController.php(23): view('admin/dashboard', [...])
 6 SYSTEMPATH/CodeIgniter.php(951): App\Controllers\AdminController->index()
 7 SYSTEMPATH/CodeIgniter.php(497): CodeIgniter\CodeIgniter->runController(Object(App\Controllers\AdminController))
 8 SYSTEMPATH/CodeIgniter.php(340): CodeIgniter\CodeIgniter->handleRequest(null, Object(Config\Cache), false)
 9 SYSTEMPATH/Boot.php(417): CodeIgniter\CodeIgniter->run()
10 SYSTEMPATH/Boot.php(68): CodeIgniter\Boot::runCodeIgniter(Object(CodeIgniter\CodeIgniter))
11 FCPATH/index.php(59): CodeIgniter\Boot::bootWeb(Object(Config\Paths))
12 /Applications/Herd.app/Contents/Resources/valet/server.php(167): require('/Users/vosidiy/Desktop/Webapps/cafemenu/public/index.php')
CRITICAL - 2026-04-02 23:34:53 --> ErrorException: Undefined array key "menu_version"
[Method: GET, Route: admin]
in APPPATH/Views/admin/dashboard.php on line 11.
 1 APPPATH/Views/admin/dashboard.php(11): CodeIgniter\Debug\Exceptions->errorHandler(2, 'Undefined array key "menu_version"', '/Users/vosidiy/Desktop/Webapps/cafemenu/app/Views/admin/dashboard.php', 11)
 2 SYSTEMPATH/View/View.php(240): include('/Users/vosidiy/Desktop/Webapps/cafemenu/app/Views/admin/dashboard.php')
 3 SYSTEMPATH/View/View.php(243): CodeIgniter\View\View->{closure:CodeIgniter\View\View::render():237}()
 4 SYSTEMPATH/Common.php(1250): CodeIgniter\View\View->render('admin/dashboard', [], true)
 5 APPPATH/Controllers/AdminController.php(23): view('admin/dashboard', [...])
 6 SYSTEMPATH/CodeIgniter.php(951): App\Controllers\AdminController->index()
 7 SYSTEMPATH/CodeIgniter.php(497): CodeIgniter\CodeIgniter->runController(Object(App\Controllers\AdminController))
 8 SYSTEMPATH/CodeIgniter.php(340): CodeIgniter\CodeIgniter->handleRequest(null, Object(Config\Cache), false)
 9 SYSTEMPATH/Boot.php(417): CodeIgniter\CodeIgniter->run()
10 SYSTEMPATH/Boot.php(68): CodeIgniter\Boot::runCodeIgniter(Object(CodeIgniter\CodeIgniter))
11 FCPATH/index.php(59): CodeIgniter\Boot::bootWeb(Object(Config\Paths))
12 /Applications/Herd.app/Contents/Resources/valet/server.php(167): require('/Users/vosidiy/Desktop/Webapps/cafemenu/public/index.php')
CRITICAL - 2026-04-02 23:34:53 --> ErrorException: Undefined array key "menu_version"
[Method: GET, Route: admin]
in APPPATH/Views/admin/dashboard.php on line 11.
 1 APPPATH/Views/admin/dashboard.php(11): CodeIgniter\Debug\Exceptions->errorHandler(2, 'Undefined array key "menu_version"', '/Users/vosidiy/Desktop/Webapps/cafemenu/app/Views/admin/dashboard.php', 11)
 2 SYSTEMPATH/View/View.php(240): include('/Users/vosidiy/Desktop/Webapps/cafemenu/app/Views/admin/dashboard.php')
 3 SYSTEMPATH/View/View.php(243): CodeIgniter\View\View->{closure:CodeIgniter\View\View::render():237}()
 4 SYSTEMPATH/Common.php(1250): CodeIgniter\View\View->render('admin/dashboard', [], true)
 5 APPPATH/Controllers/AdminController.php(23): view('admin/dashboard', [...])
 6 SYSTEMPATH/CodeIgniter.php(951): App\Controllers\AdminController->index()
 7 SYSTEMPATH/CodeIgniter.php(497): CodeIgniter\CodeIgniter->runController(Object(App\Controllers\AdminController))
 8 SYSTEMPATH/CodeIgniter.php(340): CodeIgniter\CodeIgniter->handleRequest(null, Object(Config\Cache), false)
 9 SYSTEMPATH/Boot.php(417): CodeIgniter\CodeIgniter->run()
10 SYSTEMPATH/Boot.php(68): CodeIgniter\Boot::runCodeIgniter(Object(CodeIgniter\CodeIgniter))
11 FCPATH/index.php(59): CodeIgniter\Boot::bootWeb(Object(Config\Paths))
12 /Applications/Herd.app/Contents/Resources/valet/server.php(167): require('/Users/vosidiy/Desktop/Webapps/cafemenu/public/index.php')
CRITICAL - 2026-04-02 23:35:30 --> CodeIgniter\Exceptions\InvalidArgumentException: Cache key contains reserved characters {}()/\@:
[Method: GET, Route: daryo/menu]
in SYSTEMPATH/Cache/Handlers/BaseHandler.php on line 71.
 1 SYSTEMPATH/Cache/Handlers/FileHandler.php(81): CodeIgniter\Cache\Handlers\BaseHandler::validateKey('throttler_menu-json:daryo:127.0.0.1', '')
 2 SYSTEMPATH/Throttle/Throttler.php(104): CodeIgniter\Cache\Handlers\FileHandler->get('throttler_menu-json:daryo:127.0.0.1')
 3 APPPATH/Filters/MenuJsonThrottleFilter.php(16): CodeIgniter\Throttle\Throttler->check('menu-json:daryo:127.0.0.1', 120, 60)
 4 SYSTEMPATH/Filters/Filters.php(241): App\Filters\MenuJsonThrottleFilter->before(Object(CodeIgniter\HTTP\IncomingRequest), null)
 5 SYSTEMPATH/Filters/Filters.php(221): CodeIgniter\Filters\Filters->runBefore([...])
 6 SYSTEMPATH/CodeIgniter.php(465): CodeIgniter\Filters\Filters->run('daryo/menu', 'before')
 7 SYSTEMPATH/CodeIgniter.php(340): CodeIgniter\CodeIgniter->handleRequest(null, Object(Config\Cache), false)
 8 SYSTEMPATH/Boot.php(417): CodeIgniter\CodeIgniter->run()
 9 SYSTEMPATH/Boot.php(68): CodeIgniter\Boot::runCodeIgniter(Object(CodeIgniter\CodeIgniter))
10 FCPATH/index.php(59): CodeIgniter\Boot::bootWeb(Object(Config\Paths))
11 /Applications/Herd.app/Contents/Resources/valet/server.php(167): require('/Users/vosidiy/Desktop/Webapps/cafemenu/public/index.php')
CRITICAL - 2026-04-02 23:35:35 --> CodeIgniter\Exceptions\InvalidArgumentException: Cache key contains reserved characters {}()/\@:
[Method: GET, Route: daryo/menu.json]
in SYSTEMPATH/Cache/Handlers/BaseHandler.php on line 71.
 1 SYSTEMPATH/Cache/Handlers/FileHandler.php(81): CodeIgniter\Cache\Handlers\BaseHandler::validateKey('throttler_menu-json:daryo:127.0.0.1', '')
 2 SYSTEMPATH/Throttle/Throttler.php(104): CodeIgniter\Cache\Handlers\FileHandler->get('throttler_menu-json:daryo:127.0.0.1')
 3 APPPATH/Filters/MenuJsonThrottleFilter.php(16): CodeIgniter\Throttle\Throttler->check('menu-json:daryo:127.0.0.1', 120, 60)
 4 SYSTEMPATH/Filters/Filters.php(241): App\Filters\MenuJsonThrottleFilter->before(Object(CodeIgniter\HTTP\IncomingRequest), null)
 5 SYSTEMPATH/Filters/Filters.php(221): CodeIgniter\Filters\Filters->runBefore([...])
 6 SYSTEMPATH/CodeIgniter.php(465): CodeIgniter\Filters\Filters->run('daryo/menu.json', 'before')
 7 SYSTEMPATH/CodeIgniter.php(340): CodeIgniter\CodeIgniter->handleRequest(null, Object(Config\Cache), false)
 8 SYSTEMPATH/Boot.php(417): CodeIgniter\CodeIgniter->run()
 9 SYSTEMPATH/Boot.php(68): CodeIgniter\Boot::runCodeIgniter(Object(CodeIgniter\CodeIgniter))
10 FCPATH/index.php(59): CodeIgniter\Boot::bootWeb(Object(Config\Paths))
11 /Applications/Herd.app/Contents/Resources/valet/server.php(167): require('/Users/vosidiy/Desktop/Webapps/cafemenu/public/index.php')
CRITICAL - 2026-04-02 23:35:38 --> CodeIgniter\Exceptions\InvalidArgumentException: Cache key contains reserved characters {}()/\@:
[Method: GET, Route: daryo/menu]
in SYSTEMPATH/Cache/Handlers/BaseHandler.php on line 71.
 1 SYSTEMPATH/Cache/Handlers/FileHandler.php(81): CodeIgniter\Cache\Handlers\BaseHandler::validateKey('throttler_menu-json:daryo:127.0.0.1', '')
 2 SYSTEMPATH/Throttle/Throttler.php(104): CodeIgniter\Cache\Handlers\FileHandler->get('throttler_menu-json:daryo:127.0.0.1')
 3 APPPATH/Filters/MenuJsonThrottleFilter.php(16): CodeIgniter\Throttle\Throttler->check('menu-json:daryo:127.0.0.1', 120, 60)
 4 SYSTEMPATH/Filters/Filters.php(241): App\Filters\MenuJsonThrottleFilter->before(Object(CodeIgniter\HTTP\IncomingRequest), null)
 5 SYSTEMPATH/Filters/Filters.php(221): CodeIgniter\Filters\Filters->runBefore([...])
 6 SYSTEMPATH/CodeIgniter.php(465): CodeIgniter\Filters\Filters->run('daryo/menu', 'before')
 7 SYSTEMPATH/CodeIgniter.php(340): CodeIgniter\CodeIgniter->handleRequest(null, Object(Config\Cache), false)
 8 SYSTEMPATH/Boot.php(417): CodeIgniter\CodeIgniter->run()
 9 SYSTEMPATH/Boot.php(68): CodeIgniter\Boot::runCodeIgniter(Object(CodeIgniter\CodeIgniter))
10 FCPATH/index.php(59): CodeIgniter\Boot::bootWeb(Object(Config\Paths))
11 /Applications/Herd.app/Contents/Resources/valet/server.php(167): require('/Users/vosidiy/Desktop/Webapps/cafemenu/public/index.php')
CRITICAL - 2026-04-02 23:35:39 --> ErrorException: Undefined array key "menu_version"
[Method: GET, Route: admin]
in APPPATH/Views/admin/dashboard.php on line 11.
 1 APPPATH/Views/admin/dashboard.php(11): CodeIgniter\Debug\Exceptions->errorHandler(2, 'Undefined array key "menu_version"', '/Users/vosidiy/Desktop/Webapps/cafemenu/app/Views/admin/dashboard.php', 11)
 2 SYSTEMPATH/View/View.php(240): include('/Users/vosidiy/Desktop/Webapps/cafemenu/app/Views/admin/dashboard.php')
 3 SYSTEMPATH/View/View.php(243): CodeIgniter\View\View->{closure:CodeIgniter\View\View::render():237}()
 4 SYSTEMPATH/Common.php(1250): CodeIgniter\View\View->render('admin/dashboard', [], true)
 5 APPPATH/Controllers/AdminController.php(23): view('admin/dashboard', [...])
 6 SYSTEMPATH/CodeIgniter.php(951): App\Controllers\AdminController->index()
 7 SYSTEMPATH/CodeIgniter.php(497): CodeIgniter\CodeIgniter->runController(Object(App\Controllers\AdminController))
 8 SYSTEMPATH/CodeIgniter.php(340): CodeIgniter\CodeIgniter->handleRequest(null, Object(Config\Cache), false)
 9 SYSTEMPATH/Boot.php(417): CodeIgniter\CodeIgniter->run()
10 SYSTEMPATH/Boot.php(68): CodeIgniter\Boot::runCodeIgniter(Object(CodeIgniter\CodeIgniter))
11 FCPATH/index.php(59): CodeIgniter\Boot::bootWeb(Object(Config\Paths))
12 /Applications/Herd.app/Contents/Resources/valet/server.php(167): require('/Users/vosidiy/Desktop/Webapps/cafemenu/public/index.php')
CRITICAL - 2026-04-02 23:35:41 --> ErrorException: Undefined array key "menu_version"
[Method: GET, Route: admin]
in APPPATH/Views/admin/dashboard.php on line 11.
 1 APPPATH/Views/admin/dashboard.php(11): CodeIgniter\Debug\Exceptions->errorHandler(2, 'Undefined array key "menu_version"', '/Users/vosidiy/Desktop/Webapps/cafemenu/app/Views/admin/dashboard.php', 11)
 2 SYSTEMPATH/View/View.php(240): include('/Users/vosidiy/Desktop/Webapps/cafemenu/app/Views/admin/dashboard.php')
 3 SYSTEMPATH/View/View.php(243): CodeIgniter\View\View->{closure:CodeIgniter\View\View::render():237}()
 4 SYSTEMPATH/Common.php(1250): CodeIgniter\View\View->render('admin/dashboard', [], true)
 5 APPPATH/Controllers/AdminController.php(23): view('admin/dashboard', [...])
 6 SYSTEMPATH/CodeIgniter.php(951): App\Controllers\AdminController->index()
 7 SYSTEMPATH/CodeIgniter.php(497): CodeIgniter\CodeIgniter->runController(Object(App\Controllers\AdminController))
 8 SYSTEMPATH/CodeIgniter.php(340): CodeIgniter\CodeIgniter->handleRequest(null, Object(Config\Cache), false)
 9 SYSTEMPATH/Boot.php(417): CodeIgniter\CodeIgniter->run()
10 SYSTEMPATH/Boot.php(68): CodeIgniter\Boot::runCodeIgniter(Object(CodeIgniter\CodeIgniter))
11 FCPATH/index.php(59): CodeIgniter\Boot::bootWeb(Object(Config\Paths))
12 /Applications/Herd.app/Contents/Resources/valet/server.php(167): require('/Users/vosidiy/Desktop/Webapps/cafemenu/public/index.php')
CRITICAL - 2026-04-02 23:36:47 --> ErrorException: Undefined array key "menu_version"
[Method: GET, Route: admin]
in APPPATH/Views/admin/dashboard.php on line 11.
 1 APPPATH/Views/admin/dashboard.php(11): CodeIgniter\Debug\Exceptions->errorHandler(2, 'Undefined array key "menu_version"', '/Users/vosidiy/Desktop/Webapps/cafemenu/app/Views/admin/dashboard.php', 11)
 2 SYSTEMPATH/View/View.php(240): include('/Users/vosidiy/Desktop/Webapps/cafemenu/app/Views/admin/dashboard.php')
 3 SYSTEMPATH/View/View.php(243): CodeIgniter\View\View->{closure:CodeIgniter\View\View::render():237}()
 4 SYSTEMPATH/Common.php(1250): CodeIgniter\View\View->render('admin/dashboard', [], true)
 5 APPPATH/Controllers/AdminController.php(23): view('admin/dashboard', [...])
 6 SYSTEMPATH/CodeIgniter.php(951): App\Controllers\AdminController->index()
 7 SYSTEMPATH/CodeIgniter.php(497): CodeIgniter\CodeIgniter->runController(Object(App\Controllers\AdminController))
 8 SYSTEMPATH/CodeIgniter.php(340): CodeIgniter\CodeIgniter->handleRequest(null, Object(Config\Cache), false)
 9 SYSTEMPATH/Boot.php(417): CodeIgniter\CodeIgniter->run()
10 SYSTEMPATH/Boot.php(68): CodeIgniter\Boot::runCodeIgniter(Object(CodeIgniter\CodeIgniter))
11 FCPATH/index.php(59): CodeIgniter\Boot::bootWeb(Object(Config\Paths))
12 /Applications/Herd.app/Contents/Resources/valet/server.php(167): require('/Users/vosidiy/Desktop/Webapps/cafemenu/public/index.php')
ERROR - 2026-04-02 23:37:21 --> Unknown column 'menu_version' in 'field list'
in SYSTEMPATH/Database/MySQLi/Connection.php on line 300.
 1 SYSTEMPATH/Database/MySQLi/Connection.php(300): mysqli->query('UPDATE `cafes` SET `menu_version` = 2, `menu_updated_at` = \'2026-04-02 23:37:21\'
WHERE `cafes`.`id` IN (2)', 0)
 2 SYSTEMPATH/Database/BaseConnection.php(910): CodeIgniter\Database\MySQLi\Connection->execute('UPDATE `cafes` SET `menu_version` = 2, `menu_updated_at` = \'2026-04-02 23:37:21\'
WHERE `cafes`.`id` IN (2)')
 3 SYSTEMPATH/Database/BaseConnection.php(827): CodeIgniter\Database\BaseConnection->simpleQuery('UPDATE `cafes` SET `menu_version` = 2, `menu_updated_at` = \'2026-04-02 23:37:21\'
WHERE `cafes`.`id` IN (2)')
 4 SYSTEMPATH/Database/BaseBuilder.php(2521): CodeIgniter\Database\BaseConnection->query('UPDATE `cafes` SET `menu_version` = :menu_version:, `menu_updated_at` = :menu_updated_at:
WHERE `cafes`.`id` IN :cafes.id:', [...], false)
 5 SYSTEMPATH/Model.php(406): CodeIgniter\Database\BaseBuilder->update()
 6 SYSTEMPATH/BaseModel.php(1074): CodeIgniter\Model->doUpdate([...], [...])
 7 SYSTEMPATH/Model.php(709): CodeIgniter\BaseModel->update([...], [...])
 8 APPPATH/Services/CafeService.php(46): CodeIgniter\Model->update(2, [...])
 9 APPPATH/Controllers/MenuItemController.php(133): App\Services\CafeService->bumpMenuVersion(2)
10 APPPATH/Controllers/MenuItemController.php(46): App\Controllers\MenuItemController->persist()
11 SYSTEMPATH/CodeIgniter.php(951): App\Controllers\MenuItemController->create()
12 SYSTEMPATH/CodeIgniter.php(497): CodeIgniter\CodeIgniter->runController(Object(App\Controllers\MenuItemController))
13 SYSTEMPATH/CodeIgniter.php(340): CodeIgniter\CodeIgniter->handleRequest(null, Object(Config\Cache), false)
14 SYSTEMPATH/Boot.php(417): CodeIgniter\CodeIgniter->run()
15 SYSTEMPATH/Boot.php(68): CodeIgniter\Boot::runCodeIgniter(Object(CodeIgniter\CodeIgniter))
16 FCPATH/index.php(59): CodeIgniter\Boot::bootWeb(Object(Config\Paths))
17 /Applications/Herd.app/Contents/Resources/valet/server.php(167): require('/Users/vosidiy/Desktop/Webapps/cafemenu/public/index.php')
CRITICAL - 2026-04-02 23:37:21 --> CodeIgniter\Database\Exceptions\DatabaseException: Unknown column 'menu_version' in 'field list'
[Method: POST, Route: admin/menu-items]
in SYSTEMPATH/Database/BaseConnection.php on line 865.
 1 SYSTEMPATH/Database/BaseBuilder.php(2521): CodeIgniter\Database\BaseConnection->query('UPDATE `cafes` SET `menu_version` = :menu_version:, `menu_updated_at` = :menu_updated_at:
WHERE `cafes`.`id` IN :cafes.id:', [...], false)
 2 SYSTEMPATH/Model.php(406): CodeIgniter\Database\BaseBuilder->update()
 3 SYSTEMPATH/BaseModel.php(1074): CodeIgniter\Model->doUpdate([...], [...])
 4 SYSTEMPATH/Model.php(709): CodeIgniter\BaseModel->update([...], [...])
 5 APPPATH/Services/CafeService.php(46): CodeIgniter\Model->update(2, [...])
 6 APPPATH/Controllers/MenuItemController.php(133): App\Services\CafeService->bumpMenuVersion(2)
 7 APPPATH/Controllers/MenuItemController.php(46): App\Controllers\MenuItemController->persist()
 8 SYSTEMPATH/CodeIgniter.php(951): App\Controllers\MenuItemController->create()
 9 SYSTEMPATH/CodeIgniter.php(497): CodeIgniter\CodeIgniter->runController(Object(App\Controllers\MenuItemController))
10 SYSTEMPATH/CodeIgniter.php(340): CodeIgniter\CodeIgniter->handleRequest(null, Object(Config\Cache), false)
11 SYSTEMPATH/Boot.php(417): CodeIgniter\CodeIgniter->run()
12 SYSTEMPATH/Boot.php(68): CodeIgniter\Boot::runCodeIgniter(Object(CodeIgniter\CodeIgniter))
13 FCPATH/index.php(59): CodeIgniter\Boot::bootWeb(Object(Config\Paths))
14 /Applications/Herd.app/Contents/Resources/valet/server.php(167): require('/Users/vosidiy/Desktop/Webapps/cafemenu/public/index.php')
CRITICAL - 2026-04-02 23:37:21 --> [Caused by] CodeIgniter\Database\Exceptions\DatabaseException: Unknown column 'menu_version' in 'field list'
in SYSTEMPATH/Database/MySQLi/Connection.php on line 310.
 1 SYSTEMPATH/Database/BaseConnection.php(910): CodeIgniter\Database\MySQLi\Connection->execute('UPDATE `cafes` SET `menu_version` = 2, `menu_updated_at` = \'2026-04-02 23:37:21\'
WHERE `cafes`.`id` IN (2)')
 2 SYSTEMPATH/Database/BaseConnection.php(827): CodeIgniter\Database\BaseConnection->simpleQuery('UPDATE `cafes` SET `menu_version` = 2, `menu_updated_at` = \'2026-04-02 23:37:21\'
WHERE `cafes`.`id` IN (2)')
 3 SYSTEMPATH/Database/BaseBuilder.php(2521): CodeIgniter\Database\BaseConnection->query('UPDATE `cafes` SET `menu_version` = :menu_version:, `menu_updated_at` = :menu_updated_at:
WHERE `cafes`.`id` IN :cafes.id:', [...], false)
 4 SYSTEMPATH/Model.php(406): CodeIgniter\Database\BaseBuilder->update()
 5 SYSTEMPATH/BaseModel.php(1074): CodeIgniter\Model->doUpdate([...], [...])
 6 SYSTEMPATH/Model.php(709): CodeIgniter\BaseModel->update([...], [...])
 7 APPPATH/Services/CafeService.php(46): CodeIgniter\Model->update(2, [...])
 8 APPPATH/Controllers/MenuItemController.php(133): App\Services\CafeService->bumpMenuVersion(2)
 9 APPPATH/Controllers/MenuItemController.php(46): App\Controllers\MenuItemController->persist()
10 SYSTEMPATH/CodeIgniter.php(951): App\Controllers\MenuItemController->create()
11 SYSTEMPATH/CodeIgniter.php(497): CodeIgniter\CodeIgniter->runController(Object(App\Controllers\MenuItemController))
12 SYSTEMPATH/CodeIgniter.php(340): CodeIgniter\CodeIgniter->handleRequest(null, Object(Config\Cache), false)
13 SYSTEMPATH/Boot.php(417): CodeIgniter\CodeIgniter->run()
14 SYSTEMPATH/Boot.php(68): CodeIgniter\Boot::runCodeIgniter(Object(CodeIgniter\CodeIgniter))
15 FCPATH/index.php(59): CodeIgniter\Boot::bootWeb(Object(Config\Paths))
16 /Applications/Herd.app/Contents/Resources/valet/server.php(167): require('/Users/vosidiy/Desktop/Webapps/cafemenu/public/index.php')
CRITICAL - 2026-04-02 23:37:21 --> [Caused by] mysqli_sql_exception: Unknown column 'menu_version' in 'field list'
in SYSTEMPATH/Database/MySQLi/Connection.php on line 300.
 1 SYSTEMPATH/Database/MySQLi/Connection.php(300): mysqli->query('UPDATE `cafes` SET `menu_version` = 2, `menu_updated_at` = \'2026-04-02 23:37:21\'
WHERE `cafes`.`id` IN (2)', 0)
 2 SYSTEMPATH/Database/BaseConnection.php(910): CodeIgniter\Database\MySQLi\Connection->execute('UPDATE `cafes` SET `menu_version` = 2, `menu_updated_at` = \'2026-04-02 23:37:21\'
WHERE `cafes`.`id` IN (2)')
 3 SYSTEMPATH/Database/BaseConnection.php(827): CodeIgniter\Database\BaseConnection->simpleQuery('UPDATE `cafes` SET `menu_version` = 2, `menu_updated_at` = \'2026-04-02 23:37:21\'
WHERE `cafes`.`id` IN (2)')
 4 SYSTEMPATH/Database/BaseBuilder.php(2521): CodeIgniter\Database\BaseConnection->query('UPDATE `cafes` SET `menu_version` = :menu_version:, `menu_updated_at` = :menu_updated_at:
WHERE `cafes`.`id` IN :cafes.id:', [...], false)
 5 SYSTEMPATH/Model.php(406): CodeIgniter\Database\BaseBuilder->update()
 6 SYSTEMPATH/BaseModel.php(1074): CodeIgniter\Model->doUpdate([...], [...])
 7 SYSTEMPATH/Model.php(709): CodeIgniter\BaseModel->update([...], [...])
 8 APPPATH/Services/CafeService.php(46): CodeIgniter\Model->update(2, [...])
 9 APPPATH/Controllers/MenuItemController.php(133): App\Services\CafeService->bumpMenuVersion(2)
10 APPPATH/Controllers/MenuItemController.php(46): App\Controllers\MenuItemController->persist()
11 SYSTEMPATH/CodeIgniter.php(951): App\Controllers\MenuItemController->create()
12 SYSTEMPATH/CodeIgniter.php(497): CodeIgniter\CodeIgniter->runController(Object(App\Controllers\MenuItemController))
13 SYSTEMPATH/CodeIgniter.php(340): CodeIgniter\CodeIgniter->handleRequest(null, Object(Config\Cache), false)
14 SYSTEMPATH/Boot.php(417): CodeIgniter\CodeIgniter->run()
15 SYSTEMPATH/Boot.php(68): CodeIgniter\Boot::runCodeIgniter(Object(CodeIgniter\CodeIgniter))
16 FCPATH/index.php(59): CodeIgniter\Boot::bootWeb(Object(Config\Paths))
17 /Applications/Herd.app/Contents/Resources/valet/server.php(167): require('/Users/vosidiy/Desktop/Webapps/cafemenu/public/index.php')
ERROR - 2026-04-02 23:37:56 --> Unknown column 'menu_version' in 'field list'
in SYSTEMPATH/Database/MySQLi/Connection.php on line 300.
 1 SYSTEMPATH/Database/MySQLi/Connection.php(300): mysqli->query('UPDATE `cafes` SET `menu_version` = 2, `menu_updated_at` = \'2026-04-02 23:37:56\'
WHERE `cafes`.`id` IN (2)', 0)
 2 SYSTEMPATH/Database/BaseConnection.php(910): CodeIgniter\Database\MySQLi\Connection->execute('UPDATE `cafes` SET `menu_version` = 2, `menu_updated_at` = \'2026-04-02 23:37:56\'
WHERE `cafes`.`id` IN (2)')
 3 SYSTEMPATH/Database/BaseConnection.php(827): CodeIgniter\Database\BaseConnection->simpleQuery('UPDATE `cafes` SET `menu_version` = 2, `menu_updated_at` = \'2026-04-02 23:37:56\'
WHERE `cafes`.`id` IN (2)')
 4 SYSTEMPATH/Database/BaseBuilder.php(2521): CodeIgniter\Database\BaseConnection->query('UPDATE `cafes` SET `menu_version` = :menu_version:, `menu_updated_at` = :menu_updated_at:
WHERE `cafes`.`id` IN :cafes.id:', [...], false)
 5 SYSTEMPATH/Model.php(406): CodeIgniter\Database\BaseBuilder->update()
 6 SYSTEMPATH/BaseModel.php(1074): CodeIgniter\Model->doUpdate([...], [...])
 7 SYSTEMPATH/Model.php(709): CodeIgniter\BaseModel->update([...], [...])
 8 APPPATH/Services/CafeService.php(46): CodeIgniter\Model->update(2, [...])
 9 APPPATH/Controllers/CategoryController.php(47): App\Services\CafeService->bumpMenuVersion(2)
10 SYSTEMPATH/CodeIgniter.php(951): App\Controllers\CategoryController->create()
11 SYSTEMPATH/CodeIgniter.php(497): CodeIgniter\CodeIgniter->runController(Object(App\Controllers\CategoryController))
12 SYSTEMPATH/CodeIgniter.php(340): CodeIgniter\CodeIgniter->handleRequest(null, Object(Config\Cache), false)
13 SYSTEMPATH/Boot.php(417): CodeIgniter\CodeIgniter->run()
14 SYSTEMPATH/Boot.php(68): CodeIgniter\Boot::runCodeIgniter(Object(CodeIgniter\CodeIgniter))
15 FCPATH/index.php(59): CodeIgniter\Boot::bootWeb(Object(Config\Paths))
16 /Applications/Herd.app/Contents/Resources/valet/server.php(167): require('/Users/vosidiy/Desktop/Webapps/cafemenu/public/index.php')
CRITICAL - 2026-04-02 23:37:56 --> CodeIgniter\Database\Exceptions\DatabaseException: Unknown column 'menu_version' in 'field list'
[Method: POST, Route: admin/categories]
in SYSTEMPATH/Database/BaseConnection.php on line 865.
 1 SYSTEMPATH/Database/BaseBuilder.php(2521): CodeIgniter\Database\BaseConnection->query('UPDATE `cafes` SET `menu_version` = :menu_version:, `menu_updated_at` = :menu_updated_at:
WHERE `cafes`.`id` IN :cafes.id:', [...], false)
 2 SYSTEMPATH/Model.php(406): CodeIgniter\Database\BaseBuilder->update()
 3 SYSTEMPATH/BaseModel.php(1074): CodeIgniter\Model->doUpdate([...], [...])
 4 SYSTEMPATH/Model.php(709): CodeIgniter\BaseModel->update([...], [...])
 5 APPPATH/Services/CafeService.php(46): CodeIgniter\Model->update(2, [...])
 6 APPPATH/Controllers/CategoryController.php(47): App\Services\CafeService->bumpMenuVersion(2)
 7 SYSTEMPATH/CodeIgniter.php(951): App\Controllers\CategoryController->create()
 8 SYSTEMPATH/CodeIgniter.php(497): CodeIgniter\CodeIgniter->runController(Object(App\Controllers\CategoryController))
 9 SYSTEMPATH/CodeIgniter.php(340): CodeIgniter\CodeIgniter->handleRequest(null, Object(Config\Cache), false)
10 SYSTEMPATH/Boot.php(417): CodeIgniter\CodeIgniter->run()
11 SYSTEMPATH/Boot.php(68): CodeIgniter\Boot::runCodeIgniter(Object(CodeIgniter\CodeIgniter))
12 FCPATH/index.php(59): CodeIgniter\Boot::bootWeb(Object(Config\Paths))
13 /Applications/Herd.app/Contents/Resources/valet/server.php(167): require('/Users/vosidiy/Desktop/Webapps/cafemenu/public/index.php')
CRITICAL - 2026-04-02 23:37:56 --> [Caused by] CodeIgniter\Database\Exceptions\DatabaseException: Unknown column 'menu_version' in 'field list'
in SYSTEMPATH/Database/MySQLi/Connection.php on line 310.
 1 SYSTEMPATH/Database/BaseConnection.php(910): CodeIgniter\Database\MySQLi\Connection->execute('UPDATE `cafes` SET `menu_version` = 2, `menu_updated_at` = \'2026-04-02 23:37:56\'
WHERE `cafes`.`id` IN (2)')
 2 SYSTEMPATH/Database/BaseConnection.php(827): CodeIgniter\Database\BaseConnection->simpleQuery('UPDATE `cafes` SET `menu_version` = 2, `menu_updated_at` = \'2026-04-02 23:37:56\'
WHERE `cafes`.`id` IN (2)')
 3 SYSTEMPATH/Database/BaseBuilder.php(2521): CodeIgniter\Database\BaseConnection->query('UPDATE `cafes` SET `menu_version` = :menu_version:, `menu_updated_at` = :menu_updated_at:
WHERE `cafes`.`id` IN :cafes.id:', [...], false)
 4 SYSTEMPATH/Model.php(406): CodeIgniter\Database\BaseBuilder->update()
 5 SYSTEMPATH/BaseModel.php(1074): CodeIgniter\Model->doUpdate([...], [...])
 6 SYSTEMPATH/Model.php(709): CodeIgniter\BaseModel->update([...], [...])
 7 APPPATH/Services/CafeService.php(46): CodeIgniter\Model->update(2, [...])
 8 APPPATH/Controllers/CategoryController.php(47): App\Services\CafeService->bumpMenuVersion(2)
 9 SYSTEMPATH/CodeIgniter.php(951): App\Controllers\CategoryController->create()
10 SYSTEMPATH/CodeIgniter.php(497): CodeIgniter\CodeIgniter->runController(Object(App\Controllers\CategoryController))
11 SYSTEMPATH/CodeIgniter.php(340): CodeIgniter\CodeIgniter->handleRequest(null, Object(Config\Cache), false)
12 SYSTEMPATH/Boot.php(417): CodeIgniter\CodeIgniter->run()
13 SYSTEMPATH/Boot.php(68): CodeIgniter\Boot::runCodeIgniter(Object(CodeIgniter\CodeIgniter))
14 FCPATH/index.php(59): CodeIgniter\Boot::bootWeb(Object(Config\Paths))
15 /Applications/Herd.app/Contents/Resources/valet/server.php(167): require('/Users/vosidiy/Desktop/Webapps/cafemenu/public/index.php')
CRITICAL - 2026-04-02 23:37:56 --> [Caused by] mysqli_sql_exception: Unknown column 'menu_version' in 'field list'
in SYSTEMPATH/Database/MySQLi/Connection.php on line 300.
 1 SYSTEMPATH/Database/MySQLi/Connection.php(300): mysqli->query('UPDATE `cafes` SET `menu_version` = 2, `menu_updated_at` = \'2026-04-02 23:37:56\'
WHERE `cafes`.`id` IN (2)', 0)
 2 SYSTEMPATH/Database/BaseConnection.php(910): CodeIgniter\Database\MySQLi\Connection->execute('UPDATE `cafes` SET `menu_version` = 2, `menu_updated_at` = \'2026-04-02 23:37:56\'
WHERE `cafes`.`id` IN (2)')
 3 SYSTEMPATH/Database/BaseConnection.php(827): CodeIgniter\Database\BaseConnection->simpleQuery('UPDATE `cafes` SET `menu_version` = 2, `menu_updated_at` = \'2026-04-02 23:37:56\'
WHERE `cafes`.`id` IN (2)')
 4 SYSTEMPATH/Database/BaseBuilder.php(2521): CodeIgniter\Database\BaseConnection->query('UPDATE `cafes` SET `menu_version` = :menu_version:, `menu_updated_at` = :menu_updated_at:
WHERE `cafes`.`id` IN :cafes.id:', [...], false)
 5 SYSTEMPATH/Model.php(406): CodeIgniter\Database\BaseBuilder->update()
 6 SYSTEMPATH/BaseModel.php(1074): CodeIgniter\Model->doUpdate([...], [...])
 7 SYSTEMPATH/Model.php(709): CodeIgniter\BaseModel->update([...], [...])
 8 APPPATH/Services/CafeService.php(46): CodeIgniter\Model->update(2, [...])
 9 APPPATH/Controllers/CategoryController.php(47): App\Services\CafeService->bumpMenuVersion(2)
10 SYSTEMPATH/CodeIgniter.php(951): App\Controllers\CategoryController->create()
11 SYSTEMPATH/CodeIgniter.php(497): CodeIgniter\CodeIgniter->runController(Object(App\Controllers\CategoryController))
12 SYSTEMPATH/CodeIgniter.php(340): CodeIgniter\CodeIgniter->handleRequest(null, Object(Config\Cache), false)
13 SYSTEMPATH/Boot.php(417): CodeIgniter\CodeIgniter->run()
14 SYSTEMPATH/Boot.php(68): CodeIgniter\Boot::runCodeIgniter(Object(CodeIgniter\CodeIgniter))
15 FCPATH/index.php(59): CodeIgniter\Boot::bootWeb(Object(Config\Paths))
16 /Applications/Herd.app/Contents/Resources/valet/server.php(167): require('/Users/vosidiy/Desktop/Webapps/cafemenu/public/index.php')
ERROR - 2026-04-02 23:38:11 --> Unknown column 'menu_version' in 'field list'
in SYSTEMPATH/Database/MySQLi/Connection.php on line 300.
 1 SYSTEMPATH/Database/MySQLi/Connection.php(300): mysqli->query('UPDATE `cafes` SET `menu_version` = 2, `menu_updated_at` = \'2026-04-02 23:38:11\'
WHERE `cafes`.`id` IN (2)', 0)
 2 SYSTEMPATH/Database/BaseConnection.php(910): CodeIgniter\Database\MySQLi\Connection->execute('UPDATE `cafes` SET `menu_version` = 2, `menu_updated_at` = \'2026-04-02 23:38:11\'
WHERE `cafes`.`id` IN (2)')
 3 SYSTEMPATH/Database/BaseConnection.php(827): CodeIgniter\Database\BaseConnection->simpleQuery('UPDATE `cafes` SET `menu_version` = 2, `menu_updated_at` = \'2026-04-02 23:38:11\'
WHERE `cafes`.`id` IN (2)')
 4 SYSTEMPATH/Database/BaseBuilder.php(2521): CodeIgniter\Database\BaseConnection->query('UPDATE `cafes` SET `menu_version` = :menu_version:, `menu_updated_at` = :menu_updated_at:
WHERE `cafes`.`id` IN :cafes.id:', [...], false)
 5 SYSTEMPATH/Model.php(406): CodeIgniter\Database\BaseBuilder->update()
 6 SYSTEMPATH/BaseModel.php(1074): CodeIgniter\Model->doUpdate([...], [...])
 7 SYSTEMPATH/Model.php(709): CodeIgniter\BaseModel->update([...], [...])
 8 APPPATH/Services/CafeService.php(46): CodeIgniter\Model->update(2, [...])
 9 APPPATH/Controllers/CafeSettingsController.php(67): App\Services\CafeService->bumpMenuVersion(2)
10 SYSTEMPATH/CodeIgniter.php(951): App\Controllers\CafeSettingsController->update()
11 SYSTEMPATH/CodeIgniter.php(497): CodeIgniter\CodeIgniter->runController(Object(App\Controllers\CafeSettingsController))
12 SYSTEMPATH/CodeIgniter.php(340): CodeIgniter\CodeIgniter->handleRequest(null, Object(Config\Cache), false)
13 SYSTEMPATH/Boot.php(417): CodeIgniter\CodeIgniter->run()
14 SYSTEMPATH/Boot.php(68): CodeIgniter\Boot::runCodeIgniter(Object(CodeIgniter\CodeIgniter))
15 FCPATH/index.php(59): CodeIgniter\Boot::bootWeb(Object(Config\Paths))
16 /Applications/Herd.app/Contents/Resources/valet/server.php(167): require('/Users/vosidiy/Desktop/Webapps/cafemenu/public/index.php')
CRITICAL - 2026-04-02 23:38:11 --> CodeIgniter\Database\Exceptions\DatabaseException: Unknown column 'menu_version' in 'field list'
[Method: POST, Route: admin/settings]
in SYSTEMPATH/Database/BaseConnection.php on line 865.
 1 SYSTEMPATH/Database/BaseBuilder.php(2521): CodeIgniter\Database\BaseConnection->query('UPDATE `cafes` SET `menu_version` = :menu_version:, `menu_updated_at` = :menu_updated_at:
WHERE `cafes`.`id` IN :cafes.id:', [...], false)
 2 SYSTEMPATH/Model.php(406): CodeIgniter\Database\BaseBuilder->update()
 3 SYSTEMPATH/BaseModel.php(1074): CodeIgniter\Model->doUpdate([...], [...])
 4 SYSTEMPATH/Model.php(709): CodeIgniter\BaseModel->update([...], [...])
 5 APPPATH/Services/CafeService.php(46): CodeIgniter\Model->update(2, [...])
 6 APPPATH/Controllers/CafeSettingsController.php(67): App\Services\CafeService->bumpMenuVersion(2)
 7 SYSTEMPATH/CodeIgniter.php(951): App\Controllers\CafeSettingsController->update()
 8 SYSTEMPATH/CodeIgniter.php(497): CodeIgniter\CodeIgniter->runController(Object(App\Controllers\CafeSettingsController))
 9 SYSTEMPATH/CodeIgniter.php(340): CodeIgniter\CodeIgniter->handleRequest(null, Object(Config\Cache), false)
10 SYSTEMPATH/Boot.php(417): CodeIgniter\CodeIgniter->run()
11 SYSTEMPATH/Boot.php(68): CodeIgniter\Boot::runCodeIgniter(Object(CodeIgniter\CodeIgniter))
12 FCPATH/index.php(59): CodeIgniter\Boot::bootWeb(Object(Config\Paths))
13 /Applications/Herd.app/Contents/Resources/valet/server.php(167): require('/Users/vosidiy/Desktop/Webapps/cafemenu/public/index.php')
CRITICAL - 2026-04-02 23:38:11 --> [Caused by] CodeIgniter\Database\Exceptions\DatabaseException: Unknown column 'menu_version' in 'field list'
in SYSTEMPATH/Database/MySQLi/Connection.php on line 310.
 1 SYSTEMPATH/Database/BaseConnection.php(910): CodeIgniter\Database\MySQLi\Connection->execute('UPDATE `cafes` SET `menu_version` = 2, `menu_updated_at` = \'2026-04-02 23:38:11\'
WHERE `cafes`.`id` IN (2)')
 2 SYSTEMPATH/Database/BaseConnection.php(827): CodeIgniter\Database\BaseConnection->simpleQuery('UPDATE `cafes` SET `menu_version` = 2, `menu_updated_at` = \'2026-04-02 23:38:11\'
WHERE `cafes`.`id` IN (2)')
 3 SYSTEMPATH/Database/BaseBuilder.php(2521): CodeIgniter\Database\BaseConnection->query('UPDATE `cafes` SET `menu_version` = :menu_version:, `menu_updated_at` = :menu_updated_at:
WHERE `cafes`.`id` IN :cafes.id:', [...], false)
 4 SYSTEMPATH/Model.php(406): CodeIgniter\Database\BaseBuilder->update()
 5 SYSTEMPATH/BaseModel.php(1074): CodeIgniter\Model->doUpdate([...], [...])
 6 SYSTEMPATH/Model.php(709): CodeIgniter\BaseModel->update([...], [...])
 7 APPPATH/Services/CafeService.php(46): CodeIgniter\Model->update(2, [...])
 8 APPPATH/Controllers/CafeSettingsController.php(67): App\Services\CafeService->bumpMenuVersion(2)
 9 SYSTEMPATH/CodeIgniter.php(951): App\Controllers\CafeSettingsController->update()
10 SYSTEMPATH/CodeIgniter.php(497): CodeIgniter\CodeIgniter->runController(Object(App\Controllers\CafeSettingsController))
11 SYSTEMPATH/CodeIgniter.php(340): CodeIgniter\CodeIgniter->handleRequest(null, Object(Config\Cache), false)
12 SYSTEMPATH/Boot.php(417): CodeIgniter\CodeIgniter->run()
13 SYSTEMPATH/Boot.php(68): CodeIgniter\Boot::runCodeIgniter(Object(CodeIgniter\CodeIgniter))
14 FCPATH/index.php(59): CodeIgniter\Boot::bootWeb(Object(Config\Paths))
15 /Applications/Herd.app/Contents/Resources/valet/server.php(167): require('/Users/vosidiy/Desktop/Webapps/cafemenu/public/index.php')
CRITICAL - 2026-04-02 23:38:11 --> [Caused by] mysqli_sql_exception: Unknown column 'menu_version' in 'field list'
in SYSTEMPATH/Database/MySQLi/Connection.php on line 300.
 1 SYSTEMPATH/Database/MySQLi/Connection.php(300): mysqli->query('UPDATE `cafes` SET `menu_version` = 2, `menu_updated_at` = \'2026-04-02 23:38:11\'
WHERE `cafes`.`id` IN (2)', 0)
 2 SYSTEMPATH/Database/BaseConnection.php(910): CodeIgniter\Database\MySQLi\Connection->execute('UPDATE `cafes` SET `menu_version` = 2, `menu_updated_at` = \'2026-04-02 23:38:11\'
WHERE `cafes`.`id` IN (2)')
 3 SYSTEMPATH/Database/BaseConnection.php(827): CodeIgniter\Database\BaseConnection->simpleQuery('UPDATE `cafes` SET `menu_version` = 2, `menu_updated_at` = \'2026-04-02 23:38:11\'
WHERE `cafes`.`id` IN (2)')
 4 SYSTEMPATH/Database/BaseBuilder.php(2521): CodeIgniter\Database\BaseConnection->query('UPDATE `cafes` SET `menu_version` = :menu_version:, `menu_updated_at` = :menu_updated_at:
WHERE `cafes`.`id` IN :cafes.id:', [...], false)
 5 SYSTEMPATH/Model.php(406): CodeIgniter\Database\BaseBuilder->update()
 6 SYSTEMPATH/BaseModel.php(1074): CodeIgniter\Model->doUpdate([...], [...])
 7 SYSTEMPATH/Model.php(709): CodeIgniter\BaseModel->update([...], [...])
 8 APPPATH/Services/CafeService.php(46): CodeIgniter\Model->update(2, [...])
 9 APPPATH/Controllers/CafeSettingsController.php(67): App\Services\CafeService->bumpMenuVersion(2)
10 SYSTEMPATH/CodeIgniter.php(951): App\Controllers\CafeSettingsController->update()
11 SYSTEMPATH/CodeIgniter.php(497): CodeIgniter\CodeIgniter->runController(Object(App\Controllers\CafeSettingsController))
12 SYSTEMPATH/CodeIgniter.php(340): CodeIgniter\CodeIgniter->handleRequest(null, Object(Config\Cache), false)
13 SYSTEMPATH/Boot.php(417): CodeIgniter\CodeIgniter->run()
14 SYSTEMPATH/Boot.php(68): CodeIgniter\Boot::runCodeIgniter(Object(CodeIgniter\CodeIgniter))
15 FCPATH/index.php(59): CodeIgniter\Boot::bootWeb(Object(Config\Paths))
16 /Applications/Herd.app/Contents/Resources/valet/server.php(167): require('/Users/vosidiy/Desktop/Webapps/cafemenu/public/index.php')
CRITICAL - 2026-04-02 23:38:19 --> CodeIgniter\Exceptions\InvalidArgumentException: Cache key contains reserved characters {}()/\@:
[Method: GET, Route: daryo/menu.json]
in SYSTEMPATH/Cache/Handlers/BaseHandler.php on line 71.
 1 SYSTEMPATH/Cache/Handlers/FileHandler.php(81): CodeIgniter\Cache\Handlers\BaseHandler::validateKey('throttler_menu-json:daryo:127.0.0.1', '')
 2 SYSTEMPATH/Throttle/Throttler.php(104): CodeIgniter\Cache\Handlers\FileHandler->get('throttler_menu-json:daryo:127.0.0.1')
 3 APPPATH/Filters/MenuJsonThrottleFilter.php(16): CodeIgniter\Throttle\Throttler->check('menu-json:daryo:127.0.0.1', 120, 60)
 4 SYSTEMPATH/Filters/Filters.php(241): App\Filters\MenuJsonThrottleFilter->before(Object(CodeIgniter\HTTP\IncomingRequest), null)
 5 SYSTEMPATH/Filters/Filters.php(221): CodeIgniter\Filters\Filters->runBefore([...])
 6 SYSTEMPATH/CodeIgniter.php(465): CodeIgniter\Filters\Filters->run('daryo/menu.json', 'before')
 7 SYSTEMPATH/CodeIgniter.php(340): CodeIgniter\CodeIgniter->handleRequest(null, Object(Config\Cache), false)
 8 SYSTEMPATH/Boot.php(417): CodeIgniter\CodeIgniter->run()
 9 SYSTEMPATH/Boot.php(68): CodeIgniter\Boot::runCodeIgniter(Object(CodeIgniter\CodeIgniter))
10 FCPATH/index.php(59): CodeIgniter\Boot::bootWeb(Object(Config\Paths))
11 /Applications/Herd.app/Contents/Resources/valet/server.php(167): require('/Users/vosidiy/Desktop/Webapps/cafemenu/public/index.php')
CRITICAL - 2026-04-02 23:38:33 --> ErrorException: Undefined array key "menu_version"
[Method: GET, Route: admin]
in APPPATH/Views/admin/dashboard.php on line 11.
 1 APPPATH/Views/admin/dashboard.php(11): CodeIgniter\Debug\Exceptions->errorHandler(2, 'Undefined array key "menu_version"', '/Users/vosidiy/Desktop/Webapps/cafemenu/app/Views/admin/dashboard.php', 11)
 2 SYSTEMPATH/View/View.php(240): include('/Users/vosidiy/Desktop/Webapps/cafemenu/app/Views/admin/dashboard.php')
 3 SYSTEMPATH/View/View.php(243): CodeIgniter\View\View->{closure:CodeIgniter\View\View::render():237}()
 4 SYSTEMPATH/Common.php(1250): CodeIgniter\View\View->render('admin/dashboard', [], true)
 5 APPPATH/Controllers/AdminController.php(23): view('admin/dashboard', [...])
 6 SYSTEMPATH/CodeIgniter.php(951): App\Controllers\AdminController->index()
 7 SYSTEMPATH/CodeIgniter.php(497): CodeIgniter\CodeIgniter->runController(Object(App\Controllers\AdminController))
 8 SYSTEMPATH/CodeIgniter.php(340): CodeIgniter\CodeIgniter->handleRequest(null, Object(Config\Cache), false)
 9 SYSTEMPATH/Boot.php(417): CodeIgniter\CodeIgniter->run()
10 SYSTEMPATH/Boot.php(68): CodeIgniter\Boot::runCodeIgniter(Object(CodeIgniter\CodeIgniter))
11 FCPATH/index.php(59): CodeIgniter\Boot::bootWeb(Object(Config\Paths))
12 /Applications/Herd.app/Contents/Resources/valet/server.php(167): require('/Users/vosidiy/Desktop/Webapps/cafemenu/public/index.php')
ERROR - 2026-04-02 23:39:25 --> Unknown column 'menu_version' in 'field list'
in SYSTEMPATH/Database/MySQLi/Connection.php on line 300.
 1 SYSTEMPATH/Database/MySQLi/Connection.php(300): mysqli->query('UPDATE `cafes` SET `menu_version` = 2, `menu_updated_at` = \'2026-04-02 23:39:25\'
WHERE `cafes`.`id` IN (2)', 0)
 2 SYSTEMPATH/Database/BaseConnection.php(910): CodeIgniter\Database\MySQLi\Connection->execute('UPDATE `cafes` SET `menu_version` = 2, `menu_updated_at` = \'2026-04-02 23:39:25\'
WHERE `cafes`.`id` IN (2)')
 3 SYSTEMPATH/Database/BaseConnection.php(827): CodeIgniter\Database\BaseConnection->simpleQuery('UPDATE `cafes` SET `menu_version` = 2, `menu_updated_at` = \'2026-04-02 23:39:25\'
WHERE `cafes`.`id` IN (2)')
 4 SYSTEMPATH/Database/BaseBuilder.php(2521): CodeIgniter\Database\BaseConnection->query('UPDATE `cafes` SET `menu_version` = :menu_version:, `menu_updated_at` = :menu_updated_at:
WHERE `cafes`.`id` IN :cafes.id:', [...], false)
 5 SYSTEMPATH/Model.php(406): CodeIgniter\Database\BaseBuilder->update()
 6 SYSTEMPATH/BaseModel.php(1074): CodeIgniter\Model->doUpdate([...], [...])
 7 SYSTEMPATH/Model.php(709): CodeIgniter\BaseModel->update([...], [...])
 8 APPPATH/Services/CafeService.php(46): CodeIgniter\Model->update(2, [...])
 9 APPPATH/Controllers/CafeSettingsController.php(67): App\Services\CafeService->bumpMenuVersion(2)
10 SYSTEMPATH/CodeIgniter.php(951): App\Controllers\CafeSettingsController->update()
11 SYSTEMPATH/CodeIgniter.php(497): CodeIgniter\CodeIgniter->runController(Object(App\Controllers\CafeSettingsController))
12 SYSTEMPATH/CodeIgniter.php(340): CodeIgniter\CodeIgniter->handleRequest(null, Object(Config\Cache), false)
13 SYSTEMPATH/Boot.php(417): CodeIgniter\CodeIgniter->run()
14 SYSTEMPATH/Boot.php(68): CodeIgniter\Boot::runCodeIgniter(Object(CodeIgniter\CodeIgniter))
15 FCPATH/index.php(59): CodeIgniter\Boot::bootWeb(Object(Config\Paths))
16 /Applications/Herd.app/Contents/Resources/valet/server.php(167): require('/Users/vosidiy/Desktop/Webapps/cafemenu/public/index.php')
CRITICAL - 2026-04-02 23:39:25 --> CodeIgniter\Database\Exceptions\DatabaseException: Unknown column 'menu_version' in 'field list'
[Method: POST, Route: admin/settings]
in SYSTEMPATH/Database/BaseConnection.php on line 865.
 1 SYSTEMPATH/Database/BaseBuilder.php(2521): CodeIgniter\Database\BaseConnection->query('UPDATE `cafes` SET `menu_version` = :menu_version:, `menu_updated_at` = :menu_updated_at:
WHERE `cafes`.`id` IN :cafes.id:', [...], false)
 2 SYSTEMPATH/Model.php(406): CodeIgniter\Database\BaseBuilder->update()
 3 SYSTEMPATH/BaseModel.php(1074): CodeIgniter\Model->doUpdate([...], [...])
 4 SYSTEMPATH/Model.php(709): CodeIgniter\BaseModel->update([...], [...])
 5 APPPATH/Services/CafeService.php(46): CodeIgniter\Model->update(2, [...])
 6 APPPATH/Controllers/CafeSettingsController.php(67): App\Services\CafeService->bumpMenuVersion(2)
 7 SYSTEMPATH/CodeIgniter.php(951): App\Controllers\CafeSettingsController->update()
 8 SYSTEMPATH/CodeIgniter.php(497): CodeIgniter\CodeIgniter->runController(Object(App\Controllers\CafeSettingsController))
 9 SYSTEMPATH/CodeIgniter.php(340): CodeIgniter\CodeIgniter->handleRequest(null, Object(Config\Cache), false)
10 SYSTEMPATH/Boot.php(417): CodeIgniter\CodeIgniter->run()
11 SYSTEMPATH/Boot.php(68): CodeIgniter\Boot::runCodeIgniter(Object(CodeIgniter\CodeIgniter))
12 FCPATH/index.php(59): CodeIgniter\Boot::bootWeb(Object(Config\Paths))
13 /Applications/Herd.app/Contents/Resources/valet/server.php(167): require('/Users/vosidiy/Desktop/Webapps/cafemenu/public/index.php')
CRITICAL - 2026-04-02 23:39:25 --> [Caused by] CodeIgniter\Database\Exceptions\DatabaseException: Unknown column 'menu_version' in 'field list'
in SYSTEMPATH/Database/MySQLi/Connection.php on line 310.
 1 SYSTEMPATH/Database/BaseConnection.php(910): CodeIgniter\Database\MySQLi\Connection->execute('UPDATE `cafes` SET `menu_version` = 2, `menu_updated_at` = \'2026-04-02 23:39:25\'
WHERE `cafes`.`id` IN (2)')
 2 SYSTEMPATH/Database/BaseConnection.php(827): CodeIgniter\Database\BaseConnection->simpleQuery('UPDATE `cafes` SET `menu_version` = 2, `menu_updated_at` = \'2026-04-02 23:39:25\'
WHERE `cafes`.`id` IN (2)')
 3 SYSTEMPATH/Database/BaseBuilder.php(2521): CodeIgniter\Database\BaseConnection->query('UPDATE `cafes` SET `menu_version` = :menu_version:, `menu_updated_at` = :menu_updated_at:
WHERE `cafes`.`id` IN :cafes.id:', [...], false)
 4 SYSTEMPATH/Model.php(406): CodeIgniter\Database\BaseBuilder->update()
 5 SYSTEMPATH/BaseModel.php(1074): CodeIgniter\Model->doUpdate([...], [...])
 6 SYSTEMPATH/Model.php(709): CodeIgniter\BaseModel->update([...], [...])
 7 APPPATH/Services/CafeService.php(46): CodeIgniter\Model->update(2, [...])
 8 APPPATH/Controllers/CafeSettingsController.php(67): App\Services\CafeService->bumpMenuVersion(2)
 9 SYSTEMPATH/CodeIgniter.php(951): App\Controllers\CafeSettingsController->update()
10 SYSTEMPATH/CodeIgniter.php(497): CodeIgniter\CodeIgniter->runController(Object(App\Controllers\CafeSettingsController))
11 SYSTEMPATH/CodeIgniter.php(340): CodeIgniter\CodeIgniter->handleRequest(null, Object(Config\Cache), false)
12 SYSTEMPATH/Boot.php(417): CodeIgniter\CodeIgniter->run()
13 SYSTEMPATH/Boot.php(68): CodeIgniter\Boot::runCodeIgniter(Object(CodeIgniter\CodeIgniter))
14 FCPATH/index.php(59): CodeIgniter\Boot::bootWeb(Object(Config\Paths))
15 /Applications/Herd.app/Contents/Resources/valet/server.php(167): require('/Users/vosidiy/Desktop/Webapps/cafemenu/public/index.php')
CRITICAL - 2026-04-02 23:39:25 --> [Caused by] mysqli_sql_exception: Unknown column 'menu_version' in 'field list'
in SYSTEMPATH/Database/MySQLi/Connection.php on line 300.
 1 SYSTEMPATH/Database/MySQLi/Connection.php(300): mysqli->query('UPDATE `cafes` SET `menu_version` = 2, `menu_updated_at` = \'2026-04-02 23:39:25\'
WHERE `cafes`.`id` IN (2)', 0)
 2 SYSTEMPATH/Database/BaseConnection.php(910): CodeIgniter\Database\MySQLi\Connection->execute('UPDATE `cafes` SET `menu_version` = 2, `menu_updated_at` = \'2026-04-02 23:39:25\'
WHERE `cafes`.`id` IN (2)')
 3 SYSTEMPATH/Database/BaseConnection.php(827): CodeIgniter\Database\BaseConnection->simpleQuery('UPDATE `cafes` SET `menu_version` = 2, `menu_updated_at` = \'2026-04-02 23:39:25\'
WHERE `cafes`.`id` IN (2)')
 4 SYSTEMPATH/Database/BaseBuilder.php(2521): CodeIgniter\Database\BaseConnection->query('UPDATE `cafes` SET `menu_version` = :menu_version:, `menu_updated_at` = :menu_updated_at:
WHERE `cafes`.`id` IN :cafes.id:', [...], false)
 5 SYSTEMPATH/Model.php(406): CodeIgniter\Database\BaseBuilder->update()
 6 SYSTEMPATH/BaseModel.php(1074): CodeIgniter\Model->doUpdate([...], [...])
 7 SYSTEMPATH/Model.php(709): CodeIgniter\BaseModel->update([...], [...])
 8 APPPATH/Services/CafeService.php(46): CodeIgniter\Model->update(2, [...])
 9 APPPATH/Controllers/CafeSettingsController.php(67): App\Services\CafeService->bumpMenuVersion(2)
10 SYSTEMPATH/CodeIgniter.php(951): App\Controllers\CafeSettingsController->update()
11 SYSTEMPATH/CodeIgniter.php(497): CodeIgniter\CodeIgniter->runController(Object(App\Controllers\CafeSettingsController))
12 SYSTEMPATH/CodeIgniter.php(340): CodeIgniter\CodeIgniter->handleRequest(null, Object(Config\Cache), false)
13 SYSTEMPATH/Boot.php(417): CodeIgniter\CodeIgniter->run()
14 SYSTEMPATH/Boot.php(68): CodeIgniter\Boot::runCodeIgniter(Object(CodeIgniter\CodeIgniter))
15 FCPATH/index.php(59): CodeIgniter\Boot::bootWeb(Object(Config\Paths))
16 /Applications/Herd.app/Contents/Resources/valet/server.php(167): require('/Users/vosidiy/Desktop/Webapps/cafemenu/public/index.php')
CRITICAL - 2026-04-02 23:40:16 --> ErrorException: Undefined array key "menu_version"
[Method: GET, Route: admin/]
in APPPATH/Views/admin/dashboard.php on line 11.
 1 APPPATH/Views/admin/dashboard.php(11): CodeIgniter\Debug\Exceptions->errorHandler(2, 'Undefined array key "menu_version"', '/Users/vosidiy/Desktop/Webapps/cafemenu/app/Views/admin/dashboard.php', 11)
 2 SYSTEMPATH/View/View.php(240): include('/Users/vosidiy/Desktop/Webapps/cafemenu/app/Views/admin/dashboard.php')
 3 SYSTEMPATH/View/View.php(243): CodeIgniter\View\View->{closure:CodeIgniter\View\View::render():237}()
 4 SYSTEMPATH/Common.php(1250): CodeIgniter\View\View->render('admin/dashboard', [], true)
 5 APPPATH/Controllers/AdminController.php(23): view('admin/dashboard', [...])
 6 SYSTEMPATH/CodeIgniter.php(951): App\Controllers\AdminController->index()
 7 SYSTEMPATH/CodeIgniter.php(497): CodeIgniter\CodeIgniter->runController(Object(App\Controllers\AdminController))
 8 SYSTEMPATH/CodeIgniter.php(340): CodeIgniter\CodeIgniter->handleRequest(null, Object(Config\Cache), false)
 9 SYSTEMPATH/Boot.php(417): CodeIgniter\CodeIgniter->run()
10 SYSTEMPATH/Boot.php(68): CodeIgniter\Boot::runCodeIgniter(Object(CodeIgniter\CodeIgniter))
11 FCPATH/index.php(59): CodeIgniter\Boot::bootWeb(Object(Config\Paths))
12 /Applications/Herd.app/Contents/Resources/valet/server.php(167): require('/Users/vosidiy/Desktop/Webapps/cafemenu/public/index.php')
ERROR - 2026-04-02 23:43:27 --> Error connecting to the database: mysqli_sql_exception: Operation not permitted in /Users/vosidiy/Desktop/Webapps/cafemenu/system/Database/MySQLi/Connection.php:201
Stack trace:
#0 /Users/vosidiy/Desktop/Webapps/cafemenu/system/Database/MySQLi/Connection.php(201): mysqli->real_connect('127.0.0.1', 'root', Object(SensitiveParameterValue), 'cafemenu', 3306, '', 0)
#1 /Users/vosidiy/Desktop/Webapps/cafemenu/system/Database/BaseConnection.php(555): CodeIgniter\Database\MySQLi\Connection->connect(false)
#2 /Users/vosidiy/Desktop/Webapps/cafemenu/system/Database/BaseConnection.php(795): CodeIgniter\Database\BaseConnection->initialize()
#3 /Users/vosidiy/Desktop/Webapps/cafemenu/system/Database/BaseConnection.php(1706): CodeIgniter\Database\BaseConnection->query('SHOW TABLES FRO...')
#4 /Users/vosidiy/Desktop/Webapps/cafemenu/system/Commands/Database/ShowTableInfo.php(121): CodeIgniter\Database\BaseConnection->listTables()
#5 /Users/vosidiy/Desktop/Webapps/cafemenu/system/CLI/Commands.php(74): CodeIgniter\Commands\Database\ShowTableInfo->run(Array)
#6 /Users/vosidiy/Desktop/Webapps/cafemenu/system/CLI/Console.php(47): CodeIgniter\CLI\Commands->run('db:table', Array)
#7 /Users/vosidiy/Desktop/Webapps/cafemenu/system/Boot.php(442): CodeIgniter\CLI\Console->run()
#8 /Users/vosidiy/Desktop/Webapps/cafemenu/system/Boot.php(166): CodeIgniter\Boot::runCommand(Object(CodeIgniter\CLI\Console))
#9 /Users/vosidiy/Desktop/Webapps/cafemenu/spark(87): CodeIgniter\Boot::bootSpark(Object(Config\Paths))
#10 {main}

Next CodeIgniter\Database\Exceptions\DatabaseException: Operation not permitted in /Users/vosidiy/Desktop/Webapps/cafemenu/system/Database/MySQLi/Connection.php:231
Stack trace:
#0 /Users/vosidiy/Desktop/Webapps/cafemenu/system/Database/BaseConnection.php(555): CodeIgniter\Database\MySQLi\Connection->connect(false)
#1 /Users/vosidiy/Desktop/Webapps/cafemenu/system/Database/BaseConnection.php(795): CodeIgniter\Database\BaseConnection->initialize()
#2 /Users/vosidiy/Desktop/Webapps/cafemenu/system/Database/BaseConnection.php(1706): CodeIgniter\Database\BaseConnection->query('SHOW TABLES FRO...')
#3 /Users/vosidiy/Desktop/Webapps/cafemenu/system/Commands/Database/ShowTableInfo.php(121): CodeIgniter\Database\BaseConnection->listTables()
#4 /Users/vosidiy/Desktop/Webapps/cafemenu/system/CLI/Commands.php(74): CodeIgniter\Commands\Database\ShowTableInfo->run(Array)
#5 /Users/vosidiy/Desktop/Webapps/cafemenu/system/CLI/Console.php(47): CodeIgniter\CLI\Commands->run('db:table', Array)
#6 /Users/vosidiy/Desktop/Webapps/cafemenu/system/Boot.php(442): CodeIgniter\CLI\Console->run()
#7 /Users/vosidiy/Desktop/Webapps/cafemenu/system/Boot.php(166): CodeIgniter\Boot::runCommand(Object(CodeIgniter\CLI\Console))
#8 /Users/vosidiy/Desktop/Webapps/cafemenu/spark(87): CodeIgniter\Boot::bootSpark(Object(Config\Paths))
#9 {main}
ERROR - 2026-04-02 23:43:27 --> Error connecting to the database: mysqli_sql_exception: Operation not permitted in /Users/vosidiy/Desktop/Webapps/cafemenu/system/Database/MySQLi/Connection.php:201
Stack trace:
#0 /Users/vosidiy/Desktop/Webapps/cafemenu/system/Database/MySQLi/Connection.php(201): mysqli->real_connect('127.0.0.1', 'root', Object(SensitiveParameterValue), 'cafemenu', 3306, '', 0)
#1 /Users/vosidiy/Desktop/Webapps/cafemenu/system/Database/BaseConnection.php(555): CodeIgniter\Database\MySQLi\Connection->connect(false)
#2 /Users/vosidiy/Desktop/Webapps/cafemenu/system/Database/BaseConnection.php(795): CodeIgniter\Database\BaseConnection->initialize()
#3 /Users/vosidiy/Desktop/Webapps/cafemenu/system/Database/BaseConnection.php(1706): CodeIgniter\Database\BaseConnection->query('SHOW TABLES FRO...')
#4 /Users/vosidiy/Desktop/Webapps/cafemenu/system/Commands/Database/ShowTableInfo.php(121): CodeIgniter\Database\BaseConnection->listTables()
#5 /Users/vosidiy/Desktop/Webapps/cafemenu/system/CLI/Commands.php(74): CodeIgniter\Commands\Database\ShowTableInfo->run(Array)
#6 /Users/vosidiy/Desktop/Webapps/cafemenu/system/CLI/Console.php(47): CodeIgniter\CLI\Commands->run('db:table', Array)
#7 /Users/vosidiy/Desktop/Webapps/cafemenu/system/Boot.php(442): CodeIgniter\CLI\Console->run()
#8 /Users/vosidiy/Desktop/Webapps/cafemenu/system/Boot.php(166): CodeIgniter\Boot::runCommand(Object(CodeIgniter\CLI\Console))
#9 /Users/vosidiy/Desktop/Webapps/cafemenu/spark(87): CodeIgniter\Boot::bootSpark(Object(Config\Paths))
#10 {main}

Next CodeIgniter\Database\Exceptions\DatabaseException: Operation not permitted in /Users/vosidiy/Desktop/Webapps/cafemenu/system/Database/MySQLi/Connection.php:231
Stack trace:
#0 /Users/vosidiy/Desktop/Webapps/cafemenu/system/Database/BaseConnection.php(555): CodeIgniter\Database\MySQLi\Connection->connect(false)
#1 /Users/vosidiy/Desktop/Webapps/cafemenu/system/Database/BaseConnection.php(795): CodeIgniter\Database\BaseConnection->initialize()
#2 /Users/vosidiy/Desktop/Webapps/cafemenu/system/Database/BaseConnection.php(1706): CodeIgniter\Database\BaseConnection->query('SHOW TABLES FRO...')
#3 /Users/vosidiy/Desktop/Webapps/cafemenu/system/Commands/Database/ShowTableInfo.php(121): CodeIgniter\Database\BaseConnection->listTables()
#4 /Users/vosidiy/Desktop/Webapps/cafemenu/system/CLI/Commands.php(74): CodeIgniter\Commands\Database\ShowTableInfo->run(Array)
#5 /Users/vosidiy/Desktop/Webapps/cafemenu/system/CLI/Console.php(47): CodeIgniter\CLI\Commands->run('db:table', Array)
#6 /Users/vosidiy/Desktop/Webapps/cafemenu/system/Boot.php(442): CodeIgniter\CLI\Console->run()
#7 /Users/vosidiy/Desktop/Webapps/cafemenu/system/Boot.php(166): CodeIgniter\Boot::runCommand(Object(CodeIgniter\CLI\Console))
#8 /Users/vosidiy/Desktop/Webapps/cafemenu/spark(87): CodeIgniter\Boot::bootSpark(Object(Config\Paths))
#9 {main}
CRITICAL - 2026-04-02 23:43:27 --> CodeIgniter\Database\Exceptions\DatabaseException: Unable to connect to the database.
Main connection [MySQLi]: Operation not permitted
[Method: CLI, Route: db:table/categories]
in SYSTEMPATH/Database/BaseConnection.php on line 606.
 1 SYSTEMPATH/Database/BaseConnection.php(795): CodeIgniter\Database\BaseConnection->initialize()
 2 SYSTEMPATH/Database/BaseConnection.php(1706): CodeIgniter\Database\BaseConnection->query('SHOW TABLES FROM `cafemenu`')
 3 SYSTEMPATH/Commands/Database/ShowTableInfo.php(121): CodeIgniter\Database\BaseConnection->listTables()
 4 SYSTEMPATH/CLI/Commands.php(74): CodeIgniter\Commands\Database\ShowTableInfo->run([...])
 5 SYSTEMPATH/CLI/Console.php(47): CodeIgniter\CLI\Commands->run('db:table', [...])
 6 SYSTEMPATH/Boot.php(442): CodeIgniter\CLI\Console->run()
 7 SYSTEMPATH/Boot.php(166): CodeIgniter\Boot::runCommand(Object(CodeIgniter\CLI\Console))
 8 ROOTPATH/spark(87): CodeIgniter\Boot::bootSpark(Object(Config\Paths))
CRITICAL - 2026-04-02 23:43:27 --> CodeIgniter\Database\Exceptions\DatabaseException: Unable to connect to the database.
Main connection [MySQLi]: Operation not permitted
[Method: CLI, Route: db:table/cafes]
in SYSTEMPATH/Database/BaseConnection.php on line 606.
 1 SYSTEMPATH/Database/BaseConnection.php(795): CodeIgniter\Database\BaseConnection->initialize()
 2 SYSTEMPATH/Database/BaseConnection.php(1706): CodeIgniter\Database\BaseConnection->query('SHOW TABLES FROM `cafemenu`')
 3 SYSTEMPATH/Commands/Database/ShowTableInfo.php(121): CodeIgniter\Database\BaseConnection->listTables()
 4 SYSTEMPATH/CLI/Commands.php(74): CodeIgniter\Commands\Database\ShowTableInfo->run([...])
 5 SYSTEMPATH/CLI/Console.php(47): CodeIgniter\CLI\Commands->run('db:table', [...])
 6 SYSTEMPATH/Boot.php(442): CodeIgniter\CLI\Console->run()
 7 SYSTEMPATH/Boot.php(166): CodeIgniter\Boot::runCommand(Object(CodeIgniter\CLI\Console))
 8 ROOTPATH/spark(87): CodeIgniter\Boot::bootSpark(Object(Config\Paths))
ERROR - 2026-04-02 23:43:27 --> Error connecting to the database: mysqli_sql_exception: Operation not permitted in /Users/vosidiy/Desktop/Webapps/cafemenu/system/Database/MySQLi/Connection.php:201
Stack trace:
#0 /Users/vosidiy/Desktop/Webapps/cafemenu/system/Database/MySQLi/Connection.php(201): mysqli->real_connect('127.0.0.1', 'root', Object(SensitiveParameterValue), 'cafemenu', 3306, '', 0)
#1 /Users/vosidiy/Desktop/Webapps/cafemenu/system/Database/BaseConnection.php(555): CodeIgniter\Database\MySQLi\Connection->connect(false)
#2 /Users/vosidiy/Desktop/Webapps/cafemenu/system/Database/BaseConnection.php(795): CodeIgniter\Database\BaseConnection->initialize()
#3 /Users/vosidiy/Desktop/Webapps/cafemenu/system/Database/BaseConnection.php(1706): CodeIgniter\Database\BaseConnection->query('SHOW TABLES FRO...')
#4 /Users/vosidiy/Desktop/Webapps/cafemenu/system/Commands/Database/ShowTableInfo.php(121): CodeIgniter\Database\BaseConnection->listTables()
#5 /Users/vosidiy/Desktop/Webapps/cafemenu/system/CLI/Commands.php(74): CodeIgniter\Commands\Database\ShowTableInfo->run(Array)
#6 /Users/vosidiy/Desktop/Webapps/cafemenu/system/CLI/Console.php(47): CodeIgniter\CLI\Commands->run('db:table', Array)
#7 /Users/vosidiy/Desktop/Webapps/cafemenu/system/Boot.php(442): CodeIgniter\CLI\Console->run()
#8 /Users/vosidiy/Desktop/Webapps/cafemenu/system/Boot.php(166): CodeIgniter\Boot::runCommand(Object(CodeIgniter\CLI\Console))
#9 /Users/vosidiy/Desktop/Webapps/cafemenu/spark(87): CodeIgniter\Boot::bootSpark(Object(Config\Paths))
#10 {main}

Next CodeIgniter\Database\Exceptions\DatabaseException: Operation not permitted in /Users/vosidiy/Desktop/Webapps/cafemenu/system/Database/MySQLi/Connection.php:231
Stack trace:
#0 /Users/vosidiy/Desktop/Webapps/cafemenu/system/Database/BaseConnection.php(555): CodeIgniter\Database\MySQLi\Connection->connect(false)
#1 /Users/vosidiy/Desktop/Webapps/cafemenu/system/Database/BaseConnection.php(795): CodeIgniter\Database\BaseConnection->initialize()
#2 /Users/vosidiy/Desktop/Webapps/cafemenu/system/Database/BaseConnection.php(1706): CodeIgniter\Database\BaseConnection->query('SHOW TABLES FRO...')
#3 /Users/vosidiy/Desktop/Webapps/cafemenu/system/Commands/Database/ShowTableInfo.php(121): CodeIgniter\Database\BaseConnection->listTables()
#4 /Users/vosidiy/Desktop/Webapps/cafemenu/system/CLI/Commands.php(74): CodeIgniter\Commands\Database\ShowTableInfo->run(Array)
#5 /Users/vosidiy/Desktop/Webapps/cafemenu/system/CLI/Console.php(47): CodeIgniter\CLI\Commands->run('db:table', Array)
#6 /Users/vosidiy/Desktop/Webapps/cafemenu/system/Boot.php(442): CodeIgniter\CLI\Console->run()
#7 /Users/vosidiy/Desktop/Webapps/cafemenu/system/Boot.php(166): CodeIgniter\Boot::runCommand(Object(CodeIgniter\CLI\Console))
#8 /Users/vosidiy/Desktop/Webapps/cafemenu/spark(87): CodeIgniter\Boot::bootSpark(Object(Config\Paths))
#9 {main}
CRITICAL - 2026-04-02 23:43:27 --> CodeIgniter\Database\Exceptions\DatabaseException: Unable to connect to the database.
Main connection [MySQLi]: Operation not permitted
[Method: CLI, Route: db:table/menu_items]
in SYSTEMPATH/Database/BaseConnection.php on line 606.
 1 SYSTEMPATH/Database/BaseConnection.php(795): CodeIgniter\Database\BaseConnection->initialize()
 2 SYSTEMPATH/Database/BaseConnection.php(1706): CodeIgniter\Database\BaseConnection->query('SHOW TABLES FROM `cafemenu`')
 3 SYSTEMPATH/Commands/Database/ShowTableInfo.php(121): CodeIgniter\Database\BaseConnection->listTables()
 4 SYSTEMPATH/CLI/Commands.php(74): CodeIgniter\Commands\Database\ShowTableInfo->run([...])
 5 SYSTEMPATH/CLI/Console.php(47): CodeIgniter\CLI\Commands->run('db:table', [...])
 6 SYSTEMPATH/Boot.php(442): CodeIgniter\CLI\Console->run()
 7 SYSTEMPATH/Boot.php(166): CodeIgniter\Boot::runCommand(Object(CodeIgniter\CLI\Console))
 8 ROOTPATH/spark(87): CodeIgniter\Boot::bootSpark(Object(Config\Paths))
